L 12/13/1999 - 23:07:49: Log file started.
L 12/13/1999 - 23:07:49: Spawning server "2fort"
L 12/13/1999 - 23:07:49: server cvars start
L 12/13/1999 - 23:07:49: "cr_random" = "0"
L 12/13/1999 - 23:07:49: "cr_engineer" = "0"
L 12/13/1999 - 23:07:49: "cr_spy" = "0"
L 12/13/1999 - 23:07:49: "cr_pyro" = "0"
L 12/13/1999 - 23:07:49: "cr_hwguy" = "0"
L 12/13/1999 - 23:07:49: "cr_medic" = "0"
L 12/13/1999 - 23:07:49: "cr_demoman" = "0"
L 12/13/1999 - 23:07:49: "cr_soldier" = "0"
L 12/13/1999 - 23:07:49: "cr_sniper" = "0"
L 12/13/1999 - 23:07:49: "cr_scout" = "0"
L 12/13/1999 - 23:07:49: "decalfrequency" = "30"
L 12/13/1999 - 23:07:49: "mp_autocrosshair" = "1"
L 12/13/1999 - 23:07:49: "mp_flashlight" = "1"
L 12/13/1999 - 23:07:49: "mp_footsteps" = "0"
L 12/13/1999 - 23:07:49: "mp_forcerespawn" = "0"
L 12/13/1999 - 23:07:49: "mp_weaponstay" = "0"
L 12/13/1999 - 23:07:49: "mp_falldamage" = "1"
L 12/13/1999 - 23:07:49: "mp_friendlyfire" = "1"
L 12/13/1999 - 23:07:49: "mp_timelimit" = "30"
L 12/13/1999 - 23:07:49: "mp_fraglimit" = "0"
L 12/13/1999 - 23:07:49: "mp_teamplay" = "21"
L 12/13/1999 - 23:07:49: "tfc_balance_scores" = "1.0"
L 12/13/1999 - 23:07:49: "tfc_balance_teams" = "1.0"
L 12/13/1999 - 23:07:49: "tfc_adminpwd" = ""
L 12/13/1999 - 23:07:49: "tfc_clanbattle_locked" = "0.0"
L 12/13/1999 - 23:07:49: "tfc_clanbattle" = "0.0"
L 12/13/1999 - 23:07:49: "tfc_respawndelay" = "0.0"
L 12/13/1999 - 23:07:49: "tfc_autoteam" = "0"
L 12/13/1999 - 23:07:49: "sv_maxrate" = "5000"
L 12/13/1999 - 23:07:49: "sv_minrate" = "0"
L 12/13/1999 - 23:07:49: "sv_allowupload" = "1"
L 12/13/1999 - 23:07:49: "sv_allowdownload" = "1"
L 12/13/1999 - 23:07:49: "sv_upload_maxsize" = "4096"
L 12/13/1999 - 23:07:49: "sv_spectatormaxspeed" = "500"
L 12/13/1999 - 23:07:49: "sv_spectalk" = "1"
L 12/13/1999 - 23:07:49: "sv_maxspectators" = "8"
L 12/13/1999 - 23:07:49: "sv_cheats" = "0"
L 12/13/1999 - 23:07:49: "sv_clienttrace" = "3.5"
L 12/13/1999 - 23:07:49: "sv_timeout" = "65"
L 12/13/1999 - 23:07:49: "sv_waterfriction" = "1"
L 12/13/1999 - 23:07:49: "sv_wateraccelerate" = "10"
L 12/13/1999 - 23:07:49: "sv_airaccelerate" = "10"
L 12/13/1999 - 23:07:49: "sv_airmove" = "1"
L 12/13/1999 - 23:07:49: "sv_bounce" = "1"
L 12/13/1999 - 23:07:49: "sv_clipmode" = "0"
L 12/13/1999 - 23:07:49: "sv_stepsize" = "18"
L 12/13/1999 - 23:07:49: "sv_accelerate" = "10"
L 12/13/1999 - 23:07:49: "sv_maxspeed" = "500.000000"
L 12/13/1999 - 23:07:49: "sv_stopspeed" = "100"
L 12/13/1999 - 23:07:49: "edgefriction" = "2"
L 12/13/1999 - 23:07:49: "sv_friction" = "6"
L 12/13/1999 - 23:07:49: "sv_gravity" = "800"
L 12/13/1999 - 23:07:49: "sv_aim" = "0"
L 12/13/1999 - 23:07:49: "sv_password" = ""
L 12/13/1999 - 23:07:49: "pausable" = "0"
L 12/13/1999 - 23:07:49: "coop" = "0"
L 12/13/1999 - 23:07:49: "deathmatch" = "3"
L 12/13/1999 - 23:07:49: "mp_logecho" = "1"
L 12/13/1999 - 23:07:49: "mp_logfile" = "0"
L 12/13/1999 - 23:07:49: "cmdline" = "0"
L 12/13/1999 - 23:07:49: server cvars end
L 12/13/1999 - 23:07:50: Map CRC "-652696221"
L 12/13/1999 - 23:07:50: "sv_maxspeed" = "270"
L 12/13/1999 - 23:07:50: Server name is "WP TFC Server 2"
L 12/13/1999 - 23:07:50: "sv_maxspeed" = "500.000000"
L 12/13/1999 - 23:08:03: "sly<332><WON:10880859>" has entered the game
L 12/13/1999 - 23:08:03: "[SNiF]NozeHED<333><WON:52899>" has entered the game
L 12/13/1999 - 23:08:04: "[WHC]3K<335><WON:10732939>" has entered the game
L 12/13/1999 - 23:08:05: "[TC]CARNAGE<328><WON:11210499>" has entered the game
L 12/13/1999 - 23:08:05: "Racer<329><WON:10833299>" has entered the game
L 12/13/1999 - 23:08:06: "[SNiF]NozeHED<333>" joined team "1".
L 12/13/1999 - 23:08:07: "[SNiF]NozeHED<333>" changed class to "Demoman"
L 12/13/1999 - 23:08:07: "[SNiF]NozeHED<333>" activated the goal "info_player_teamspawn"
L 12/13/1999 - 23:08:07: "Thanatos<317><WON:45249>" has entered the game
L 12/13/1999 - 23:08:07: "sly<332>" joined team "1".
L 12/13/1999 - 23:08:09: "sly<332>" changed class to "Sniper"
L 12/13/1999 - 23:08:09: "sly<332>" activated the goal "info_player_teamspawn"
L 12/13/1999 - 23:08:10: "[TC]CARNAGE<328>" joined team "1".
L 12/13/1999 - 23:08:10: "Racer<329>" joined team "2".
L 12/13/1999 - 23:08:10: "Racer<329>" changed class to "Soldier"
L 12/13/1999 - 23:08:10: "Racer<329>" activated the goal "info_player_teamspawn"
L 12/13/1999 - 23:08:12: "[TC]CARNAGE<328>" changed class to "Engineer"
L 12/13/1999 - 23:08:12: "[TC]CARNAGE<328>" activated the goal "info_player_teamspawn"
L 12/13/1999 - 23:08:22: "Drarken<318><WON:10805219>" has entered the game
L 12/13/1999 - 23:08:25: "[WHC]3K<335>" say "ahh another new lev"
L 12/13/1999 - 23:08:29: "[TSS]Alert<326><WON:11241119>" has entered the game
L 12/13/1999 - 23:08:31: "Drarken<318>" joined team "2".
L 12/13/1999 - 23:08:32: "[WHC]3K<335>" say "haven't played this one before"
L 12/13/1999 - 23:08:32: "Drarken<318>" changed class to "Soldier"
L 12/13/1999 - 23:08:32: "Drarken<318>" activated the goal "info_player_teamspawn"
L 12/13/1999 - 23:08:33: "Racer<329>" killed self with "rocket"
L 12/13/1999 - 23:08:34: "Racer<329>" activated the goal "info_player_teamspawn"
L 12/13/1999 - 23:08:35: "Drarken<318>" killed self with "rocket"
L 12/13/1999 - 23:08:36: "Drarken<318>" activated the goal "info_player_teamspawn"
L 12/13/1999 - 23:08:36: "[WHC]3K<335>" say "hehe"
L 12/13/1999 - 23:08:39: "Drarken<318>" killed self with "rocket"
L 12/13/1999 - 23:08:40: "Drarken<318>" activated the goal "info_player_teamspawn"
L 12/13/1999 - 23:08:42: "[TSS]Alert<326>" joined team "1".
L 12/13/1999 - 23:08:43: "Drarken<318>" killed self with "rocket"
L 12/13/1999 - 23:08:44: "Drarken<318>" activated the goal "info_player_teamspawn"
L 12/13/1999 - 23:08:47: "Drarken<318>" killed self with "rocket"
L 12/13/1999 - 23:08:48: "[WHC]3K<335>" joined team "1".
L 12/13/1999 - 23:08:48: "Drarken<318>" activated the goal "info_player_teamspawn"
L 12/13/1999 - 23:08:51: "Thanatos<317>" say "yeah this is a new one"
L 12/13/1999 - 23:08:52: "Drarken<318>" killed self with "rocket"
L 12/13/1999 - 23:08:53: "Drarken<318>" activated the goal "info_player_teamspawn"
L 12/13/1999 - 23:08:56: "[TC]CARNAGE<328>" built a "sentry".
L 12/13/1999 - 23:08:56: "[WHC]3K<335>" changed class to "Soldier"
L 12/13/1999 - 23:08:56: "[WHC]3K<335>" activated the goal "info_player_teamspawn"
L 12/13/1999 - 23:08:57: "Drarken<318>" killed self with "rocket"
L 12/13/1999 - 23:08:57: "Thanatos<317>" say "its called 2fort"
L 12/13/1999 - 23:08:59: "Drarken<318>" activated the goal "info_player_teamspawn"
L 12/13/1999 - 23:09:00: "[WHC]3K<335>" changed to team "2".
L 12/13/1999 - 23:09:00: "[WHC]3K<335>" killed self with "world"
L 12/13/1999 - 23:09:01: "Drarken<318>" killed self with "rocket"
L 12/13/1999 - 23:09:01: "[R_C]NextWish<334><WON:10680129>" has entered the game
L 12/13/1999 - 23:09:03: "[WHC]3K<335>" say "cool"
L 12/13/1999 - 23:09:03: "Drarken<318>" activated the goal "info_player_teamspawn"
L 12/13/1999 - 23:09:05: "Drarken<318>" killed self with "rocket"
L 12/13/1999 - 23:09:06: "[WHC]3K<335>" activated the goal "info_player_teamspawn"
L 12/13/1999 - 23:09:06: "Drarken<318>" activated the goal "info_player_teamspawn"
L 12/13/1999 - 23:09:07: "[WHC]3K<335>" changed class to "Soldier"
L 12/13/1999 - 23:09:07: "[WHC]3K<335>" activated the goal "info_player_teamspawn"
L 12/13/1999 - 23:09:09: "Drarken<318>" killed self with "rocket"
L 12/13/1999 - 23:09:11: "Drarken<318>" activated the goal "info_player_teamspawn"
L 12/13/1999 - 23:09:14: "Drarken<318>" killed self with "rocket"
L 12/13/1999 - 23:09:14: "Thanatos<317>" say "see, whats really different about this map...."
L 12/13/1999 - 23:09:15: "Drarken<318>" activated the goal "info_player_teamspawn"
L 12/13/1999 - 23:09:17: "Drarken<318>" killed self with "rocket"
L 12/13/1999 - 23:09:18: "Drarken<318>" activated the goal "info_player_teamspawn"
L 12/13/1999 - 23:09:20: "[SNiF]NozeHED<333>" killed "Racer<329>" with "gl_grenade"
L 12/13/1999 - 23:09:21: "Drarken<318>" killed self with "rocket"
L 12/13/1999 - 23:09:22: "Drarken<318>" activated the goal "info_player_teamspawn"
L 12/13/1999 - 23:09:22: "Racer<329>" activated the goal "info_player_teamspawn"
L 12/13/1999 - 23:09:25: "[R_C]NextWish<334>" say "nothing"
L 12/13/1999 - 23:09:27: "Thanatos<317>" say "is you gotta get this flag thing, and then take it to your base and cap it"
L 12/13/1999 - 23:09:33: "Drarken<318>" killed self with "rocket"
L 12/13/1999 - 23:09:34: "[WHC]3K<335>" changed class to "Sniper"
L 12/13/1999 - 23:09:34: "Drarken<318>" activated the goal "info_player_teamspawn"
L 12/13/1999 - 23:09:37: "Drarken<318>" killed self with "rocket"
L 12/13/1999 - 23:09:38: "Drarken<318>" activated the goal "info_player_teamspawn"
L 12/13/1999 - 23:09:41: "Drarken<318>" killed self with "rocket"
L 12/13/1999 - 23:09:41: "Drarken<318>" activated the goal "info_player_teamspawn"
L 12/13/1999 - 23:09:44: "Drarken<318>" killed self with "rocket"
L 12/13/1999 - 23:09:46: "Drarken<318>" activated the goal "info_player_teamspawn"
L 12/13/1999 - 23:09:48: "Drarken<318>" killed self with "rocket"
L 12/13/1999 - 23:09:49: "Thanatos<317>" say "its really quite an original style"
L 12/13/1999 - 23:09:50: "Drarken<318>" activated the goal "info_player_teamspawn"
L 12/13/1999 - 23:09:52: "[TSS]Alert<326>" changed class to "Soldier"
L 12/13/1999 - 23:09:52: "[TSS]Alert<326>" activated the goal "info_player_teamspawn"
L 12/13/1999 - 23:09:52: "Drarken<318>" killed self with "rocket"
L 12/13/1999 - 23:09:54: "Drarken<318>" activated the goal "info_player_teamspawn"
L 12/13/1999 - 23:09:54: "[R_C]NextWish<334>" say "hehe"
L 12/13/1999 - 23:09:56: "Drarken<318>" killed self with "rocket"
L 12/13/1999 - 23:09:57: "[WHC]3K<335>" killed "sly<332>" with "rocket"
L 12/13/1999 - 23:09:57: "Drarken<318>" activated the goal "info_player_teamspawn"
L 12/13/1999 - 23:09:58: "sly<332>" activated the goal "info_player_teamspawn"
L 12/13/1999 - 23:09:59: "Thanatos<317>" say "I think its called Capture The Flag"
L 12/13/1999 - 23:10:00: "Drarken<318>" killed self with "rocket"
L 12/13/1999 - 23:10:01: "Drarken<318>" activated the goal "info_player_teamspawn"
L 12/13/1999 - 23:10:03: "Drarken<318>" killed self with "rocket"
L 12/13/1999 - 23:10:05: "Drarken<318>" activated the goal "info_player_teamspawn"
L 12/13/1999 - 23:10:05: "[SNiF]NozeHED<333>" killed "Racer<329>" with "mirvgrenade"
L 12/13/1999 - 23:10:07: "Racer<329>" activated the goal "info_player_teamspawn"
L 12/13/1999 - 23:10:08: "Drarken<318>" killed self with "rocket"
L 12/13/1999 - 23:10:09: "[WHC]3K<335>" say "hey whats all that about"
L 12/13/1999 - 23:10:11: "[R_C]NextWish<334>" say "do u know how many pure CTF players originally thought"
L 12/13/1999 - 23:10:12: "[WHC]3K<335>" killed "[TSS]Alert<326>" with "rocket"
L 12/13/1999 - 23:10:12: "[WHC]3K<335>" killed self with "rocket"
L 12/13/1999 - 23:10:14: "[TSS]Alert<326>" activated the goal "info_player_teamspawn"
L 12/13/1999 - 23:10:14: "[WHC]3K<335>" activated the goal "info_player_teamspawn"
L 12/13/1999 - 23:10:17: "[R_C]NextWish<334>" say "TF was made to MOCK CTF?"
L 12/13/1999 - 23:10:23: "[R_C]NextWish<334>" say "quite alot :)"
L 12/13/1999 - 23:10:26: "Drarken<318>" say "u bastard engineers arnt gettin me"
L 12/13/1999 - 23:10:27: "Drarken<318>" activated the goal "info_player_teamspawn"
L 12/13/1999 - 23:10:33: "Drarken<318>" killed self with "rocket"
L 12/13/1999 - 23:10:35: "Drarken<318>" activated the goal "info_player_teamspawn"
L 12/13/1999 - 23:10:37: "Drarken<318>" killed self with "rocket"
L 12/13/1999 - 23:10:37: "[R_C]NextWish<334>" say "hey thanatos.."
L 12/13/1999 - 23:10:38: "Drarken<318>" activated the goal "info_player_teamspawn"
L 12/13/1999 - 23:10:39: "[TC]CARNAGE<328>" activated the goal "Red Flag"
L 12/13/1999 - 23:10:43: "Drarken<318>" killed self with "rocket"
L 12/13/1999 - 23:10:43: "[R_C]NextWish<334>" say "u want to bet?"
L 12/13/1999 - 23:10:43: "Drarken<318>" activated the goal "info_player_teamspawn"
L 12/13/1999 - 23:10:47: "Drarken<318>" killed self with "rocket"
L 12/13/1999 - 23:10:47: "[SNiF]NozeHED<333>" killed "Racer<329>" with "mirvgrenade"
L 12/13/1999 - 23:10:48: "Drarken<318>" activated the goal "info_player_teamspawn"
L 12/13/1999 - 23:10:50: "Thanatos<317>" say "on what?"
L 12/13/1999 - 23:10:51: "Drarken<318>" killed self with "rocket"
L 12/13/1999 - 23:10:51: "[WHC]3K<335>" killed "sly<332>" with "sniperrifle"
L 12/13/1999 - 23:10:51: "Racer<329>" activated the goal "info_player_teamspawn"
L 12/13/1999 - 23:10:53: "Drarken<318>" activated the goal "info_player_teamspawn"
L 12/13/1999 - 23:10:54: "sly<332>" activated the goal "info_player_teamspawn"
L 12/13/1999 - 23:10:55: "Drarken<318>" killed self with "rocket"
L 12/13/1999 - 23:10:56: "Drarken<318>" activated the goal "info_player_teamspawn"
L 12/13/1999 - 23:11:03: "[TC]CARNAGE<328>" killed "[WHC]3K<335>" with "empgrenade"
L 12/13/1999 - 23:11:05: "[WHC]3K<335>" activated the goal "info_player_teamspawn"
L 12/13/1999 - 23:11:07: "Drarken<318>" killed self with "rocket"
L 12/13/1999 - 23:11:08: "Drarken<318>" activated the goal "info_player_teamspawn"
L 12/13/1999 - 23:11:12: "[R_C]NextWish<334>" say "who ever can get to the FURTHEST flag room"
L 12/13/1999 - 23:11:15: "[R_C]NextWish<334>" say "and spray a logo"
L 12/13/1999 - 23:11:17: "[R_C]NextWish<334>" say "first wins"
L 12/13/1999 - 23:11:20: "Player<339><WON:11473829>" connected, address "24.192.12.206:27005"
L 12/13/1999 - 23:11:21: "Racer<329>" killed self with "rocket"
L 12/13/1999 - 23:11:23: "Racer<329>" activated the goal "info_player_teamspawn"
L 12/13/1999 - 23:11:24: "Drarken<318>" killed self with "rocket"
L 12/13/1999 - 23:11:26: "Drarken<318>" activated the goal "info_player_teamspawn"
L 12/13/1999 - 23:11:31: "[TC]CARNAGE<328>" activated the goal "Team 1 dropoff"
L 12/13/1999 - 23:11:35: "[R_C]NextWish<334>" say "walking through walls is allowed"
L 12/13/1999 - 23:11:43: "Drarken<318>" killed self with "rocket"
L 12/13/1999 - 23:11:45: "Drarken<318>" activated the goal "info_player_teamspawn"
L 12/13/1999 - 23:11:46: "Ombok<339><WON:11473829>" has entered the game
L 12/13/1999 - 23:11:49: "[TC]CARNAGE<328>" killed "Racer<329>" with "sentrygun"
L 12/13/1999 - 23:11:49: "Racer<329>" killed "[TC]CARNAGE<328>" with "rocket"
L 12/13/1999 - 23:11:50: "[TC]CARNAGE<328>" activated the goal "info_player_teamspawn"
L 12/13/1999 - 23:11:50: "Racer<329>" activated the goal "info_player_teamspawn"
L 12/13/1999 - 23:11:52: "Ombok<339>" joined team "2".
L 12/13/1999 - 23:11:53: "Thanatos<317>" say "not enough time in the map, trust me I have tried"
L 12/13/1999 - 23:11:54: "[R_C]NextWish<334>" say "where are u thana?"
L 12/13/1999 - 23:11:56: "Ombok<339>" changed class to "Soldier"
L 12/13/1999 - 23:11:56: "Ombok<339>" activated the goal "info_player_teamspawn"
L 12/13/1999 - 23:11:59: "Drarken<318>" killed self with "rocket"
L 12/13/1999 - 23:12:00: "Drarken<318>" activated the goal "info_player_teamspawn"
L 12/13/1999 - 23:12:00: "[WHC]3K<335>" killed "sly<332>" with "sniperrifle"
L 12/13/1999 - 23:12:03: "sly<332>" activated the goal "info_player_teamspawn"
L 12/13/1999 - 23:12:04: "[TSS]Alert<326>" killed self with "rocket"
L 12/13/1999 - 23:12:06: "[R_C]NextWish<334>" say "can u see my logo?"
L 12/13/1999 - 23:12:06: "[TSS]Alert<326>" activated the goal "info_player_teamspawn"
L 12/13/1999 - 23:12:10: "[TC]CARNAGE<328>" killed "[WHC]3K<335>" with "empgrenade"
L 12/13/1999 - 23:12:12: "[WHC]3K<335>" activated the goal "info_player_teamspawn"
L 12/13/1999 - 23:12:16: "[TC]CARNAGE<328>" killed "Drarken<318>" with "empgrenade"
L 12/13/1999 - 23:12:18: "Drarken<318>" activated the goal "info_player_teamspawn"
L 12/13/1999 - 23:12:21: "Drarken<318>" killed self with "rocket"
L 12/13/1999 - 23:12:22: "Drarken<318>" activated the goal "info_player_teamspawn"
L 12/13/1999 - 23:12:23: "[R_C]NextWish<334>" say "hhehe"
L 12/13/1999 - 23:12:25: "Drarken<318>" killed self with "rocket"
L 12/13/1999 - 23:12:25: "[R_C]NextWish<334>" say "hi thana"
L 12/13/1999 - 23:12:25: "[TC]CARNAGE<328>" say "got ya"
L 12/13/1999 - 23:12:27: "Drarken<318>" activated the goal "info_player_teamspawn"
L 12/13/1999 - 23:12:28: "[R_C]NextWish<334>" say "yer above me"
L 12/13/1999 - 23:12:29: "Drarken<318>" killed self with "rocket"
L 12/13/1999 - 23:12:30: "Drarken<318>" activated the goal "info_player_teamspawn"
L 12/13/1999 - 23:12:30: "[WHC]3K<335>" killed "sly<332>" with "sniperrifle"
L 12/13/1999 - 23:12:32: "sly<332>" activated the goal "info_player_teamspawn"
L 12/13/1999 - 23:12:34: "Drarken<318>" killed self with "rocket"
L 12/13/1999 - 23:12:35: "Drarken<318>" activated the goal "info_player_teamspawn"
L 12/13/1999 - 23:12:36: "[TC]CARNAGE<328>" killed "Ombok<339>" with "supershotgun"
L 12/13/1999 - 23:12:37: "Ombok<339>" activated the goal "info_player_teamspawn"
L 12/13/1999 - 23:12:38: "Drarken<318>" killed self with "rocket"
L 12/13/1999 - 23:12:39: "Drarken<318>" activated the goal "info_player_teamspawn"
L 12/13/1999 - 23:12:41: "Drarken<318>" killed self with "rocket"
L 12/13/1999 - 23:12:42: "Drarken<318>" activated the goal "info_player_teamspawn"
L 12/13/1999 - 23:12:45: "Drarken<318>" killed self with "rocket"
L 12/13/1999 - 23:12:46: "[SNiF]NozeHED<333>" killed "Racer<329>" with "mirvgrenade"
L 12/13/1999 - 23:12:47: "Drarken<318>" activated the goal "info_player_teamspawn"
L 12/13/1999 - 23:12:49: "Racer<329>" activated the goal "info_player_teamspawn"
L 12/13/1999 - 23:12:49: "Drarken<318>" killed self with "rocket"
L 12/13/1999 - 23:12:51: "Drarken<318>" activated the goal "info_player_teamspawn"
L 12/13/1999 - 23:12:55: "[R_C]NextWish<334>" say "hehe"
L 12/13/1999 - 23:12:57: "Drarken<318>" killed self with "rocket"
L 12/13/1999 - 23:12:58: "Drarken<318>" activated the goal "info_player_teamspawn"
L 12/13/1999 - 23:13:01: "Drarken<318>" killed self with "rocket"
L 12/13/1999 - 23:13:02: "Drarken<318>" activated the goal "info_player_teamspawn"
L 12/13/1999 - 23:13:03: "[R_C]NextWish<334>" say "mp decalfreq 0"
L 12/13/1999 - 23:13:07: "Ombok<339>" killed "sly<332>" with "rocket"
L 12/13/1999 - 23:13:08: "[TSS]Alert<326>" activated the goal "Red Flag"
L 12/13/1999 - 23:13:10: "[R_C]NextWish<334>" say "and the observers spray paint"
L 12/13/1999 - 23:13:11: "[TC]CARNAGE<328>" killed "Racer<329>" with "sentrygun"
L 12/13/1999 - 23:13:11: "[R_C]NextWish<334>" say ":)"
L 12/13/1999 - 23:13:12: "sly<332>" activated the goal "info_player_teamspawn"
L 12/13/1999 - 23:13:14: "Thanatos<317>" say "no, too much lag"
L 12/13/1999 - 23:13:16: "Racer<329>" activated the goal "info_player_teamspawn"
L 12/13/1999 - 23:13:17: "[R_C]NextWish<334>" say "true.."
L 12/13/1999 - 23:13:18: "Drarken<318>" killed self with "rocket"
L 12/13/1999 - 23:13:20: "Drarken<318>" activated the goal "info_player_teamspawn"
L 12/13/1999 - 23:13:27: "[R_C]NextWish<334>" say "20?"
L 12/13/1999 - 23:13:28: "[WHC]3K<335>" killed "sly<332>" with "sniperrifle"
L 12/13/1999 - 23:13:29: "sly<332>" activated the goal "info_player_teamspawn"
L 12/13/1999 - 23:13:30: "[R_C]NextWish<334>" say "instead of 30?"
L 12/13/1999 - 23:13:35: "Drarken<318>" killed self with "rocket"
L 12/13/1999 - 23:13:36: "Drarken<318>" activated the goal "info_player_teamspawn"
L 12/13/1999 - 23:13:39: "[TC]CARNAGE<328>" killed "Racer<329>" with "sentrygun"
L 12/13/1999 - 23:13:47: "[WHC]3K<335>" killed "sly<332>" with "sniperrifle"
L 12/13/1999 - 23:13:47: "Racer<329>" killed "[TC]CARNAGE<328>" with "nailgrenade"
L 12/13/1999 - 23:13:47: "Ombok<339>" killed "[SNiF]NozeHED<333>" with "rocket"
L 12/13/1999 - 23:13:48: "Drarken<318>" killed self with "rocket"
L 12/13/1999 - 23:13:48: "[SNiF]NozeHED<333>" activated the goal "info_player_teamspawn"
L 12/13/1999 - 23:13:49: "Racer<329>" activated the goal "info_player_teamspawn"
L 12/13/1999 - 23:13:49: "[TC]CARNAGE<328>" activated the goal "info_player_teamspawn"
L 12/13/1999 - 23:13:49: "Drarken<318>" activated the goal "info_player_teamspawn"
L 12/13/1999 - 23:13:51: "sly<332>" changed class to "Soldier"
L 12/13/1999 - 23:13:52: "sly<332>" activated the goal "info_player_teamspawn"
L 12/13/1999 - 23:13:54: "Thanatos<317>" say "nah 30 is ok"
L 12/13/1999 - 23:13:55: "Ombok<339>" activated the goal "Blue Flag"
L 12/13/1999 - 23:13:57: "[R_C]NextWish<334>" say "ok"
L 12/13/1999 - 23:14:02: "Drarken<318>" killed self with "rocket"
L 12/13/1999 - 23:14:04: "Drarken<318>" activated the goal "info_player_teamspawn"
L 12/13/1999 - 23:14:08: "[R_C]NextWish<334>" say "hehe"
L 12/13/1999 - 23:14:13: "[R_C]NextWish<334>" say "can ppls that alive see this?"
L 12/13/1999 - 23:14:16: "Drarken<318>" killed self with "rocket"
L 12/13/1999 - 23:14:17: "Drarken<318>" activated the goal "info_player_teamspawn"
L 12/13/1999 - 23:14:18: "sly<332>" killed "[WHC]3K<335>" with "rocket"
L 12/13/1999 - 23:14:19: "Thanatos<317>" say "I think so"
L 12/13/1999 - 23:14:19: "[WHC]3K<335>" activated the goal "info_player_teamspawn"
L 12/13/1999 - 23:14:19: "[WHC]3K<335>" killed "sly<332>" with "normalgrenade"
L 12/13/1999 - 23:14:20: "sly<332>" activated the goal "info_player_teamspawn"
L 12/13/1999 - 23:14:25: "[R_C]NextWish<334>" say "hey"
L 12/13/1999 - 23:14:29: "Ombok<339>" killed "[SNiF]NozeHED<333>" with "rocket"
L 12/13/1999 - 23:14:29: "[R_C]NextWish<334>" say "hey can someone do me a favour?"
L 12/13/1999 - 23:14:29: "Drarken<318>" killed self with "rocket"
L 12/13/1999 - 23:14:30: "Drarken<318>" activated the goal "info_player_teamspawn"
L 12/13/1999 - 23:14:31: "[SNiF]NozeHED<333>" activated the goal "info_player_teamspawn"
L 12/13/1999 - 23:14:33: "[R_C]NextWish<334>" say "go to the bridge"
L 12/13/1999 - 23:14:38: "Racer<329>" activated the goal "Blue Flag"
L 12/13/1999 - 23:14:39: "[R_C]NextWish<334>" say "and tell me if they can see alot of spray paints"
L 12/13/1999 - 23:14:41: "[R_C]NextWish<334>" say "on the wall"
L 12/13/1999 - 23:14:43: "[SNiF]NozeHED<333>" killed "Ombok<339>" with "mirvgrenade"
L 12/13/1999 - 23:14:44: "Drarken<318>" killed self with "rocket"
L 12/13/1999 - 23:14:45: "Drarken<318>" activated the goal "info_player_teamspawn"
L 12/13/1999 - 23:14:45: "Ombok<339>" activated the goal "info_player_teamspawn"
L 12/13/1999 - 23:14:54: "[TSS]Alert<326>" activated the goal "Team 1 dropoff"
L 12/13/1999 - 23:14:54: "[R_C]NextWish<334>" say "ehh sniper"
L 12/13/1999 - 23:14:55: "Racer<329>" killed "[SNiF]NozeHED<333>" with "rocket"
L 12/13/1999 - 23:14:55: "[SNiF]NozeHED<333>" killed "Racer<329>" with "gl_grenade"
L 12/13/1999 - 23:14:56: "[SNiF]NozeHED<333>" activated the goal "info_player_teamspawn"
L 12/13/1999 - 23:14:56: "[R_C]NextWish<334>" say "ehh sniper on red base"
L 12/13/1999 - 23:14:57: "Racer<329>" activated the goal "info_player_teamspawn"
L 12/13/1999 - 23:15:00: "[R_C]NextWish<334>" say "can u see spray paints?"
L 12/13/1999 - 23:15:11: "[WHC]3K<335>" killed "[TC]CARNAGE<328>" with "sniperrifle"
L 12/13/1999 - 23:15:13: "[TC]CARNAGE<328>" killed "Racer<329>" with "empgrenade"
L 12/13/1999 - 23:15:14: "[TC]CARNAGE<328>" activated the goal "info_player_teamspawn"
L 12/13/1999 - 23:15:15: "Racer<329>" activated the goal "info_player_teamspawn"
L 12/13/1999 - 23:15:25: "Drarken<318>" killed self with "rocket"
L 12/13/1999 - 23:15:26: "Drarken<318>" activated the goal "info_player_teamspawn"
L 12/13/1999 - 23:15:28: "[R_C]NextWish<334>" say "u know"
L 12/13/1999 - 23:15:33: "Ombok<339>" destroyed "[TC]CARNAGE<328>"'s "sentry".
L 12/13/1999 - 23:15:35: "Ombok<339>" killed "[TC]CARNAGE<328>" with "rocket"
L 12/13/1999 - 23:15:37: "[SNiF]NozeHED<333>" killed "Racer<329>" with "pipebomb"
L 12/13/1999 - 23:15:38: "Racer<329>" activated the goal "info_player_teamspawn"
L 12/13/1999 - 23:15:39: "[TC]CARNAGE<328>" activated the goal "info_player_teamspawn"
L 12/13/1999 - 23:15:40: "[R_C]NextWish<334>" say "why dont we email valve and ask that they turn up the movement speed"
L 12/13/1999 - 23:15:43: "Drarken<318>" killed self with "rocket"
L 12/13/1999 - 23:15:45: "[R_C]NextWish<334>" say "of ppls not on a team"
L 12/13/1999 - 23:15:50: "Ombok<339>" killed "[TC]CARNAGE<328>" with "rocket"
L 12/13/1999 - 23:15:52: "[R_C]NextWish<334>" say "that way ppls could spectate"
L 12/13/1999 - 23:15:52: "[TC]CARNAGE<328>" killed "Ombok<339>" with "empgrenade"
L 12/13/1999 - 23:15:53: "[TC]CARNAGE<328>" activated the goal "info_player_teamspawn"
L 12/13/1999 - 23:15:55: "Ombok<339>" activated the goal "info_player_teamspawn"
L 12/13/1999 - 23:15:57: "[R_C]NextWish<334>" say "good idea?"
L 12/13/1999 - 23:16:05: "Drarken<318>" activated the goal "info_player_teamspawn"
L 12/13/1999 - 23:16:07: "Racer<329>" killed "[TC]CARNAGE<328>" with "rocket"
L 12/13/1999 - 23:16:08: "[TC]CARNAGE<328>" activated the goal "info_player_teamspawn"
L 12/13/1999 - 23:16:08: "Thanatos<317>" say "no, I have a better idea which I am already in the process of pursuing"
L 12/13/1999 - 23:16:10: "Racer<329>" killed "[SNiF]NozeHED<333>" with "rocket"
L 12/13/1999 - 23:16:10: "Racer<329>" killed self with "rocket"
L 12/13/1999 - 23:16:11: "[SNiF]NozeHED<333>" activated the goal "info_player_teamspawn"
L 12/13/1999 - 23:16:11: "Racer<329>" activated the goal "info_player_teamspawn"
L 12/13/1999 - 23:16:14: "[R_C]NextWish<334>" say "what?"
L 12/13/1999 - 23:16:25: "[R_C]NextWish<334>" say "getting spectator fully made"
L 12/13/1999 - 23:16:27: "Thanatos<317>" say "enabling observer mode"
L 12/13/1999 - 23:16:29: "[R_C]NextWish<334>" say "and implemented."
L 12/13/1999 - 23:16:31: "Thanatos<317>" say "yep"
L 12/13/1999 - 23:16:35: "[R_C]NextWish<334>" say "spectator mode DOESNT work"
L 12/13/1999 - 23:16:38: "Ombok<339>" activated the goal "Blue Flag"
L 12/13/1999 - 23:16:41: "Drarken<318>" killed "[TC]CARNAGE<328>" with "rocket"
L 12/13/1999 - 23:16:42: "[R_C]NextWish<334>" say "they never finished makingit"
L 12/13/1999 - 23:16:42: "[TC]CARNAGE<328>" activated the goal "info_player_teamspawn"
L 12/13/1999 - 23:16:42: "Thanatos<317>" say "nah, ya reckon?"
L 12/13/1999 - 23:16:47: "Drarken<318>" killed "[TSS]Alert<326>" with "rocket"
L 12/13/1999 - 23:16:48: "[TSS]Alert<326>" activated the goal "info_player_teamspawn"
L 12/13/1999 - 23:16:49: "Drarken<318>" killed self with "rocket"
L 12/13/1999 - 23:16:49: "Thanatos<317>" say "I know"
L 12/13/1999 - 23:16:50: "Drarken<318>" activated the goal "info_player_teamspawn"
L 12/13/1999 - 23:16:57: "[SNiF]NozeHED<333>" killed "Ombok<339>" with "mirvgrenade"
L 12/13/1999 - 23:16:58: "Ombok<339>" activated the goal "info_player_teamspawn"
L 12/13/1999 - 23:17:01: "[R_C]NextWish<334>" say "we REALLY need them to finish making it"
L 12/13/1999 - 23:17:04: "[SNiF]NozeHED<333>" killed "Racer<329>" with "gl_grenade"
L 12/13/1999 - 23:17:05: "Racer<329>" activated the goal "info_player_teamspawn"
L 12/13/1999 - 23:17:06: "[R_C]NextWish<334>" say "it helps detect ppls using bots"
L 12/13/1999 - 23:17:08: "[TC]CARNAGE<328>" built a "sentry".
L 12/13/1999 - 23:17:10: "sturger<340><WON:10853469>" connected, address "139.134.255.16:27005"
L 12/13/1999 - 23:17:11: "Thanatos<317>" say "I am going to talk to Valve on Wednesday to see if we can get them to do the patch"
L 12/13/1999 - 23:17:12: "[R_C]NextWish<334>" say "and good for "presentations""
L 12/13/1999 - 23:17:13: "Drarken<318>" killed "sly<332>" with "rocket"
L 12/13/1999 - 23:17:19: "sly<332>" changed class to "Engineer"
L 12/13/1999 - 23:17:20: "[TC]CARNAGE<328>" killed "Drarken<318>" with "sentrygun"
L 12/13/1999 - 23:17:20: "sly<332>" activated the goal "info_player_teamspawn"
L 12/13/1999 - 23:17:20: "[R_C]NextWish<334>" say "hehe"
L 12/13/1999 - 23:17:21: "Drarken<318>" activated the goal "info_player_teamspawn"
L 12/13/1999 - 23:17:25: "[TSS]Alert<326>" changed class to "Engineer"
L 12/13/1999 - 23:17:26: "Drarken<318>" killed self with "rocket"
L 12/13/1999 - 23:17:27: "Drarken<318>" activated the goal "info_player_teamspawn"
L 12/13/1999 - 23:17:27: "sturger<340><WON:10853469>" has entered the game
L 12/13/1999 - 23:17:29: "Drarken<318>" killed self with "rocket"
L 12/13/1999 - 23:17:30: "Drarken<318>" activated the goal "info_player_teamspawn"
L 12/13/1999 - 23:17:31: "[TC]CARNAGE<328>" killed "Racer<329>" with "sentrygun"
L 12/13/1999 - 23:17:32: "Racer<329>" activated the goal "info_player_teamspawn"
L 12/13/1999 - 23:17:33: "Drarken<318>" killed self with "rocket"
L 12/13/1999 - 23:17:35: "Drarken<318>" activated the goal "info_player_teamspawn"
L 12/13/1999 - 23:17:35: "sturger<340>" joined team "1".
L 12/13/1999 - 23:17:37: "sturger<340>" changed class to "Sniper"
L 12/13/1999 - 23:17:37: "sturger<340>" activated the goal "info_player_teamspawn"
L 12/13/1999 - 23:17:38: "Drarken<318>" killed self with "rocket"
L 12/13/1999 - 23:17:39: "Drarken<318>" activated the goal "info_player_teamspawn"
L 12/13/1999 - 23:17:39: "Thanatos<317>" say "Since Sierra will be an official sponsor of the WP TFC League, they might listen"
L 12/13/1999 - 23:17:41: "Drarken<318>" killed self with "rocket"
L 12/13/1999 - 23:17:41: "Ombok<339>" killed "[TSS]Alert<326>" with "normalgrenade"
L 12/13/1999 - 23:17:42: "[TC]CARNAGE<328>" killed "Ombok<339>" with "empgrenade"
L 12/13/1999 - 23:17:43: "Drarken<318>" activated the goal "info_player_teamspawn"
L 12/13/1999 - 23:17:44: "Ombok<339>" activated the goal "info_player_teamspawn"
L 12/13/1999 - 23:17:44: "[TSS]Alert<326>" activated the goal "info_player_teamspawn"
L 12/13/1999 - 23:17:46: "[R_C]NextWish<334>" say "true.."
L 12/13/1999 - 23:17:47: "Drarken<318>" killed self with "rocket"
L 12/13/1999 - 23:17:50: "Drarken<318>" changed class to "Demoman"
L 12/13/1999 - 23:17:51: "Drarken<318>" activated the goal "info_player_teamspawn"
L 12/13/1999 - 23:17:56: "sturger<340>" say "anyone got rw?"
L 12/13/1999 - 23:17:58: "Drarken<318>" killed self with "mirvgrenade"
L 12/13/1999 - 23:17:59: "Drarken<318>" activated the goal "info_player_teamspawn"
L 12/13/1999 - 23:17:59: "Drarken<318>" killed self with "mirvgrenade"
L 12/13/1999 - 23:18:00: "Thanatos<317>" say "so Shilka has got me in charge of talking to Sierra about that"
L 12/13/1999 - 23:18:00: "Drarken<318>" activated the goal "info_player_teamspawn"
L 12/13/1999 - 23:18:00: "Drarken<318>" killed self with "mirvgrenade"
L 12/13/1999 - 23:18:01: "Drarken<318>" activated the goal "info_player_teamspawn"
L 12/13/1999 - 23:18:03: "Drarken<318>" killed self with "mirvgrenade"
L 12/13/1999 - 23:18:04: "Drarken<318>" activated the goal "info_player_teamspawn"
L 12/13/1999 - 23:18:05: "Drarken<318>" killed self with "mirvgrenade"
L 12/13/1999 - 23:18:05: "Thanatos<317>" say "and valve"
L 12/13/1999 - 23:18:06: "Drarken<318>" activated the goal "info_player_teamspawn"
L 12/13/1999 - 23:18:07: "sly<332>" built a "sentry".
L 12/13/1999 - 23:18:08: "[R_C]NextWish<334>" say "hehe cool"
L 12/13/1999 - 23:18:08: "Drarken<318>" killed self with "mirvgrenade"
L 12/13/1999 - 23:18:09: "Drarken<318>" activated the goal "info_player_teamspawn"
L 12/13/1999 - 23:18:13: "Ombok<339>" killed "sly<332>" with "rocket"
L 12/13/1999 - 23:18:14: "Ombok<339>" destroyed "sly<332>"'s "sentry".
L 12/13/1999 - 23:18:14: "sly<332>" activated the goal "info_player_teamspawn"
L 12/13/1999 - 23:18:14: "Drarken<318>" killed self with "mirvgrenade"
L 12/13/1999 - 23:18:15: "Drarken<318>" activated the goal "info_player_teamspawn"
L 12/13/1999 - 23:18:16: "Drarken<318>" killed self with "mirvgrenade"
L 12/13/1999 - 23:18:16: "[R_C]NextWish<334>" say "yay"
L 12/13/1999 - 23:18:17: "Drarken<318>" activated the goal "info_player_teamspawn"
L 12/13/1999 - 23:18:17: "Drarken<318>" killed self with "mirvgrenade"
L 12/13/1999 - 23:18:18: "Drarken<318>" activated the goal "info_player_teamspawn"
L 12/13/1999 - 23:18:18: "Drarken<318>" killed self with "mirvgrenade"
L 12/13/1999 - 23:18:19: "Drarken<318>" activated the goal "info_player_teamspawn"
L 12/13/1999 - 23:18:21: "[R_C]NextWish<334>" say "i'm ALLMOST at the snipr"
L 12/13/1999 - 23:18:22: "Drarken<318>" killed self with "gl_grenade"
L 12/13/1999 - 23:18:22: "Racer<329>" killed "[TC]CARNAGE<328>" with "nailgrenade"
L 12/13/1999 - 23:18:22: "Racer<329>" destroyed "[TC]CARNAGE<328>"'s "sentry".
L 12/13/1999 - 23:18:23: "Drarken<318>" activated the goal "info_player_teamspawn"
L 12/13/1999 - 23:18:23: "Drarken<318>" killed self with "mirvgrenade"
L 12/13/1999 - 23:18:24: "[TC]CARNAGE<328>" activated the goal "info_player_teamspawn"
L 12/13/1999 - 23:18:24: "Drarken<318>" activated the goal "info_player_teamspawn"
L 12/13/1999 - 23:18:30: "Drarken<318>" killed self with "mirvgrenade"
L 12/13/1999 - 23:18:30: "Racer<329>" killed "[TSS]Alert<326>" with "normalgrenade"
L 12/13/1999 - 23:18:30: "Drarken<318>" activated the goal "info_player_teamspawn"
L 12/13/1999 - 23:18:31: "Drarken<318>" killed self with "mirvgrenade"
L 12/13/1999 - 23:18:31: "[TSS]Alert<326>" activated the goal "info_player_teamspawn"
L 12/13/1999 - 23:18:32: "Drarken<318>" activated the goal "info_player_teamspawn"
L 12/13/1999 - 23:18:32: "Drarken<318>" killed self with "mirvgrenade"
L 12/13/1999 - 23:18:33: "Drarken<318>" activated the goal "info_player_teamspawn"
L 12/13/1999 - 23:18:33: "Drarken<318>" killed self with "mirvgrenade"
L 12/13/1999 - 23:18:33: "[R_C]NextWish<334>" say "about at the end of the bridge"
L 12/13/1999 - 23:18:34: "Drarken<318>" activated the goal "info_player_teamspawn"
L 12/13/1999 - 23:18:37: "Drarken<318>" killed self with "mirvgrenade"
L 12/13/1999 - 23:18:38: "Racer<329>" killed self with "rocket"
L 12/13/1999 - 23:18:39: "Drarken<318>" activated the goal "info_player_teamspawn"
L 12/13/1999 - 23:18:39: "Racer<329>" activated the goal "info_player_teamspawn"
L 12/13/1999 - 23:18:40: "[R_C]NextWish<334>" say "the red one"
L 12/13/1999 - 23:18:41: "Drarken<318>" killed self with "mirvgrenade"
L 12/13/1999 - 23:18:42: "Drarken<318>" activated the goal "info_player_teamspawn"
L 12/13/1999 - 23:18:46: "[TC]CARNAGE<328>" killed "Ombok<339>" with "empgrenade"
L 12/13/1999 - 23:18:48: "Ombok<339>" activated the goal "info_player_teamspawn"
L 12/13/1999 - 23:18:59: "sly<332>" built a "sentry".
L 12/13/1999 - 23:19:01: "Drarken<318>" say "the respawn room is a mess"
L 12/13/1999 - 23:19:07: "sturger<340>" say "ne1 got rw?"
L 12/13/1999 - 23:19:08: "[TSS]Alert<326>" built a "sentry".
L 12/13/1999 - 23:19:14: "Ombok<339>" destroyed "sly<332>"'s "sentry".
L 12/13/1999 - 23:19:14: "Drarken<318>" killed self with "detpack"
L 12/13/1999 - 23:19:15: "Racer<329>" killed "[TC]CARNAGE<328>" with "rocket"
L 12/13/1999 - 23:19:15: "Racer<329>" killed "[TSS]Alert<326>" with "rocket"
L 12/13/1999 - 23:19:15: "[TC]CARNAGE<328>" killed "Racer<329>" with "empgrenade"
L 12/13/1999 - 23:19:16: "[TSS]Alert<326>" activated the goal "info_player_teamspawn"
L 12/13/1999 - 23:19:16: "[TC]CARNAGE<328>" activated the goal "info_player_teamspawn"
L 12/13/1999 - 23:19:16: "Drarken<318>" activated the goal "info_player_teamspawn"
L 12/13/1999 - 23:19:17: "Racer<329>" activated the goal "info_player_teamspawn"
L 12/13/1999 - 23:19:17: "[R_C]NextWish<334>" say "brb, checking rotation"
L 12/13/1999 - 23:19:23: "Ombok<339>" killed "sly<332>" with "rocket"
L 12/13/1999 - 23:19:25: "sly<332>" activated the goal "info_player_teamspawn"
L 12/13/1999 - 23:19:26: "[R_C]NextWish<334>" say "sweet"
L 12/13/1999 - 23:19:26: "Drarken<318>" killed self with "mirvgrenade"
L 12/13/1999 - 23:19:28: "Drarken<318>" activated the goal "info_player_teamspawn"
L 12/13/1999 - 23:19:28: "Drarken<318>" killed self with "mirvgrenade"
L 12/13/1999 - 23:19:29: "Drarken<318>" activated the goal "info_player_teamspawn"
L 12/13/1999 - 23:19:30: "Drarken<318>" killed self with "mirvgrenade"
L 12/13/1999 - 23:19:30: "[R_C]NextWish<334>" say "sweet 6 files.. 60 kb each"
L 12/13/1999 - 23:19:30: "Drarken<318>" activated the goal "info_player_teamspawn"
L 12/13/1999 - 23:19:35: "Drarken<318>" killed self with "mirvgrenade"
L 12/13/1999 - 23:19:35: "[WHC]3K<335>" killed "[TC]CARNAGE<328>" with "headshot"
L 12/13/1999 - 23:19:36: "Drarken<318>" activated the goal "info_player_teamspawn"
L 12/13/1999 - 23:19:37: "Drarken<318>" killed self with "mirvgrenade"
L 12/13/1999 - 23:19:38: "Drarken<318>" activated the goal "info_player_teamspawn"
L 12/13/1999 - 23:19:38: "[TSS]Alert<326>" killed "Ombok<339>" with "sentrygun"
L 12/13/1999 - 23:19:39: "Drarken<318>" killed self with "mirvgrenade"
L 12/13/1999 - 23:19:40: "Drarken<318>" activated the goal "info_player_teamspawn"
L 12/13/1999 - 23:19:40: "[TC]CARNAGE<328>" activated the goal "info_player_teamspawn"
L 12/13/1999 - 23:19:40: "Drarken<318>" killed self with "mirvgrenade"
L 12/13/1999 - 23:19:41: "Ombok<339>" destroyed "[TSS]Alert<326>"'s "sentry".
L 12/13/1999 - 23:19:41: "Drarken<318>" activated the goal "info_player_teamspawn"
L 12/13/1999 - 23:19:41: "[WHC]3K<335>" killed "sturger<340>" with "normalgrenade"
L 12/13/1999 - 23:19:42: "Ombok<339>" activated the goal "info_player_teamspawn"
L 12/13/1999 - 23:19:43: "sturger<340>" activated the goal "info_player_teamspawn"
L 12/13/1999 - 23:19:43: "Drarken<318>" killed self with "mirvgrenade"
L 12/13/1999 - 23:19:44: "Drarken<318>" activated the goal "info_player_teamspawn"
L 12/13/1999 - 23:19:45: "Drarken<318>" killed self with "mirvgrenade"
L 12/13/1999 - 23:19:46: "Drarken<318>" activated the goal "info_player_teamspawn"
L 12/13/1999 - 23:19:52: "[WHC]3K<335>" killed "sly<332>" with "sniperrifle"
L 12/13/1999 - 23:19:53: "Drarken<318>" killed self with "mirvgrenade"
L 12/13/1999 - 23:19:53: "sly<332>" activated the goal "info_player_teamspawn"
L 12/13/1999 - 23:19:54: "Drarken<318>" activated the goal "info_player_teamspawn"
L 12/13/1999 - 23:19:54: "Drarken<318>" killed self with "mirvgrenade"
L 12/13/1999 - 23:19:55: "sly<332>" killed "Racer<329>" with "empgrenade"
L 12/13/1999 - 23:19:55: "sly<332>" killed "[WHC]3K<335>" with "empgrenade"
L 12/13/1999 - 23:19:56: "Drarken<318>" activated the goal "info_player_teamspawn"
L 12/13/1999 - 23:19:57: "[WHC]3K<335>" activated the goal "info_player_teamspawn"
L 12/13/1999 - 23:19:58: "Racer<329>" activated the goal "info_player_teamspawn"
L 12/13/1999 - 23:20:00: "[TSS]Alert<326>" changed class to "Demoman"
L 12/13/1999 - 23:20:00: "Drarken<318>" killed self with "mirvgrenade"
L 12/13/1999 - 23:20:01: "[TSS]Alert<326>" built a "sentry".
L 12/13/1999 - 23:20:01: "Drarken<318>" activated the goal "info_player_teamspawn"
L 12/13/1999 - 23:20:02: "Drarken<318>" killed self with "mirvgrenade"
L 12/13/1999 - 23:20:05: "Drarken<318>" activated the goal "info_player_teamspawn"
L 12/13/1999 - 23:20:08: "Drarken<318>" killed self with "mirvgrenade"
L 12/13/1999 - 23:20:09: "Drarken<318>" activated the goal "info_player_teamspawn"
L 12/13/1999 - 23:20:14: "[TC]CARNAGE<328>" built a "sentry".
L 12/13/1999 - 23:20:15: "sturger<340>" changed class to "Medic"
L 12/13/1999 - 23:20:16: "sly<332>" built a "sentry".
L 12/13/1999 - 23:20:18: "sturger<340>" killed "[WHC]3K<335>" with "sniperrifle"
L 12/13/1999 - 23:20:19: "[WHC]3K<335>" activated the goal "info_player_teamspawn"
L 12/13/1999 - 23:20:25: "Ombok<339>" killed "sly<332>" with "normalgrenade"
L 12/13/1999 - 23:20:25: "Ombok<339>" destroyed "sly<332>"'s "sentry".
L 12/13/1999 - 23:20:27: "sly<332>" activated the goal "info_player_teamspawn"
L 12/13/1999 - 23:20:28: "Thanatos<317>" say "does the logger work for Perl?"
L 12/13/1999 - 23:20:29: "Drarken<318>" killed self with "mirvgrenade"
L 12/13/1999 - 23:20:30: "Drarken<318>" activated the goal "info_player_teamspawn"
L 12/13/1999 - 23:20:37: "Drarken<318>" killed self with "mirvgrenade"
L 12/13/1999 - 23:20:37: "[R_C]NextWish<334>" say "what do u mean"
L 12/13/1999 - 23:20:38: "Drarken<318>" activated the goal "info_player_teamspawn"
L 12/13/1999 - 23:20:38: "Drarken<318>" killed self with "mirvgrenade"
L 12/13/1999 - 23:20:39: "Drarken<318>" activated the goal "info_player_teamspawn"
L 12/13/1999 - 23:20:40: "Drarken<318>" killed self with "mirvgrenade"
L 12/13/1999 - 23:20:40: "[R_C]NextWish<334>" say "it's written in perl"
L 12/13/1999 - 23:20:40: "[WHC]3K<335>" killed "sturger<340>" with "sniperrifle"
L 12/13/1999 - 23:20:41: "Drarken<318>" activated the goal "info_player_teamspawn"
L 12/13/1999 - 23:20:41: "sturger<340>" activated the goal "info_player_teamspawn"
L 12/13/1999 - 23:20:45: "Ombok<339>" killed "[TC]CARNAGE<328>" with "rocket"
L 12/13/1999 - 23:20:46: "Ombok<339>" destroyed "[TC]CARNAGE<328>"'s "sentry".
L 12/13/1999 - 23:20:46: "Drarken<318>" killed self with "mirvgrenade"
L 12/13/1999 - 23:20:47: "Drarken<318>" activated the goal "info_player_teamspawn"
L 12/13/1999 - 23:20:47: "Drarken<318>" killed self with "mirvgrenade"
L 12/13/1999 - 23:20:48: "Drarken<318>" activated the goal "info_player_teamspawn"
L 12/13/1999 - 23:20:48: "[TC]CARNAGE<328>" activated the goal "info_player_teamspawn"
L 12/13/1999 - 23:20:49: "Drarken<318>" killed self with "mirvgrenade"
L 12/13/1999 - 23:20:50: "Drarken<318>" activated the goal "info_player_teamspawn"
L 12/13/1999 - 23:20:52: "Thanatos<317>" say "is the logger able to run on a perl enabled apache web server?"
L 12/13/1999 - 23:20:53: "sturger<340>" changed class to "HWGuy"
L 12/13/1999 - 23:20:53: "[TSS]Alert<326>" built a "sentry".
L 12/13/1999 - 23:20:56: "Drarken<318>" killed self with "mirvgrenade"
L 12/13/1999 - 23:20:57: "Drarken<318>" activated the goal "info_player_teamspawn"
L 12/13/1999 - 23:20:57: "[R_C]NextWish<334>" say "didnt have vb installed.."
L 12/13/1999 - 23:20:58: "Drarken<318>" killed self with "mirvgrenade"
L 12/13/1999 - 23:20:58: "Racer<329>" destroyed "[TSS]Alert<326>"'s "sentry".
L 12/13/1999 - 23:20:59: "Drarken<318>" activated the goal "info_player_teamspawn"
L 12/13/1999 - 23:20:59: "Drarken<318>" killed self with "mirvgrenade"
L 12/13/1999 - 23:20:59: "sly<332>" built a "sentry".
L 12/13/1999 - 23:21:00: "Drarken<318>" activated the goal "info_player_teamspawn"
L 12/13/1999 - 23:21:01: "[TC]CARNAGE<328>" killed "Ombok<339>" with "empgrenade"
L 12/13/1999 - 23:21:01: "Ombok<339>" killed "sly<332>" with "rocket"
L 12/13/1999 - 23:21:02: "Ombok<339>" activated the goal "info_player_teamspawn"
L 12/13/1999 - 23:21:02: "sly<332>" activated the goal "info_player_teamspawn"
L 12/13/1999 - 23:21:03: "[R_C]NextWish<334>" say "thana, i dont think so"
L 12/13/1999 - 23:21:03: "Drarken<318>" killed self with "mirvgrenade"
L 12/13/1999 - 23:21:06: "Drarken<318>" activated the goal "info_player_teamspawn"
L 12/13/1999 - 23:21:07: "Drarken<318>" killed self with "mirvgrenade"
L 12/13/1999 - 23:21:08: "Drarken<318>" activated the goal "info_player_teamspawn"
L 12/13/1999 - 23:21:08: "Drarken<318>" killed self with "mirvgrenade"
L 12/13/1999 - 23:21:08: "[SNiF]NozeHED<333>" killed "Racer<329>" with "gl_grenade"
L 12/13/1999 - 23:21:09: "Drarken<318>" activated the goal "info_player_teamspawn"
L 12/13/1999 - 23:21:10: "[R_C]NextWish<334>" say "the way it works"
L 12/13/1999 - 23:21:13: "[TC]CARNAGE<328>" built a "sentry".
L 12/13/1999 - 23:21:13: "[R_C]NextWish<334>" say "i'm not sure.."
L 12/13/1999 - 23:21:14: "Racer<329>" activated the goal "info_player_teamspawn"
L 12/13/1999 - 23:21:14: "[WHC]3K<335>" destroyed "sly<332>"'s "sentry".
L 12/13/1999 - 23:21:14: "sturger<340>" infected "[WHC]3K<335>".
L 12/13/1999 - 23:21:18: "[R_C]NextWish<334>" say "prolly not"
L 12/13/1999 - 23:21:22: "[WHC]3K<335>" killed "sly<332>" with "normalgrenade"
L 12/13/1999 - 23:21:22: "[WHC]3K<335>" killed self with "normalgrenade"
L 12/13/1999 - 23:21:23: "sly<332>" activated the goal "info_player_teamspawn"
L 12/13/1999 - 23:21:23: "[WHC]3K<335>" activated the goal "info_player_teamspawn"
L 12/13/1999 - 23:21:24: "[R_C]NextWish<334>" say "it needs to be running non stop"
L 12/13/1999 - 23:21:33: "[TSS]Alert<326>" built a "sentry".
L 12/13/1999 - 23:21:34: "[R_C]NextWish<334>" say "it only records what is sent to it whilst it's running"
L 12/13/1999 - 23:21:34: "sturger<340>" infected "Ombok<339>".
L 12/13/1999 - 23:21:34: "Ombok<339>" say_team "bah die scum"
L 12/13/1999 - 23:21:36: "Drarken<318>" killed "sturger<340>" with "gl_grenade"
L 12/13/1999 - 23:21:38: "sturger<340>" activated the goal "info_player_teamspawn"
L 12/13/1999 - 23:21:39: "Thanatos<317>" say "ok, um..... yeah I know that"
L 12/13/1999 - 23:21:42: "Ombok<339>" changed class to "Medic"
L 12/13/1999 - 23:21:54: "Ombok<339>" killed "sly<332>" with "rocket"
L 12/13/1999 - 23:21:56: "sly<332>" activated the goal "info_player_teamspawn"
L 12/13/1999 - 23:21:58: "Drarken<318>" killed self with "mirvgrenade"
L 12/13/1999 - 23:22:00: "Drarken<318>" activated the goal "info_player_teamspawn"
L 12/13/1999 - 23:22:00: "Racer<329>" killed "[TC]CARNAGE<328>" with "rocket"
L 12/13/1999 - 23:22:01: "[TC]CARNAGE<328>" activated the goal "info_player_teamspawn"
L 12/13/1999 - 23:22:02: "[TC]CARNAGE<328>" killed "Racer<329>" with "sentrygun"
L 12/13/1999 - 23:22:02: "sturger<340>" killed "[WHC]3K<335>" with "ac"
L 12/13/1999 - 23:22:03: "[R_C]NextWish<334>" say "u could make a second perl programm (I might get u to do this for me)"
L 12/13/1999 - 23:22:04: "[WHC]3K<335>" activated the goal "info_player_teamspawn"
L 12/13/1999 - 23:22:05: "Racer<329>" activated the goal "info_player_teamspawn"
L 12/13/1999 - 23:22:07: "[R_C]NextWish<334>" say "that when run"
L 12/13/1999 - 23:22:08: "[TC]CARNAGE<328>" killed "Ombok<339>" with "sentrygun"
L 12/13/1999 - 23:22:11: "[R_C]NextWish<334>" say "will compute stats"
L 12/13/1999 - 23:22:12: "Ombok<339>" activated the goal "info_player_teamspawn"
L 12/13/1999 - 23:22:16: "Drarken<318>" killed self with "mirvgrenade"
L 12/13/1999 - 23:22:17: "[R_C]NextWish<334>" say "and return back up to the second results.."
L 12/13/1999 - 23:22:17: "Drarken<318>" activated the goal "info_player_teamspawn"
L 12/13/1999 - 23:22:30: "sly<332>" built a "sentry".
L 12/13/1999 - 23:22:31: "Drarken<318>" killed "sturger<340>" with "gl_grenade"
L 12/13/1999 - 23:22:32: "[TSS]Alert<326>" built a "dispenser".
L 12/13/1999 - 23:22:33: "sturger<340>" activated the goal "info_player_teamspawn"
L 12/13/1999 - 23:22:36: "Drarken<318>" killed self with "mirvgrenade"
L 12/13/1999 - 23:22:37: "[R_C]NextWish<334>" say "i'm better with non cgi perl"
L 12/13/1999 - 23:22:37: "Drarken<318>" activated the goal "info_player_teamspawn"
L 12/13/1999 - 23:22:38: "Racer<329>" killed self with "rocket"
L 12/13/1999 - 23:22:42: "Racer<329>" activated the goal "info_player_teamspawn"
L 12/13/1999 - 23:22:44: "[WHC]3K<335>" say "hahaha racer"
L 12/13/1999 - 23:22:45: "[R_C]NextWish<334>" say "i.e. shell scripts and crap"
L 12/13/1999 - 23:22:46: "[R_C]NextWish<334>" say ":)"
L 12/13/1999 - 23:22:55: "Drarken<318>" killed "sturger<340>" with "gl_grenade"
L 12/13/1999 - 23:22:56: "sturger<340>" activated the goal "info_player_teamspawn"
L 12/13/1999 - 23:22:56: "Drarken<318>" killed self with "mirvgrenade"
L 12/13/1999 - 23:22:58: "Drarken<318>" activated the goal "info_player_teamspawn"
L 12/13/1999 - 23:22:59: "[R_C]NextWish<334>" say "useing perl to make complex things easier"
L 12/13/1999 - 23:23:09: "sly<332>" killed "Ombok<339>" with "sentrygun"
L 12/13/1999 - 23:23:10: "[TC]CARNAGE<328>" killed "Racer<329>" with "empgrenade"
L 12/13/1999 - 23:23:11: "Ombok<339>" activated the goal "info_player_teamspawn"
L 12/13/1999 - 23:23:13: "[WHC]3K<335>" say "vote 9"
L 12/13/1999 - 23:23:15: "Racer<329>" activated the goal "info_player_teamspawn"
L 12/13/1999 - 23:23:17: "Drarken<318>" killed self with "mirvgrenade"
L 12/13/1999 - 23:23:19: "[WHC]3K<335>" say "vote 9"
L 12/13/1999 - 23:23:19: "Drarken<318>" activated the goal "info_player_teamspawn"
L 12/13/1999 - 23:23:21: "[WHC]3K<335>" say "vote 9"
L 12/13/1999 - 23:23:23: "Thanatos<317>" say "eh?"
L 12/13/1999 - 23:23:25: "Ombok<339>" infected "sturger<340>".
L 12/13/1999 - 23:23:25: "sturger<340>" killed "Ombok<339>" with "ac"
L 12/13/1999 - 23:23:27: "sturger<340>" passed on the infection to "[SNiF]NozeHED<333>".
L 12/13/1999 - 23:23:32: "Ombok<339>" changed class to "Soldier"
L 12/13/1999 - 23:23:32: "[WHC]3K<335>" say "than"
L 12/13/1999 - 23:23:32: "Drarken<318>" killed "sturger<340>" with "mirvgrenade"
L 12/13/1999 - 23:23:32: "Ombok<339>" activated the goal "info_player_teamspawn"
L 12/13/1999 - 23:23:37: "[TC]CARNAGE<328>" killed "Drarken<318>" with "empgrenade"
L 12/13/1999 - 23:23:39: "Drarken<318>" activated the goal "info_player_teamspawn"
L 12/13/1999 - 23:23:39: "[WHC]3K<335>" say "kick em"
L 12/13/1999 - 23:23:39: "sturger<340>" changed class to "Demoman"
L 12/13/1999 - 23:23:41: "sturger<340>" activated the goal "info_player_teamspawn"
L 12/13/1999 - 23:23:41: "Ombok<339>" killed "[SNiF]NozeHED<333>" with "timer"
L 12/13/1999 - 23:23:41: "Ombok<339>" killed "[SNiF]NozeHED<333>" with "infection"
L 12/13/1999 - 23:23:42: "[SNiF]NozeHED<333>" activated the goal "info_player_teamspawn"
L 12/13/1999 - 23:23:42: "[SNiF]NozeHED<333>" killed "Racer<329>" with "mirvgrenade"
L 12/13/1999 - 23:23:44: "Thanatos<317>" say "who?"
L 12/13/1999 - 23:23:47: "Racer<329>" changed class to "Sniper"
L 12/13/1999 - 23:23:49: "Racer<329>" activated the goal "info_player_teamspawn"
L 12/13/1999 - 23:23:55: "Drarken<318>" killed by world with "worldspawn"
L 12/13/1999 - 23:23:57: "Drarken<318>" activated the goal "info_player_teamspawn"
L 12/13/1999 - 23:23:58: "[WHC]3K<335>" say "guess"
L 12/13/1999 - 23:24:02: "[SNiF]NozeHED<333>" killed self with "mirvgrenade"
L 12/13/1999 - 23:24:03: "[SNiF]NozeHED<333>" activated the goal "info_player_teamspawn"
L 12/13/1999 - 23:24:14: "sturger<340>" killed "Drarken<318>" with "gl_grenade"
L 12/13/1999 - 23:24:16: "Drarken<318>" activated the goal "info_player_teamspawn"
L 12/13/1999 - 23:24:21: "Ombok<339>" killed "sturger<340>" with "rocket"
L 12/13/1999 - 23:24:23: "sturger<340>" changed class to "Sniper"
L 12/13/1999 - 23:24:25: "sturger<340>" activated the goal "info_player_teamspawn"
L 12/13/1999 - 23:24:28: "[SNiF]NozeHED<333>" killed self with "gl_grenade"
L 12/13/1999 - 23:24:29: "[SNiF]NozeHED<333>" activated the goal "info_player_teamspawn"
L 12/13/1999 - 23:24:31: "Drarken<318>" killed self with "gl_grenade"
L 12/13/1999 - 23:24:31: "Drarken<318>" activated the goal "info_player_teamspawn"
L 12/13/1999 - 23:24:35: "Ombok<339>" say "a lot of spam this game"
L 12/13/1999 - 23:24:39: "Thanatos<317>" say "he isn't detracting from the game by the looks of it"
L 12/13/1999 - 23:24:39: "sturger<340>" killed "Racer<329>" with "sniperrifle"
L 12/13/1999 - 23:24:40: "Racer<329>" activated the goal "info_player_teamspawn"
L 12/13/1999 - 23:24:43: "Drarken<318>" killed "[TC]CARNAGE<328>" with "gl_grenade"
L 12/13/1999 - 23:24:43: "[SNiF]NozeHED<333>" killed "Drarken<318>" with "gl_grenade"
L 12/13/1999 - 23:24:43: "Thanatos<317>" joined team "2".
L 12/13/1999 - 23:24:44: "Drarken<318>" activated the goal "info_player_teamspawn"
L 12/13/1999 - 23:24:44: "[TC]CARNAGE<328>" activated the goal "info_player_teamspawn"
L 12/13/1999 - 23:24:45: "Thanatos<317>" changed class to "Soldier"
L 12/13/1999 - 23:24:45: "Thanatos<317>" activated the goal "info_player_teamspawn"
L 12/13/1999 - 23:24:55: "[WHC]3K<335>" say "detracting....."
L 12/13/1999 - 23:24:57: "Ombok<339>" killed "sturger<340>" with "rocket"
L 12/13/1999 - 23:25:01: "sturger<340>" activated the goal "info_player_teamspawn"
L 12/13/1999 - 23:25:04: "<-1>" destroyed "[TSS]Alert<326>"'s "dispenser".
L 12/13/1999 - 23:25:04: "Drarken<318>" say "oh the respawn is messy anymore"
L 12/13/1999 - 23:25:09: "<-1>" destroyed "[TSS]Alert<326>"'s "sentry".
L 12/13/1999 - 23:25:17: "[WHC]3K<335>" say "stop drarken"
L 12/13/1999 - 23:25:18: "[SNiF]NozeHED<333>" killed "Thanatos<317>" with "mirvgrenade"
L 12/13/1999 - 23:25:19: "[TSS]Alert<326>" built a "sentry".
L 12/13/1999 - 23:25:19: "Thanatos<317>" activated the goal "info_player_teamspawn"
L 12/13/1999 - 23:25:25: "Drarken<318>" killed self with "mirvgrenade"
L 12/13/1999 - 23:25:27: "Drarken<318>" activated the goal "info_player_teamspawn"
L 12/13/1999 - 23:25:27: "Ombok<339>" destroyed "sly<332>"'s "sentry".
L 12/13/1999 - 23:25:28: "Thanatos<317>" say "where is he?"
L 12/13/1999 - 23:25:36: "Ombok<339>" killed "sly<332>" with "nailgrenade"
L 12/13/1999 - 23:25:38: "[SNiF]NozeHED<333>" activated the goal "Red Flag"
L 12/13/1999 - 23:25:38: "sly<332>" activated the goal "info_player_teamspawn"
L 12/13/1999 - 23:25:40: "[WHC]3K<335>" say "spamming the bridge"
L 12/13/1999 - 23:25:51: "Drarken<318>" killed "[TSS]Alert<326>" with "mirvgrenade"
L 12/13/1999 - 23:25:51: "Drarken<318>" destroyed "[TC]CARNAGE<328>"'s "sentry".
L 12/13/1999 - 23:25:53: "<-1>" destroyed "[TSS]Alert<326>"'s "sentry".
L 12/13/1999 - 23:25:53: "[TSS]Alert<326>" activated the goal "info_player_teamspawn"
L 12/13/1999 - 23:25:54: "Thanatos<317>" killed "sly<332>" with "rocket"
L 12/13/1999 - 23:25:56: "sly<332>" killed "Drarken<318>" with "normalgrenade"
L 12/13/1999 - 23:25:57: "[WHC]3K<335>" killed "[TC]CARNAGE<328>" with "normalgrenade"
L 12/13/1999 - 23:25:57: "[SNiF]NozeHED<333>" killed "Racer<329>" with "mirvgrenade"
L 12/13/1999 - 23:25:58: "Drarken<318>" activated the goal "info_player_teamspawn"
L 12/13/1999 - 23:25:58: "[TC]CARNAGE<328>" activated the goal "info_player_teamspawn"
L 12/13/1999 - 23:25:58: "Racer<329>" activated the goal "info_player_teamspawn"
L 12/13/1999 - 23:26:00: "[TC]CARNAGE<328>" say "ta"
L 12/13/1999 - 23:26:00: "sly<332>" activated the goal "info_player_teamspawn"
L 12/13/1999 - 23:26:05: "[WHC]3K<335>" say "ahhaha"
L 12/13/1999 - 23:26:06: "[SNiF]NozeHED<333>" killed "[WHC]3K<335>" with "gl_grenade"
L 12/13/1999 - 23:26:12: "[WHC]3K<335>" activated the goal "info_player_teamspawn"
L 12/13/1999 - 23:26:12: "Racer<329>" killed "sturger<340>" with "sniperrifle"
L 12/13/1999 - 23:26:13: "Thanatos<317>" killed "[SNiF]NozeHED<333>" with "nailgrenade"
L 12/13/1999 - 23:26:14: "sturger<340>" activated the goal "info_player_teamspawn"
L 12/13/1999 - 23:26:14: "[SNiF]NozeHED<333>" activated the goal "info_player_teamspawn"
L 12/13/1999 - 23:26:18: "[TSS]Alert<326>" killed "Thanatos<317>" with "pipebomb"
L 12/13/1999 - 23:26:18: "[WHC]3K<335>" say "did u catch it"
L 12/13/1999 - 23:26:19: "Thanatos<317>" activated the goal "info_player_teamspawn"
L 12/13/1999 - 23:26:21: "[SNiF]NozeHED<333>" activated the goal "Red Flag"
L 12/13/1999 - 23:26:23: "Ombok<339>" activated the goal "Blue Flag"
L 12/13/1999 - 23:26:26: "[TC]CARNAGE<328>" built a "sentry".
L 12/13/1999 - 23:26:26: "Drarken<318>" killed "[TC]CARNAGE<328>" with "gl_grenade"
L 12/13/1999 - 23:26:26: "[SNiF]NozeHED<333>" activated the goal "Team 1 dropoff"
L 12/13/1999 - 23:26:27: "[TC]CARNAGE<328>" activated the goal "info_player_teamspawn"
L 12/13/1999 - 23:26:27: "Drarken<318>" destroyed "[TC]CARNAGE<328>"'s "sentry".
L 12/13/1999 - 23:26:32: "[SNiF]NozeHED<333>" killed self with "mirvgrenade"
L 12/13/1999 - 23:26:34: "[SNiF]NozeHED<333>" activated the goal "info_player_teamspawn"
L 12/13/1999 - 23:26:37: "sly<332>" killed "Drarken<318>" with "normalgrenade"
L 12/13/1999 - 23:26:38: "Drarken<318>" activated the goal "info_player_teamspawn"
L 12/13/1999 - 23:26:39: "Drarken<318>" killed "[TSS]Alert<326>" with "mirvgrenade"
L 12/13/1999 - 23:26:42: "[TSS]Alert<326>" activated the goal "info_player_teamspawn"
L 12/13/1999 - 23:26:44: "[WHC]3K<335>" killed "sturger<340>" with "sniperrifle"
L 12/13/1999 - 23:26:46: "sturger<340>" activated the goal "info_player_teamspawn"
L 12/13/1999 - 23:26:48: "[SNiF]NozeHED<333>" killed self with "mirvgrenade"
L 12/13/1999 - 23:26:49: "[SNiF]NozeHED<333>" activated the goal "info_player_teamspawn"
L 12/13/1999 - 23:26:54: "[TC]CARNAGE<328>" built a "sentry".
L 12/13/1999 - 23:26:59: "[TC]CARNAGE<328>" killed "Drarken<318>" with "sentrygun"
L 12/13/1999 - 23:27:00: "Drarken<318>" activated the goal "info_player_teamspawn"
L 12/13/1999 - 23:27:01: "Drarken<318>" destroyed "[TC]CARNAGE<328>"'s "sentry".
L 12/13/1999 - 23:27:01: "[TSS]Alert<326>" changed class to "Engineer"
L 12/13/1999 - 23:27:03: "[TSS]Alert<326>" changed class to "Spy"
L 12/13/1999 - 23:27:10: "sly<332>" built a "sentry".
L 12/13/1999 - 23:27:13: "Ombok<339>" activated the goal "Team 2 dropoff"
L 12/13/1999 - 23:27:13: "[SNiF]NozeHED<333>" killed "[WHC]3K<335>" with "mirvgrenade"
L 12/13/1999 - 23:27:14: "[WHC]3K<335>" activated the goal "info_player_teamspawn"
L 12/13/1999 - 23:27:19: "[TSS]Alert<326>" killed "Drarken<318>" with "gl_grenade"
L 12/13/1999 - 23:27:20: "Drarken<318>" activated the goal "info_player_teamspawn"
L 12/13/1999 - 23:27:27: "[TC]CARNAGE<328>" killed "Racer<329>" with "supershotgun"
L 12/13/1999 - 23:27:29: "Racer<329>" activated the goal "info_player_teamspawn"
L 12/13/1999 - 23:27:34: "[WHC]3K<335>" killed "[SNiF]NozeHED<333>" with "sniperrifle"
L 12/13/1999 - 23:27:35: "[SNiF]NozeHED<333>" activated the goal "info_player_teamspawn"
L 12/13/1999 - 23:27:38: "[SNiF]NozeHED<333>" changed class to "Sniper"
L 12/13/1999 - 23:27:45: "Ombok<339>" killed "[TC]CARNAGE<328>" with "rocket"
L 12/13/1999 - 23:27:46: "[TC]CARNAGE<328>" activated the goal "info_player_teamspawn"
L 12/13/1999 - 23:27:48: "Racer<329>" killed "sturger<340>" with "sniperrifle"
L 12/13/1999 - 23:27:49: "sturger<340>" activated the goal "info_player_teamspawn"
L 12/13/1999 - 23:27:51: "[SNiF]NozeHED<333>" killed self with "mirvgrenade"
L 12/13/1999 - 23:27:52: "sturger<340>" disconnected
L 12/13/1999 - 23:27:53: "[TSS]Alert<326>" killed "Racer<329>" with "gl_grenade"
L 12/13/1999 - 23:27:55: "Racer<329>" activated the goal "info_player_teamspawn"
L 12/13/1999 - 23:27:57: "[SNiF]NozeHED<333>" activated the goal "info_player_teamspawn"
L 12/13/1999 - 23:27:57: "Drarken<318>" killed "sly<332>" with "normalgrenade"
L 12/13/1999 - 23:27:58: "sly<332>" activated the goal "info_player_teamspawn"
L 12/13/1999 - 23:27:58: "Ombok<339>" say "damn you are suicidal"
L 12/13/1999 - 23:28:01: "Drarken<318>" destroyed "sly<332>"'s "sentry".
L 12/13/1999 - 23:28:01: "Drarken<318>" destroyed "sly<332>"'s "sentry".
L 12/13/1999 - 23:28:01: "Drarken<318>" killed self with "mirvgrenade"
L 12/13/1999 - 23:28:02: "Drarken<318>" activated the goal "info_player_teamspawn"
L 12/13/1999 - 23:28:08: "[TC]CARNAGE<328>" killed "Ombok<339>" with "empgrenade"
L 12/13/1999 - 23:28:08: "[TC]CARNAGE<328>" killed "[WHC]3K<335>" with "empgrenade"
L 12/13/1999 - 23:28:10: "Ombok<339>" activated the goal "info_player_teamspawn"
L 12/13/1999 - 23:28:11: "[WHC]3K<335>" activated the goal "info_player_teamspawn"
L 12/13/1999 - 23:28:13: "[TSS]Alert<326>" killed "Thanatos<317>" with "mirvgrenade"
L 12/13/1999 - 23:28:14: "Thanatos<317>" activated the goal "info_player_teamspawn"
L 12/13/1999 - 23:28:18: "[SNiF]NozeHED<333>" killed "Drarken<318>" with "sniperrifle"
L 12/13/1999 - 23:28:20: "Drarken<318>" activated the goal "info_player_teamspawn"
L 12/13/1999 - 23:28:24: "[SNiF]NozeHED<333>" killed "[WHC]3K<335>" with "sniperrifle"
L 12/13/1999 - 23:28:25: "[WHC]3K<335>" activated the goal "info_player_teamspawn"
L 12/13/1999 - 23:28:26: "Racer<329>" killed "[SNiF]NozeHED<333>" with "sniperrifle"
L 12/13/1999 - 23:28:27: "[SNiF]NozeHED<333>" activated the goal "info_player_teamspawn"
L 12/13/1999 - 23:28:31: "[TC]CARNAGE<328>" built a "sentry".
L 12/13/1999 - 23:28:41: "sly<332>" built a "sentry".
L 12/13/1999 - 23:28:49: "[TC]CARNAGE<328>" killed "Drarken<318>" with "sentrygun"
L 12/13/1999 - 23:28:51: "Drarken<318>" activated the goal "info_player_teamspawn"
L 12/13/1999 - 23:29:03: "[WHC]3K<335>" say_team "jump on"
L 12/13/1999 - 23:29:03: "[SNiF]NozeHED<333>" killed "Thanatos<317>" with "sniperrifle"
L 12/13/1999 - 23:29:05: "Thanatos<317>" activated the goal "info_player_teamspawn"
L 12/13/1999 - 23:29:10: "[SNiF]NozeHED<333>" killed "[WHC]3K<335>" with "sniperrifle"
L 12/13/1999 - 23:29:11: "[WHC]3K<335>" activated the goal "info_player_teamspawn"
L 12/13/1999 - 23:29:17: "Drarken<318>" killed "[TSS]Alert<326>" with "mirvgrenade"
L 12/13/1999 - 23:29:19: "[TSS]Alert<326>" activated the goal "info_player_teamspawn"
L 12/13/1999 - 23:29:19: "Drarken<318>" killed "[TC]CARNAGE<328>" with "gl_grenade"
L 12/13/1999 - 23:29:21: "[TC]CARNAGE<328>" activated the goal "info_player_teamspawn"
L 12/13/1999 - 23:29:26: "Drarken<318>" destroyed "[TC]CARNAGE<328>"'s "sentry".
L 12/13/1999 - 23:29:29: "[SNiF]NozeHED<333>" killed "Drarken<318>" with "headshot"
L 12/13/1999 - 23:29:31: "Drarken<318>" activated the goal "info_player_teamspawn"
L 12/13/1999 - 23:29:31: "sly<332>" killed "Ombok<339>" with "sentrygun"
L 12/13/1999 - 23:29:34: "Ombok<339>" activated the goal "info_player_teamspawn"
L 12/13/1999 - 23:29:44: "Racer<329>" killed "[SNiF]NozeHED<333>" with "sniperrifle"
L 12/13/1999 - 23:29:45: "[SNiF]NozeHED<333>" activated the goal "info_player_teamspawn"
L 12/13/1999 - 23:29:54: "sly<332>" killed "[WHC]3K<335>" with "sentrygun"
L 12/13/1999 - 23:30:00: "[WHC]3K<335>" changed class to "Soldier"
L 12/13/1999 - 23:30:00: "[WHC]3K<335>" activated the goal "info_player_teamspawn"
L 12/13/1999 - 23:30:05: "[TC]CARNAGE<328>" killed self with "empgrenade"
L 12/13/1999 - 23:30:06: "Drarken<318>" destroyed "sly<332>"'s "sentry".
L 12/13/1999 - 23:30:06: "Drarken<318>" destroyed "sly<332>"'s "sentry".
L 12/13/1999 - 23:30:06: "sly<332>" killed self with "sentrygun"
L 12/13/1999 - 23:30:07: "[TC]CARNAGE<328>" activated the goal "info_player_teamspawn"
L 12/13/1999 - 23:30:07: "sly<332>" activated the goal "info_player_teamspawn"
L 12/13/1999 - 23:30:12: "[SNiF]NozeHED<333>" killed "Racer<329>" with "sniperrifle"
L 12/13/1999 - 23:30:13: "Racer<329>" activated the goal "info_player_teamspawn"
L 12/13/1999 - 23:30:17: "Drarken<318>" killed "sly<332>" with "mirvgrenade"
L 12/13/1999 - 23:30:17: "Drarken<318>" killed "[TC]CARNAGE<328>" with "mirvgrenade"
L 12/13/1999 - 23:30:19: "sly<332>" activated the goal "info_player_teamspawn"
L 12/13/1999 - 23:30:19: "[TC]CARNAGE<328>" activated the goal "info_player_teamspawn"
L 12/13/1999 - 23:30:20: "[TSS]Alert<326>" killed "Racer<329>" with "knife"
L 12/13/1999 - 23:30:26: "[TSS]Alert<326>" killed by world with "miniturret"
L 12/13/1999 - 23:30:27: "Racer<329>" activated the goal "info_player_teamspawn"
L 12/13/1999 - 23:30:29: "[TSS]Alert<326>" activated the goal "info_player_teamspawn"
L 12/13/1999 - 23:30:30: "[WHC]3K<335>" killed "[SNiF]NozeHED<333>" with "rocket"
L 12/13/1999 - 23:30:31: "[SNiF]NozeHED<333>" activated the goal "info_player_teamspawn"
L 12/13/1999 - 23:30:35: "[TC]CARNAGE<328>" killed self with "empgrenade"
L 12/13/1999 - 23:30:35: "[TC]CARNAGE<328>" killed "Ombok<339>" with "empgrenade"
L 12/13/1999 - 23:30:35: "Drarken<318>" killed self with "gl_grenade"
L 12/13/1999 - 23:30:35: "[TSS]Alert<326>" changed class to "Soldier"
L 12/13/1999 - 23:30:36: "[TC]CARNAGE<328>" activated the goal "info_player_teamspawn"
L 12/13/1999 - 23:30:36: "Ombok<339>" activated the goal "info_player_teamspawn"
L 12/13/1999 - 23:30:36: "Drarken<318>" activated the goal "info_player_teamspawn"
L 12/13/1999 - 23:30:39: "[SNiF]NozeHED<333>" changed class to "Spy"
L 12/13/1999 - 23:30:44: "[SNiF]NozeHED<333>" killed self with "world"
L 12/13/1999 - 23:30:49: "[SNiF]NozeHED<333>" activated the goal "info_player_teamspawn"
L 12/13/1999 - 23:30:51: "[TC]CARNAGE<328>" killed "[WHC]3K<335>" with "empgrenade"
L 12/13/1999 - 23:30:51: "[R_C]NextWish<334>" say "than"
L 12/13/1999 - 23:30:51: "sly<332>" changed class to "Spy"
L 12/13/1999 - 23:30:53: "[R_C]NextWish<334>" say "where r u"
L 12/13/1999 - 23:30:53: "[WHC]3K<335>" activated the goal "info_player_teamspawn"
L 12/13/1999 - 23:31:10: "[WHC]3K<335>" killed self with "world"
L 12/13/1999 - 23:31:12: "Thanatos<317>" say "standing near the bridge"
L 12/13/1999 - 23:31:15: "[WHC]3K<335>" changed class to "Sniper"
L 12/13/1999 - 23:31:15: "[WHC]3K<335>" activated the goal "info_player_teamspawn"
L 12/13/1999 - 23:31:17: "[R_C]NextWish<334>" say "ok"
L 12/13/1999 - 23:31:20: "[R_C]NextWish<334>" say "ok fire a shot"
L 12/13/1999 - 23:31:25: "[R_C]NextWish<334>" say "to the right"
L 12/13/1999 - 23:31:26: "Drarken<318>" killed "[TC]CARNAGE<328>" with "mirvgrenade"
L 12/13/1999 - 23:31:27: "[TC]CARNAGE<328>" activated the goal "info_player_teamspawn"
L 12/13/1999 - 23:31:29: "[R_C]NextWish<334>" say "yer right"
L 12/13/1999 - 23:31:31: "sly<332>" disconnected
L 12/13/1999 - 23:31:36: "[TSS]Alert<326>" killed "Drarken<318>" with "knife"
L 12/13/1999 - 23:31:37: "Drarken<318>" activated the goal "info_player_teamspawn"
L 12/13/1999 - 23:31:40: "Drarken<318>" killed "[TSS]Alert<326>" with "mirvgrenade"
L 12/13/1999 - 23:31:45: "[R_C]NextWish<334>" say "look directly oppistire direction"
L 12/13/1999 - 23:31:49: "[R_C]NextWish<334>" say "beind u"
L 12/13/1999 - 23:31:52: "[R_C]NextWish<334>" say "180"
L 12/13/1999 - 23:31:54: "[TSS]Alert<326>" activated the goal "info_player_teamspawn"
L 12/13/1999 - 23:32:02: "[R_C]NextWish<334>" say "ok"
L 12/13/1999 - 23:32:03: "Ombok<339>" activated the goal "Blue Flag"
L 12/13/1999 - 23:32:04: "[TSS]Alert<326>" say "someone go on our team plz"
L 12/13/1999 - 23:32:05: "[R_C]NextWish<334>" say "to the left"
L 12/13/1999 - 23:32:10: "[R_C]NextWish<334>" say "err right"
L 12/13/1999 - 23:32:13: "[TC]CARNAGE<328>" built a "sentry".
L 12/13/1999 - 23:32:15: "[R_C]NextWish<334>" say "err right"
L 12/13/1999 - 23:32:18: "[R_C]NextWish<334>" say "more"
L 12/13/1999 - 23:32:19: "Ombok<339>" changed to team "1".
L 12/13/1999 - 23:32:19: "Ombok<339>" killed self with "world"
L 12/13/1999 - 23:32:21: "[R_C]NextWish<334>" say "more"
L 12/13/1999 - 23:32:22: "Ombok<339>" activated the goal "info_player_teamspawn"
L 12/13/1999 - 23:32:24: "Ombok<339>" changed class to "Soldier"
L 12/13/1999 - 23:32:24: "Ombok<339>" activated the goal "info_player_teamspawn"
L 12/13/1999 - 23:32:24: "[R_C]NextWish<334>" say "fire"
L 12/13/1999 - 23:32:28: "[R_C]NextWish<334>" say "up"
L 12/13/1999 - 23:32:31: "Drarken<318>" killed "[TSS]Alert<326>" with "gl_grenade"
L 12/13/1999 - 23:32:33: "[SNiF]NozeHED<333>" killed "Racer<329>" with "knife"
L 12/13/1999 - 23:32:34: "Racer<329>" activated the goal "info_player_teamspawn"
L 12/13/1999 - 23:32:35: "[TSS]Alert<326>" changed class to "Demoman"
L 12/13/1999 - 23:32:35: "[WHC]3K<335>" say "stop shooting him"
L 12/13/1999 - 23:32:35: "[TSS]Alert<326>" activated the goal "info_player_teamspawn"
L 12/13/1999 - 23:32:36: "[R_C]NextWish<334>" say "to theleft"
L 12/13/1999 - 23:32:42: "[R_C]NextWish<334>" say "to the right"
L 12/13/1999 - 23:32:45: "Ombok<339>" killed "Drarken<318>" with "rocket"
L 12/13/1999 - 23:32:46: "Drarken<318>" activated the goal "info_player_teamspawn"
L 12/13/1999 - 23:32:47: "[R_C]NextWish<334>" say "perfect"
L 12/13/1999 - 23:32:49: "[R_C]NextWish<334>" say "hi :)"
L 12/13/1999 - 23:32:49: "[TC]CARNAGE<328>" killed "Thanatos<317>" with "empgrenade"
L 12/13/1999 - 23:32:49: "[TC]CARNAGE<328>" killed "[WHC]3K<335>" with "empgrenade"
L 12/13/1999 - 23:32:51: "Thanatos<317>" activated the goal "info_player_teamspawn"
L 12/13/1999 - 23:32:52: "[WHC]3K<335>" activated the goal "info_player_teamspawn"
L 12/13/1999 - 23:32:56: "Drarken<318>" killed "[SNiF]NozeHED<333>" with "gl_grenade"
L 12/13/1999 - 23:32:57: "[SNiF]NozeHED<333>" activated the goal "info_player_teamspawn"
L 12/13/1999 - 23:32:57: "Thanatos<317>" say "soldier go squish now"
L 12/13/1999 - 23:33:05: "[R_C]NextWish<334>" say "hey guys"
L 12/13/1999 - 23:33:10: "[TC]CARNAGE<328>" killed "Drarken<318>" with "sentrygun"
L 12/13/1999 - 23:33:11: "Drarken<318>" activated the goal "info_player_teamspawn"
L 12/13/1999 - 23:33:14: "[R_C]NextWish<334>" say "wanna do the worlds biggest emp explosion?"
L 12/13/1999 - 23:33:16: "Ombok<339>" killed "[WHC]3K<335>" with "rocket"
L 12/13/1999 - 23:33:17: "[WHC]3K<335>" activated the goal "info_player_teamspawn"
L 12/13/1999 - 23:33:20: "[R_C]NextWish<334>" say "come on?"
L 12/13/1999 - 23:33:25: "Racer<329>" killed "[TSS]Alert<326>" with "sniperrifle"
L 12/13/1999 - 23:33:27: "[SNiF]NozeHED<333>" killed "Drarken<318>" with "nails"
L 12/13/1999 - 23:33:27: "[TSS]Alert<326>" activated the goal "info_player_teamspawn"
L 12/13/1999 - 23:33:29: "Drarken<318>" activated the goal "info_player_teamspawn"
L 12/13/1999 - 23:33:33: "[TSS]Alert<326>" changed class to "Sniper"
L 12/13/1999 - 23:33:40: "[R_C]NextWish<334>" say "all go on team 2"
L 12/13/1999 - 23:33:45: "Ombok<339>" activated the goal "Red Flag"
L 12/13/1999 - 23:33:47: "[R_C]NextWish<334>" say "all go on red plz :)"
L 12/13/1999 - 23:33:51: "[R_C]NextWish<334>" say "ohh well"
L 12/13/1999 - 23:33:53: "[WHC]3K<335>" killed "[SNiF]NozeHED<333>" with "sniperrifle"
L 12/13/1999 - 23:33:54: "[SNiF]NozeHED<333>" activated the goal "info_player_teamspawn"
L 12/13/1999 - 23:33:55: "[TC]CARNAGE<328>" killed "Drarken<318>" with "sentrygun"
L 12/13/1999 - 23:33:55: "[R_C]NextWish<334>" say "so much for that idea :)"
L 12/13/1999 - 23:34:01: "[WHC]3K<335>" killed self with "normalgrenade"
L 12/13/1999 - 23:34:01: "Ombok<339>" say "hehe"
L 12/13/1999 - 23:34:02: "[WHC]3K<335>" activated the goal "info_player_teamspawn"
L 12/13/1999 - 23:34:03: "[R_C]NextWish<334>" joined team "1".
L 12/13/1999 - 23:34:06: "[R_C]NextWish<334>" changed class to "Scout"
L 12/13/1999 - 23:34:06: "[R_C]NextWish<334>" activated the goal "info_player_teamspawn"
L 12/13/1999 - 23:34:17: "[R_C]NextWish<334>" say "it would be cool to see 10+ ppls blow up"
L 12/13/1999 - 23:34:19: "[R_C]NextWish<334>" say "by one emp"
L 12/13/1999 - 23:34:40: "Ombok<339>" activated the goal "Team 1 dropoff"
L 12/13/1999 - 23:34:40: "Thanatos<317>" killed self with "rocket"
L 12/13/1999 - 23:34:41: "Thanatos<317>" activated the goal "info_player_teamspawn"
L 12/13/1999 - 23:34:42: "[WHC]3K<335>" killed "[R_C]NextWish<334>" with "normalgrenade"
L 12/13/1999 - 23:34:45: "[R_C]NextWish<334>" changed to team "2".
L 12/13/1999 - 23:34:45: "[R_C]NextWish<334>" killed self with "world"
L 12/13/1999 - 23:34:46: "[R_C]NextWish<334>" activated the goal "info_player_teamspawn"
L 12/13/1999 - 23:34:49: "[R_C]NextWish<334>" changed class to "Pyro"
L 12/13/1999 - 23:34:49: "[R_C]NextWish<334>" activated the goal "info_player_teamspawn"
L 12/13/1999 - 23:34:54: "Drarken<318>" activated the goal "info_player_teamspawn"
L 12/13/1999 - 23:34:55: "[R_C]NextWish<334>" say_team "than how good are u at pyro?>"
L 12/13/1999 - 23:35:03: "Ombok<339>" killed "Racer<329>" with "normalgrenade"
L 12/13/1999 - 23:35:04: "Racer<329>" activated the goal "info_player_teamspawn"
L 12/13/1999 - 23:35:07: "[TC]CARNAGE<328>" killed "[WHC]3K<335>" with "empgrenade"
L 12/13/1999 - 23:35:08: "[SNiF]NozeHED<333>" killed "Thanatos<317>" with "knife"
L 12/13/1999 - 23:35:09: "[WHC]3K<335>" activated the goal "info_player_teamspawn"
L 12/13/1999 - 23:35:09: "Thanatos<317>" activated the goal "info_player_teamspawn"
L 12/13/1999 - 23:35:15: "[R_C]NextWish<334>" killed "[SNiF]NozeHED<333>" with "rocket"
L 12/13/1999 - 23:35:16: "[SNiF]NozeHED<333>" activated the goal "info_player_teamspawn"
L 12/13/1999 - 23:35:18: "[TSS]Alert<326>" killed "Racer<329>" with "gl_grenade"
L 12/13/1999 - 23:35:18: "[TSS]Alert<326>" killed self with "gl_grenade"
L 12/13/1999 - 23:35:20: "[TC]CARNAGE<328>" killed "[R_C]NextWish<334>" with "empgrenade"
L 12/13/1999 - 23:35:20: "[TC]CARNAGE<328>" killed "[WHC]3K<335>" with "empgrenade"
L 12/13/1999 - 23:35:20: "[TSS]Alert<326>" activated the goal "info_player_teamspawn"
L 12/13/1999 - 23:35:21: "[WHC]3K<335>" activated the goal "info_player_teamspawn"
L 12/13/1999 - 23:35:21: "[R_C]NextWish<334>" activated the goal "info_player_teamspawn"
L 12/13/1999 - 23:35:22: "Drarken<318>" changed class to "Pyro"
L 12/13/1999 - 23:35:24: "Racer<329>" changed class to "Soldier"
L 12/13/1999 - 23:35:24: "Racer<329>" activated the goal "info_player_teamspawn"
L 12/13/1999 - 23:35:26: "[SOQ] SAS<341><WON:11727829>" connected, address "139.134.255.12:27005"
L 12/13/1999 - 23:35:29: "Ombok<339>" killed "Thanatos<317>" with "rocket"
L 12/13/1999 - 23:35:30: "Thanatos<317>" activated the goal "info_player_teamspawn"
L 12/13/1999 - 23:35:35: "[WHC]3K<335>" killed "Ombok<339>" with "sniperrifle"
L 12/13/1999 - 23:35:35: "Ombok<339>" killed "[WHC]3K<335>" with "rocket"
L 12/13/1999 - 23:35:36: "[WHC]3K<335>" activated the goal "info_player_teamspawn"
L 12/13/1999 - 23:35:38: "[TC]CARNAGE<328>" killed "[R_C]NextWish<334>" with "empgrenade"
L 12/13/1999 - 23:35:38: "Ombok<339>" say "hehehehe"
L 12/13/1999 - 23:35:39: "Ombok<339>" activated the goal "info_player_teamspawn"
L 12/13/1999 - 23:35:39: "[SOQ] SAS<341><WON:11727829>" has entered the game
L 12/13/1999 - 23:35:40: "[R_C]NextWish<334>" activated the goal "info_player_teamspawn"
L 12/13/1999 - 23:35:43: "[TSS]Alert<326>" killed "Drarken<318>" with "sniperrifle"
L 12/13/1999 - 23:35:44: "[SOQ] SAS<341>" say "hi"
L 12/13/1999 - 23:35:45: "Drarken<318>" activated the goal "info_player_teamspawn"
L 12/13/1999 - 23:35:54: "[SOQ] SAS<341>" joined team "1".
L 12/13/1999 - 23:35:55: "[TC]CARNAGE<328>" killed "Racer<329>" with "sentrygun"
L 12/13/1999 - 23:35:56: "[TSS]Alert<326>" killed "[WHC]3K<335>" with "sniperrifle"
L 12/13/1999 - 23:35:56: "Racer<329>" activated the goal "info_player_teamspawn"
L 12/13/1999 - 23:36:01: "[WHC]3K<335>" activated the goal "info_player_teamspawn"
L 12/13/1999 - 23:36:02: "Ombok<339>" killed "[R_C]NextWish<334>" with "rocket"
L 12/13/1999 - 23:36:03: "[R_C]NextWish<334>" activated the goal "info_player_teamspawn"
L 12/13/1999 - 23:36:04: "[SOQ] SAS<341>" changed class to "Scout"
L 12/13/1999 - 23:36:04: "[SOQ] SAS<341>" activated the goal "info_player_teamspawn"
L 12/13/1999 - 23:36:06: "[TSS]Alert<326>" killed "Thanatos<317>" with "sniperrifle"
L 12/13/1999 - 23:36:07: "[TC]CARNAGE<328>" killed "Drarken<318>" with "sentrygun"
L 12/13/1999 - 23:36:08: "Drarken<318>" activated the goal "info_player_teamspawn"
L 12/13/1999 - 23:36:12: "Thanatos<317>" changed class to "Pyro"
L 12/13/1999 - 23:36:13: "Thanatos<317>" activated the goal "info_player_teamspawn"
L 12/13/1999 - 23:36:13: "[TSS]Alert<326>" killed "[WHC]3K<335>" with "sniperrifle"
L 12/13/1999 - 23:36:13: "Drarken<318>" changed class to "Demoman"
L 12/13/1999 - 23:36:15: "[WHC]3K<335>" activated the goal "info_player_teamspawn"
L 12/13/1999 - 23:36:20: "[TSS]Alert<326>" killed "Racer<329>" with "sniperrifle"
L 12/13/1999 - 23:36:23: "Racer<329>" changed class to "Sniper"
L 12/13/1999 - 23:36:24: "Racer<329>" activated the goal "info_player_teamspawn"
L 12/13/1999 - 23:36:29: "[R_C]NextWish<334>" say "thana"
L 12/13/1999 - 23:36:35: "[R_C]NextWish<334>" say "wanna do something original one time?"
L 12/13/1999 - 23:36:36: "[TC]CARNAGE<328>" killed "Drarken<318>" with "sentrygun"
L 12/13/1999 - 23:36:37: "[TC]CARNAGE<328>" killed "Thanatos<317>" with "sentrygun"
L 12/13/1999 - 23:36:37: "Drarken<318>" activated the goal "info_player_teamspawn"
L 12/13/1999 - 23:36:38: "Thanatos<317>" activated the goal "info_player_teamspawn"
L 12/13/1999 - 23:36:39: "[R_C]NextWish<334>" say "like get everyone on rock2"
L 12/13/1999 - 23:36:40: "Drarken<318>" destroyed "[TC]CARNAGE<328>"'s "sentry".
L 12/13/1999 - 23:36:40: "Racer<329>" killed "[TSS]Alert<326>" with "sniperrifle"
L 12/13/1999 - 23:36:41: "[SOQ] SAS<341>" activated the goal "Red Flag"
L 12/13/1999 - 23:36:42: "[TSS]Alert<326>" activated the goal "info_player_teamspawn"
L 12/13/1999 - 23:36:42: "[R_C]NextWish<334>" say "with no time limit"
L 12/13/1999 - 23:36:44: "[R_C]NextWish<334>" say "as pyro"
L 12/13/1999 - 23:36:49: "[WHC]3K<335>" killed "[TC]CARNAGE<328>" with "sniperrifle"
L 12/13/1999 - 23:36:50: "[TC]CARNAGE<328>" activated the goal "info_player_teamspawn"
L 12/13/1999 - 23:36:50: "[R_C]NextWish<334>" say "and spell out words or something"
L 12/13/1999 - 23:36:51: "[R_C]NextWish<334>" say ":)"
L 12/13/1999 - 23:36:58: "[R_C]NextWish<334>" say "using flame s"
L 12/13/1999 - 23:36:58: "[SOQ] SAS<341>" activated the goal "Team 1 dropoff"
L 12/13/1999 - 23:37:03: "[TSS]Alert<326>" killed "Racer<329>" with "sniperrifle"
L 12/13/1999 - 23:37:04: "Racer<329>" activated the goal "info_player_teamspawn"
L 12/13/1999 - 23:37:07: "[TSS]Alert<326>" killed "[WHC]3K<335>" with "sniperrifle"
L 12/13/1999 - 23:37:08: "[WHC]3K<335>" activated the goal "info_player_teamspawn"
L 12/13/1999 - 23:37:08: "[R_C]NextWish<334>" say "wanna do it?"
L 12/13/1999 - 23:37:09: "Drarken<318>" killed "[TC]CARNAGE<328>" with "mirvgrenade"
L 12/13/1999 - 23:37:10: "Ombok<339>" say "you have a lot of time on your hands :P"
L 12/13/1999 - 23:37:10: "[TC]CARNAGE<328>" activated the goal "info_player_teamspawn"
L 12/13/1999 - 23:37:19: "[TC]CARNAGE<328>" killed "Thanatos<317>" with "empgrenade"
L 12/13/1999 - 23:37:21: "Racer<329>" killed "[TSS]Alert<326>" with "sniperrifle"
L 12/13/1999 - 23:37:22: "Thanatos<317>" activated the goal "info_player_teamspawn"
L 12/13/1999 - 23:37:22: "Ombok<339>" activated the goal "Red Flag"
L 12/13/1999 - 23:37:22: "[TSS]Alert<326>" activated the goal "info_player_teamspawn"
L 12/13/1999 - 23:37:25: "[TC]CARNAGE<328>" killed "[R_C]NextWish<334>" with "supershotgun"
L 12/13/1999 - 23:37:26: "[R_C]NextWish<334>" activated the goal "info_player_teamspawn"
L 12/13/1999 - 23:37:27: "[TC]CARNAGE<328>" killed "Drarken<318>" with "supershotgun"
L 12/13/1999 - 23:37:27: "[SNiF]NozeHED<333>" killed self with "normalgrenade"
L 12/13/1999 - 23:37:28: "[TC]CARNAGE<328>" killed self with "empgrenade"
L 12/13/1999 - 23:37:28: "Drarken<318>" activated the goal "info_player_teamspawn"
L 12/13/1999 - 23:37:29: "[TC]CARNAGE<328>" activated the goal "info_player_teamspawn"
L 12/13/1999 - 23:37:33: "[SNiF]NozeHED<333>" disconnected
L 12/13/1999 - 23:37:43: "[WHC]3K<335>" changed class to "Pyro"
L 12/13/1999 - 23:37:46: "Ombok<339>" killed "Racer<329>" with "rocket"
L 12/13/1999 - 23:37:47: "Racer<329>" activated the goal "info_player_teamspawn"
L 12/13/1999 - 23:37:50: =------= MATCH RESULTS =------=
L 12/13/1999 - 23:37:50: "blue" defeated "red" 
L 12/13/1999 - 23:37:50: "blue" RESULTS: "4" players. "135" frags, "4" unaccounted for. "50" team score. Allies:
L 12/13/1999 - 23:37:50: "red" RESULTS: "5" players. "-35" frags, "5" unaccounted for. "10" team score. Allies:
L 12/13/1999 - 23:37:51: "[TC]CARNAGE<328>" killed "[R_C]NextWish<334>" with "empgrenade"
L 12/13/1999 - 23:37:51: "[TC]CARNAGE<328>" killed "Thanatos<317>" with "empgrenade"
L 12/13/1999 - 23:37:54: "[R_C]NextWish<334>" say "gg"
L 12/13/1999 - 23:37:54: "[TC]CARNAGE<328>" say "gg"
L 12/13/1999 - 23:37:56: Log closed.
