L 12/13/1999 - 22:04:11: Log file started.
L 12/13/1999 - 22:04:11: Spawning server "hunted"
L 12/13/1999 - 22:04:11: server cvars start
L 12/13/1999 - 22:04:11: "cr_random" = "0"
L 12/13/1999 - 22:04:11: "cr_engineer" = "0"
L 12/13/1999 - 22:04:11: "cr_spy" = "0"
L 12/13/1999 - 22:04:11: "cr_pyro" = "0"
L 12/13/1999 - 22:04:11: "cr_hwguy" = "0"
L 12/13/1999 - 22:04:11: "cr_medic" = "0"
L 12/13/1999 - 22:04:11: "cr_demoman" = "0"
L 12/13/1999 - 22:04:11: "cr_soldier" = "0"
L 12/13/1999 - 22:04:11: "cr_sniper" = "0"
L 12/13/1999 - 22:04:11: "cr_scout" = "0"
L 12/13/1999 - 22:04:11: "decalfrequency" = "30"
L 12/13/1999 - 22:04:11: "mp_autocrosshair" = "1"
L 12/13/1999 - 22:04:11: "mp_flashlight" = "1"
L 12/13/1999 - 22:04:11: "mp_footsteps" = "0"
L 12/13/1999 - 22:04:11: "mp_forcerespawn" = "0"
L 12/13/1999 - 22:04:11: "mp_weaponstay" = "0"
L 12/13/1999 - 22:04:11: "mp_falldamage" = "1"
L 12/13/1999 - 22:04:11: "mp_friendlyfire" = "1"
L 12/13/1999 - 22:04:11: "mp_timelimit" = "30"
L 12/13/1999 - 22:04:11: "mp_fraglimit" = "0"
L 12/13/1999 - 22:04:11: "mp_teamplay" = "21"
L 12/13/1999 - 22:04:11: "tfc_balance_scores" = "1.0"
L 12/13/1999 - 22:04:11: "tfc_balance_teams" = "1.0"
L 12/13/1999 - 22:04:11: "tfc_adminpwd" = ""
L 12/13/1999 - 22:04:11: "tfc_clanbattle_locked" = "0.0"
L 12/13/1999 - 22:04:11: "tfc_clanbattle" = "0.0"
L 12/13/1999 - 22:04:11: "tfc_respawndelay" = "0.0"
L 12/13/1999 - 22:04:11: "tfc_autoteam" = "0"
L 12/13/1999 - 22:04:11: "sv_maxrate" = "5000"
L 12/13/1999 - 22:04:11: "sv_minrate" = "0"
L 12/13/1999 - 22:04:11: "sv_allowupload" = "1"
L 12/13/1999 - 22:04:11: "sv_allowdownload" = "1"
L 12/13/1999 - 22:04:11: "sv_upload_maxsize" = "4096"
L 12/13/1999 - 22:04:11: "sv_spectatormaxspeed" = "500"
L 12/13/1999 - 22:04:11: "sv_spectalk" = "1"
L 12/13/1999 - 22:04:11: "sv_maxspectators" = "8"
L 12/13/1999 - 22:04:11: "sv_cheats" = "0"
L 12/13/1999 - 22:04:11: "sv_clienttrace" = "3.5"
L 12/13/1999 - 22:04:11: "sv_timeout" = "65"
L 12/13/1999 - 22:04:11: "sv_waterfriction" = "1"
L 12/13/1999 - 22:04:11: "sv_wateraccelerate" = "10"
L 12/13/1999 - 22:04:11: "sv_airaccelerate" = "10"
L 12/13/1999 - 22:04:11: "sv_airmove" = "1"
L 12/13/1999 - 22:04:11: "sv_bounce" = "1"
L 12/13/1999 - 22:04:11: "sv_clipmode" = "0"
L 12/13/1999 - 22:04:11: "sv_stepsize" = "18"
L 12/13/1999 - 22:04:11: "sv_accelerate" = "10"
L 12/13/1999 - 22:04:11: "sv_maxspeed" = "500.000000"
L 12/13/1999 - 22:04:11: "sv_stopspeed" = "100"
L 12/13/1999 - 22:04:11: "edgefriction" = "2"
L 12/13/1999 - 22:04:11: "sv_friction" = "6"
L 12/13/1999 - 22:04:11: "sv_gravity" = "800"
L 12/13/1999 - 22:04:11: "sv_aim" = "0"
L 12/13/1999 - 22:04:11: "sv_password" = ""
L 12/13/1999 - 22:04:11: "pausable" = "0"
L 12/13/1999 - 22:04:11: "coop" = "0"
L 12/13/1999 - 22:04:11: "deathmatch" = "3"
L 12/13/1999 - 22:04:11: "mp_logecho" = "1"
L 12/13/1999 - 22:04:11: "mp_logfile" = "0"
L 12/13/1999 - 22:04:11: "cmdline" = "0"
L 12/13/1999 - 22:04:11: server cvars end
L 12/13/1999 - 22:04:12: Map CRC "-1879475242"
L 12/13/1999 - 22:04:12: "sv_maxspeed" = "270"
L 12/13/1999 - 22:04:12: Server name is "WP TFC Server 2"
L 12/13/1999 - 22:04:12: "sv_maxspeed" = "500.000000"
L 12/13/1999 - 22:04:30: "Thanatos<317><WON:45249>" has entered the game
L 12/13/1999 - 22:04:32: "[WHC]THAU<316><WON:3013339>" has entered the game
L 12/13/1999 - 22:04:37: "[WHC]THAU<316>" joined team "3".
L 12/13/1999 - 22:04:37: "Drarken<318><WON:10805219>" has entered the game
L 12/13/1999 - 22:04:38: "[WHC]THAU<316>" changed class to "Sniper"
L 12/13/1999 - 22:04:38: "[WHC]THAU<316>" activated the goal "info_player_teamspawn"
L 12/13/1999 - 22:04:45: "Drarken<318>" joined team "3".
L 12/13/1999 - 22:04:46: "Drarken<318>" changed class to "Sniper"
L 12/13/1999 - 22:04:46: "Drarken<318>" activated the goal "info_player_teamspawn"
L 12/13/1999 - 22:05:13: "[R_C]NextWish<313><WON:10680129>" has entered the game
L 12/13/1999 - 22:05:23: "[R_C]NextWish<313>" say "thana"
L 12/13/1999 - 22:05:25: "[R_C]NextWish<313>" say "that sucks"
L 12/13/1999 - 22:05:34: "[R_C]NextWish<313>" say "i saw that u joined like 3 seconds"
L 12/13/1999 - 22:05:39: "Thanatos<317>" say "what does?"
L 12/13/1999 - 22:05:39: "[R_C]NextWish<313>" say "afterthe map changed"
L 12/13/1999 - 22:05:42: "[R_C]NextWish<313>" say "what pc u got"
L 12/13/1999 - 22:05:44: "[R_C]NextWish<313>" say ":)"
L 12/13/1999 - 22:05:51: "Thanatos<317>" say "this one is a P3/450"
L 12/13/1999 - 22:06:02: "[R_C]NextWish<313>" say "ram?"
L 12/13/1999 - 22:06:05: "Thanatos<317>" say "64"
L 12/13/1999 - 22:06:05: "[WHC]THAU<316>" say "wheres your duel p3 750?"
L 12/13/1999 - 22:06:30: "[WHC]THAU<316>" killed by world with "turret"
L 12/13/1999 - 22:06:33: "[WHC]THAU<316>" activated the goal "info_player_teamspawn"
L 12/13/1999 - 22:06:33: "Thanatos<317>" say "this one is an old backup, I lost the hard disk on the main one,"
L 12/13/1999 - 22:06:38: "[R_C]NextWish<313>" say "held off"
L 12/13/1999 - 22:06:39: "Thanatos<317>" say "thats ok though"
L 12/13/1999 - 22:06:40: "[WHC]THAU<316>" say "oh :)"
L 12/13/1999 - 22:06:43: "Thanatos<317>" say "there was nothing on it"
L 12/13/1999 - 22:06:45: "[R_C]NextWish<313>" say "held off.. i got a new hdd instead.."
L 12/13/1999 - 22:06:50: "[R_C]NextWish<313>" say "28.5 gig"
L 12/13/1999 - 22:06:51: "[R_C]NextWish<313>" say ":)"
L 12/13/1999 - 22:06:53: "Thanatos<317>" say "yeah NW I noticed"
L 12/13/1999 - 22:06:56: "[WHC]THAU<316>" say "how much that cost?"
L 12/13/1999 - 22:06:58: "[R_C]NextWish<313>" say "=)"
L 12/13/1999 - 22:06:59: "Drarken<318>" killed by world with "turret"
L 12/13/1999 - 22:07:03: "Drarken<318>" activated the goal "info_player_teamspawn"
L 12/13/1999 - 22:07:04: "[R_C]NextWish<313>" say "650$"
L 12/13/1999 - 22:07:08: "[WHC]THAU<316>" say "wow :)"
L 12/13/1999 - 22:07:12: "[WHC]THAU<316>" say "not bad"
L 12/13/1999 - 22:07:26: "Thanatos<317>" say "did you know that observers can move?"
L 12/13/1999 - 22:07:33: "[WHC]THAU<316>" say "hwo?"
L 12/13/1999 - 22:07:35: "[WHC]THAU<316>" say "how?"
L 12/13/1999 - 22:07:52: "Thanatos<317>" say "normal movement keys. Its just REALLY REALLY slow"
L 12/13/1999 - 22:08:10: "[WHC]THAU<316>" say "playing chicken with the minigun :)"
L 12/13/1999 - 22:08:26: "[WHC]THAU<316>" killed by world with "turret"
L 12/13/1999 - 22:08:30: "Drarken<318>" killed by world with "turret"
L 12/13/1999 - 22:08:31: "[SNif]_Nozehed<319><WON:52899>" connected, address "24.192.85.45:27005"
L 12/13/1999 - 22:08:32: "Drarken<318>" activated the goal "info_player_teamspawn"
L 12/13/1999 - 22:08:34: "[WHC]THAU<316>" say "shit i lagged.... it killed me :)"
L 12/13/1999 - 22:08:35: "[WHC]THAU<316>" activated the goal "info_player_teamspawn"
L 12/13/1999 - 22:08:41: "[WHC]THAU<316>" changed to team "2".
L 12/13/1999 - 22:08:41: "[WHC]THAU<316>" killed self with "world"
L 12/13/1999 - 22:08:43: "[WHC]THAU<316>" activated the goal "info_player_teamspawn"
L 12/13/1999 - 22:08:45: "[WHC]THAU<316>" changed class to "Soldier"
L 12/13/1999 - 22:08:45: "[WHC]THAU<316>" activated the goal "info_player_teamspawn"
L 12/13/1999 - 22:08:51: "Thanatos<317>" say "it says you were both killed by the turret"
L 12/13/1999 - 22:08:59: "[R_C]NextWish<313>" say "L 12/13/1999 - 22:08:10: "[WHC]THAU<316>" say "playing chicken with the minigun"
L 12/13/1999 - 22:09:00: "[R_C]NextWish<313>" say "hmm"
L 12/13/1999 - 22:09:03: "[R_C]NextWish<313>" say "error.."
L 12/13/1999 - 22:09:05: "[R_C]NextWish<313>" joined team "1".
L 12/13/1999 - 22:09:05: "[R_C]NextWish<313>" changed class to "Civilian"
L 12/13/1999 - 22:09:05: "[R_C]NextWish<313>" activated the goal "info_player_teamspawn"
L 12/13/1999 - 22:09:05: "[R_C]NextWish<313>" activated the goal "The Hunted's Notepad"
L 12/13/1999 - 22:09:09: "[WHC]THAU<316>" say "wtf?"
L 12/13/1999 - 22:09:25: "Thanatos<317>" say "316? cool - AUSTIN 3:16 :)"
L 12/13/1999 - 22:09:29: "[SNif]_Nozehed<320><WON:52899>" connected, address "24.192.85.45:27005"
L 12/13/1999 - 22:09:31: "[R_C]NextWish<313>" say "hahaha"
L 12/13/1999 - 22:09:34: "[R_C]NextWish<313>" say ":)"
L 12/13/1999 - 22:09:36: "[WHC]THAU<316>" say "u like that draken :)"
L 12/13/1999 - 22:09:41: "[SNiF]NozeHED<320><WON:52899>" has entered the game
L 12/13/1999 - 22:09:46: "[R_C]NextWish<313>" say "noze is 320"
L 12/13/1999 - 22:09:55: "[SNiF]NozeHED<320>" say "hi"
L 12/13/1999 - 22:09:58: "Drarken<318>" say "oh i wanna see end of days"
L 12/13/1999 - 22:10:08: "[R_C]NextWish<313>" say "L 12/13/1999 - 22:09:55: "[SNiF]NozeHED<320>" say "hi""
L 12/13/1999 - 22:10:08: "[SNiF]NozeHED<320>" say "320?"
L 12/13/1999 - 22:10:20: "[R_C]NextWish<313>" say "hmm.."
L 12/13/1999 - 22:10:21: "[WHC]THAU<316>" say "lol nw :)"
L 12/13/1999 - 22:10:30: "[R_C]NextWish<313>" say "it's not working exactly properly yet.."
L 12/13/1999 - 22:10:42: "[WHC]THAU<316>" say "hmmm time for a rocket gren jump :)"
L 12/13/1999 - 22:10:43: "[SNiF]NozeHED<320>" joined team "3".
L 12/13/1999 - 22:10:43: "[R_C]NextWish<313>" say "but it seems not to be effecting the stats."
L 12/13/1999 - 22:10:47: "[SNiF]NozeHED<320>" changed class to "Sniper"
L 12/13/1999 - 22:10:47: "[SNiF]NozeHED<320>" activated the goal "info_player_teamspawn"
L 12/13/1999 - 22:10:49: "Thanatos<317>" say "its receiving the log right?"
L 12/13/1999 - 22:10:56: "[R_C]NextWish<313>" say "y"
L 12/13/1999 - 22:11:03: "[SNiF]NozeHED<320>" killed "[WHC]THAU<316>" with "headshot"
L 12/13/1999 - 22:11:05: "Thanatos<317>" say "well, then no problems"
L 12/13/1999 - 22:11:13: "Drarken<318>" killed "[R_C]NextWish<313>" with "sniperrifle"
L 12/13/1999 - 22:11:13: Broadcast: "#hunted_target_killed"
L 12/13/1999 - 22:11:13: "[SNiF]NozeHED<320>" activated the goal "info_player_teamspawn"
L 12/13/1999 - 22:11:13: "Drarken<318>" activated the goal "info_player_teamspawn"
L 12/13/1999 - 22:11:13: "[WHC]THAU<316>" say "sweet :) i jumped the whole building from the road :)"
L 12/13/1999 - 22:11:14: "[WHC]THAU<316>" activated the goal "info_player_teamspawn"
L 12/13/1999 - 22:11:14: "[R_C]NextWish<313>" say "true.."
L 12/13/1999 - 22:11:30: "[R_C]NextWish<313>" say "but it didnt close the say commmand in the log"
L 12/13/1999 - 22:11:31: "[R_C]NextWish<313>" activated the goal "info_player_teamspawn"
L 12/13/1999 - 22:11:31: "[R_C]NextWish<313>" activated the goal "The Hunted's Notepad"
L 12/13/1999 - 22:11:48: "[SNiF]NozeHED<320>" killed "[WHC]THAU<316>" with "sniperrifle"
L 12/13/1999 - 22:11:49: "[WHC]THAU<316>" activated the goal "info_player_teamspawn"
L 12/13/1999 - 22:12:02: "[WHC]THAU<316>" killed "[SNiF]NozeHED<320>" with "rocket"
L 12/13/1999 - 22:12:03: "[SNiF]NozeHED<320>" activated the goal "info_player_teamspawn"
L 12/13/1999 - 22:12:08: "Player<321><WON:10843439>" connected, address "139.134.255.173:27005"
L 12/13/1999 - 22:12:13: "Thanatos<317>" say "yay my observer is just getting around the corner of the building :)"
L 12/13/1999 - 22:12:32: "[SNiF]NozeHED<320>" killed "[WHC]THAU<316>" with "sniperrifle"
L 12/13/1999 - 22:12:32: "Player<321><WON:10843439>" has entered the game
L 12/13/1999 - 22:12:33: "[WHC]THAU<316>" activated the goal "info_player_teamspawn"
L 12/13/1999 - 22:12:46: "[R_C]NextWish<313>" say "hahah than"
L 12/13/1999 - 22:12:47: "[WHC]THAU<316>" say "meanies im trying to rocket gren jump the building"
L 12/13/1999 - 22:12:56: "Player<321>" say "hello ppl"
L 12/13/1999 - 22:13:02: "Thanatos<317>" say "hi"
L 12/13/1999 - 22:13:08: "[SNiF]NozeHED<320>" killed "[WHC]THAU<316>" with "headshot"
L 12/13/1999 - 22:13:09: "[WHC]THAU<316>" activated the goal "info_player_teamspawn"
L 12/13/1999 - 22:13:10: "Player<321>" say "hello than"
L 12/13/1999 - 22:13:10: "[R_C]NextWish<313>" say "thana the stats are cool in one way"
L 12/13/1999 - 22:13:18: "[WHC]THAU<316>" say "like that noze :)"
L 12/13/1999 - 22:13:18: "[R_C]NextWish<313>" say "it allows banning ppls with the name "Player" "
L 12/13/1999 - 22:13:21: "[R_C]NextWish<313>" say "from the stats.."
L 12/13/1999 - 22:13:27: "[R_C]NextWish<313>" say ":)"
L 12/13/1999 - 22:13:30: "[SNiF]NozeHED<320>" say "very nice"
L 12/13/1999 - 22:13:36: "Player<321>" say "hello next wish"
L 12/13/1999 - 22:13:38: "Drarken<318>" killed by world with "turret"
L 12/13/1999 - 22:13:40: "[R_C]NextWish<313>" say "hi"
L 12/13/1999 - 22:13:40: "Drarken<318>" activated the goal "info_player_teamspawn"
L 12/13/1999 - 22:13:42: "[R_C]NextWish<313>" say "who are u player?"
L 12/13/1999 - 22:13:49: "[WHC]THAU<316>" killed "[SNiF]NozeHED<320>" with "rocket"
L 12/13/1999 - 22:13:51: "[SNiF]NozeHED<320>" activated the goal "info_player_teamspawn"
L 12/13/1999 - 22:13:52: "Player<321>" say "you are R_C i see"
L 12/13/1999 - 22:13:52: "Drarken<318>" changed name to "Player<318>"
L 12/13/1999 - 22:13:54: Rcon from "24.192.44.165:27005":"(rcon "rur4l153" "users")"
L 12/13/1999 - 22:14:03: "[R_C]NextWish<313>" say "hold"
L 12/13/1999 - 22:14:06: "[R_C]NextWish<313>" say "i got a log :)"
L 12/13/1999 - 22:14:13: "Player<321>" say "im am the world eater"
L 12/13/1999 - 22:14:17: "[R_C]NextWish<313>" say "thana just about to see if the rotation worked :)"
L 12/13/1999 - 22:14:17: "[SNiF]NozeHED<320>" killed "[WHC]THAU<316>" with "sniperrifle"
L 12/13/1999 - 22:14:19: "[WHC]THAU<316>" activated the goal "info_player_teamspawn"
L 12/13/1999 - 22:14:19: "Thanatos<317>" say "chaos space marine"
L 12/13/1999 - 22:14:33: "[WHC]THAU<316>" killed "(1)Player<318>" with "rocket"
L 12/13/1999 - 22:14:35: "(1)Player<318>" activated the goal "info_player_teamspawn"
L 12/13/1999 - 22:14:37: "[R_C]NextWish<313>" say "MUHAHAHAHA"
L 12/13/1999 - 22:14:38: "[R_C]NextWish<313>" say "MUHAHAHAHA"
L 12/13/1999 - 22:14:40: "[R_C]NextWish<313>" say "MUHAHAHAHA"
L 12/13/1999 - 22:14:41: "[R_C]NextWish<313>" say "MUHAHAHAHA"
L 12/13/1999 - 22:14:41: "[R_C]NextWish<313>" say "MUHAHAHAHA"
L 12/13/1999 - 22:14:43: "[R_C]NextWish<313>" say "it WORKED!"
L 12/13/1999 - 22:14:44: "Player<321>" say "hehe i know u NW"
L 12/13/1999 - 22:14:46: "[WHC]THAU<316>" killed "[SNiF]NozeHED<320>" with "rocket"
L 12/13/1999 - 22:14:49: "[SNiF]NozeHED<320>" activated the goal "info_player_teamspawn"
L 12/13/1999 - 22:14:50: "[R_C]NextWish<313>" say "sweet baby.."
L 12/13/1999 - 22:14:51: "(1)Player<318>" killed "[WHC]THAU<316>" with "sniperrifle"
L 12/13/1999 - 22:14:52: "[WHC]THAU<316>" activated the goal "info_player_teamspawn"
L 12/13/1999 - 22:14:55: "Thanatos<317>" say "you just got half the spam limit NW"
L 12/13/1999 - 22:14:55: "[R_C]NextWish<313>" say "it's rotating the logs"
L 12/13/1999 - 22:15:02: "[R_C]NextWish<313>" say "thana i know :)"
L 12/13/1999 - 22:15:07: "[R_C]NextWish<313>" say "i time my spamming "
L 12/13/1999 - 22:15:14: "[SNiF]NozeHED<320>" killed "[WHC]THAU<316>" with "headshot"
L 12/13/1999 - 22:15:18: "Thanatos<317>" say "of course you do, you probably have a script for it"
L 12/13/1999 - 22:15:19: "[WHC]THAU<316>" activated the goal "info_player_teamspawn"
L 12/13/1999 - 22:15:22: "[R_C]NextWish<313>" say "so i never hit the limit :)"
L 12/13/1999 - 22:15:26: "Player<321>" say "hehe my name reset"
L 12/13/1999 - 22:15:32: "[R_C]NextWish<313>" say "thana, sssh :)"
L 12/13/1999 - 22:15:50: "[R_C]NextWish<313>" say "thana u want that screenshot?"
L 12/13/1999 - 22:15:58: "Thanatos<317>" say "no rush"
L 12/13/1999 - 22:16:01: "Player<321>" joined team "2".
L 12/13/1999 - 22:16:03: "Player<321>" changed class to "Soldier"
L 12/13/1999 - 22:16:03: "Player<321>" activated the goal "info_player_teamspawn"
L 12/13/1999 - 22:16:04: "(1)Player<318>" killed "[R_C]NextWish<313>" with "headshot"
L 12/13/1999 - 22:16:05: Broadcast: "#hunted_target_killed"
L 12/13/1999 - 22:16:05: "[SNiF]NozeHED<320>" activated the goal "info_player_teamspawn"
L 12/13/1999 - 22:16:05: "[WHC]THAU<316>" activated the goal "info_player_teamspawn"
L 12/13/1999 - 22:16:05: "Player<321>" activated the goal "info_player_teamspawn"
L 12/13/1999 - 22:16:05: "(1)Player<318>" activated the goal "info_player_teamspawn"
L 12/13/1999 - 22:16:10: "[R_C]NextWish<313>" activated the goal "info_player_teamspawn"
L 12/13/1999 - 22:16:10: "[R_C]NextWish<313>" activated the goal "The Hunted's Notepad"
L 12/13/1999 - 22:16:13: "[R_C]NextWish<313>" say "accept the file"
L 12/13/1999 - 22:16:24: "Player<321>" say_team "nw stop"
L 12/13/1999 - 22:16:32: "(1)Player<318>" killed "[R_C]NextWish<313>" with "axe"
L 12/13/1999 - 22:16:32: Broadcast: "#hunted_target_killed"
L 12/13/1999 - 22:16:32: "[SNiF]NozeHED<320>" activated the goal "info_player_teamspawn"
L 12/13/1999 - 22:16:32: "[WHC]THAU<316>" activated the goal "info_player_teamspawn"
L 12/13/1999 - 22:16:32: "Player<321>" activated the goal "info_player_teamspawn"
L 12/13/1999 - 22:16:32: "(1)Player<318>" activated the goal "info_player_teamspawn"
L 12/13/1999 - 22:16:34: "[R_C]NextWish<313>" say ":("
L 12/13/1999 - 22:16:36: "[SNiF]NozeHED<320>" say "whats the log gonna do for everyone?"
L 12/13/1999 - 22:16:37: "[R_C]NextWish<313>" say "it dont work"
L 12/13/1999 - 22:16:38: "[R_C]NextWish<313>" activated the goal "info_player_teamspawn"
L 12/13/1999 - 22:16:38: "[R_C]NextWish<313>" activated the goal "The Hunted's Notepad"
L 12/13/1999 - 22:16:47: "[R_C]NextWish<313>" killed by world with "door"
L 12/13/1999 - 22:16:48: Broadcast: "#hunted_target_killed"
L 12/13/1999 - 22:16:48: "[SNiF]NozeHED<320>" activated the goal "info_player_teamspawn"
L 12/13/1999 - 22:16:48: "[WHC]THAU<316>" activated the goal "info_player_teamspawn"
L 12/13/1999 - 22:16:48: "Player<321>" activated the goal "info_player_teamspawn"
L 12/13/1999 - 22:16:48: "(1)Player<318>" activated the goal "info_player_teamspawn"
L 12/13/1999 - 22:16:55: "Thanatos<317>" say "stats and stats alone, nothing more (frowns at NW)"
L 12/13/1999 - 22:17:09: "[R_C]NextWish<313>" say "thana, it can help with admin ing :)"
L 12/13/1999 - 22:17:12: "[R_C]NextWish<313>" activated the goal "info_player_teamspawn"
L 12/13/1999 - 22:17:12: "[R_C]NextWish<313>" activated the goal "The Hunted's Notepad"
L 12/13/1999 - 22:17:22: "[R_C]NextWish<313>" killed by world with "door"
L 12/13/1999 - 22:17:23: Broadcast: "#hunted_target_killed"
L 12/13/1999 - 22:17:23: "[SNiF]NozeHED<320>" activated the goal "info_player_teamspawn"
L 12/13/1999 - 22:17:23: "[WHC]THAU<316>" activated the goal "info_player_teamspawn"
L 12/13/1999 - 22:17:23: "Player<321>" activated the goal "info_player_teamspawn"
L 12/13/1999 - 22:17:23: "(1)Player<318>" activated the goal "info_player_teamspawn"
L 12/13/1999 - 22:17:24: "[R_C]NextWish<313>" say "finding assholes and having proof.."
L 12/13/1999 - 22:17:26: "[R_C]NextWish<313>" say ":)"
L 12/13/1999 - 22:17:26: "[R_C]NextWish<313>" activated the goal "info_player_teamspawn"
L 12/13/1999 - 22:17:26: "[R_C]NextWish<313>" activated the goal "The Hunted's Notepad"
L 12/13/1999 - 22:17:28: "[SNiF]NozeHED<320>" say "how so?"
L 12/13/1999 - 22:17:29: "[R_C]NextWish<313>" killed by world with "door"
L 12/13/1999 - 22:17:29: Broadcast: "#hunted_target_killed"
L 12/13/1999 - 22:17:29: "[SNiF]NozeHED<320>" activated the goal "info_player_teamspawn"
L 12/13/1999 - 22:17:29: "[WHC]THAU<316>" activated the goal "info_player_teamspawn"
L 12/13/1999 - 22:17:29: "Player<321>" activated the goal "info_player_teamspawn"
L 12/13/1999 - 22:17:29: "(1)Player<318>" activated the goal "info_player_teamspawn"
L 12/13/1999 - 22:17:30: "[R_C]NextWish<313>" activated the goal "info_player_teamspawn"
L 12/13/1999 - 22:17:30: "[R_C]NextWish<313>" activated the goal "The Hunted's Notepad"
L 12/13/1999 - 22:17:35: "Thanatos<317>" say "we have demos as proof anyway"
L 12/13/1999 - 22:17:40: "[R_C]NextWish<313>" say "true.."
L 12/13/1999 - 22:17:46: "[R_C]NextWish<313>" say "server console log is good too"
L 12/13/1999 - 22:17:47: "[R_C]NextWish<313>" say ":)"
L 12/13/1999 - 22:17:53: "[SNiF]NozeHED<320>" killed "[WHC]THAU<316>" with "headshot"
L 12/13/1999 - 22:17:55: "[WHC]THAU<316>" activated the goal "info_player_teamspawn"
L 12/13/1999 - 22:17:57: "[R_C]NextWish<313>" say "whats up with yer icq thana?"
L 12/13/1999 - 22:18:02: "[R_C]NextWish<313>" say "i cant send the screenshot"
L 12/13/1999 - 22:18:05: "[WHC]THAU<316>" killed "(1)Player<318>" with "rocket"
L 12/13/1999 - 22:18:06: "Thanatos<317>" say "you do realise that you aren't actually gonna get to run the logger anyway"
L 12/13/1999 - 22:18:06: "(1)Player<318>" activated the goal "info_player_teamspawn"
L 12/13/1999 - 22:18:13: "[R_C]NextWish<313>" say "prolly"
L 12/13/1999 - 22:18:13: "[SNiF]NozeHED<320>" killed "[WHC]THAU<316>" with "headshot"
L 12/13/1999 - 22:18:16: "Player<321>" say "DONT TOUCH ME R_C SCUM!"
L 12/13/1999 - 22:18:18: "[WHC]THAU<316>" activated the goal "info_player_teamspawn"
L 12/13/1999 - 22:18:21: "[R_C]NextWish<313>" say "HIX"
L 12/13/1999 - 22:18:23: "[R_C]NextWish<313>" say "u prick"
L 12/13/1999 - 22:18:24: "[R_C]NextWish<313>" say ":)"
L 12/13/1999 - 22:18:28: "[R_C]NextWish<313>" say "haha"
L 12/13/1999 - 22:18:29: "[R_C]NextWish<313>" say "wassu"
L 12/13/1999 - 22:18:33: "[WHC]THAU<316>" killed "(1)Player<318>" with "rocket"
L 12/13/1999 - 22:18:34: "(1)Player<318>" activated the goal "info_player_teamspawn"
L 12/13/1999 - 22:18:47: "(1)Player<318>" changed name to "Drarken<318>"
L 12/13/1999 - 22:19:02: "Player<321>" changed name to "(e)Lt. Hix<321>"
L 12/13/1999 - 22:19:05: "[WHC]THAU<316>" killed "[SNiF]NozeHED<320>" with "rocket"
L 12/13/1999 - 22:19:07: "[SNiF]NozeHED<320>" activated the goal "info_player_teamspawn"
L 12/13/1999 - 22:19:15: "Drarken<318>" killed "[R_C]NextWish<313>" with "axe"
L 12/13/1999 - 22:19:15: Broadcast: "#hunted_target_killed"
L 12/13/1999 - 22:19:15: "[SNiF]NozeHED<320>" activated the goal "info_player_teamspawn"
L 12/13/1999 - 22:19:15: "[WHC]THAU<316>" activated the goal "info_player_teamspawn"
L 12/13/1999 - 22:19:15: "(e)Lt. Hix<321>" activated the goal "info_player_teamspawn"
L 12/13/1999 - 22:19:15: "Drarken<318>" activated the goal "info_player_teamspawn"
L 12/13/1999 - 22:19:16: "[R_C]NextWish<313>" activated the goal "info_player_teamspawn"
L 12/13/1999 - 22:19:16: "[R_C]NextWish<313>" activated the goal "The Hunted's Notepad"
L 12/13/1999 - 22:19:24: "Thanatos<317>" say "notice I said nothing there, I'm good like that :P"
L 12/13/1999 - 22:19:27: "[R_C]NextWish<313>" killed by world with "door"
L 12/13/1999 - 22:19:27: Broadcast: "#hunted_target_killed"
L 12/13/1999 - 22:19:27: "[SNiF]NozeHED<320>" activated the goal "info_player_teamspawn"
L 12/13/1999 - 22:19:27: "[WHC]THAU<316>" activated the goal "info_player_teamspawn"
L 12/13/1999 - 22:19:27: "(e)Lt. Hix<321>" activated the goal "info_player_teamspawn"
L 12/13/1999 - 22:19:27: "Drarken<318>" activated the goal "info_player_teamspawn"
L 12/13/1999 - 22:19:29: "[R_C]NextWish<313>" activated the goal "info_player_teamspawn"
L 12/13/1999 - 22:19:29: "[R_C]NextWish<313>" activated the goal "The Hunted's Notepad"
L 12/13/1999 - 22:19:29: "[WHC]THAU<316>" say "haha hix i like the logo :)"
L 12/13/1999 - 22:19:37: "(e)Lt. Hix<321>" say "tynx mate"
L 12/13/1999 - 22:19:47: "[R_C]NextWish<313>" say "he stole the logo at the last lan i went to"
L 12/13/1999 - 22:19:50: "[R_C]NextWish<313>" say "damn file sharing"
L 12/13/1999 - 22:19:51: "[R_C]NextWish<313>" say ":)"
L 12/13/1999 - 22:19:55: "[WHC]THAU<316>" say "rebel gays :)"
L 12/13/1999 - 22:19:56: "[SNiF]NozeHED<320>" killed "[WHC]THAU<316>" with "headshot"
L 12/13/1999 - 22:19:57: "ThE MaTriX<322><WON:10820919>" connected, address "24.192.24.49:21044"
L 12/13/1999 - 22:19:58: "[WHC]THAU<316>" activated the goal "info_player_teamspawn"
L 12/13/1999 - 22:20:06: "[SNiF]NozeHED<320>" killed "(e)Lt. Hix<321>" with "sniperrifle"
L 12/13/1999 - 22:20:07: "(e)Lt. Hix<321>" activated the goal "info_player_teamspawn"
L 12/13/1999 - 22:20:08: "Drarken<318>" say "hahahahahaehehehehee"
L 12/13/1999 - 22:20:17: "ThE MaTriX<322><WON:10820919>" has entered the game
L 12/13/1999 - 22:20:18: "[WHC]THAU<316>" killed "[SNiF]NozeHED<320>" with "rocket"
L 12/13/1999 - 22:20:19: "[SNiF]NozeHED<320>" activated the goal "info_player_teamspawn"
L 12/13/1999 - 22:20:25: "Thanatos<317>" say "my observer is just entering the tunnel"
L 12/13/1999 - 22:20:26: "ThE MaTriX<322>" say "pplz...."
L 12/13/1999 - 22:20:30: "[R_C]NextWish<313>" say "hahah thana"
L 12/13/1999 - 22:20:33: "[R_C]NextWish<313>" say "let me try"
L 12/13/1999 - 22:20:34: "[R_C]NextWish<313>" say ":)"
L 12/13/1999 - 22:20:35: "[R_C]NextWish<313>" disconnected
L 12/13/1999 - 22:20:35: Broadcast: "#hunted_target_killed"
L 12/13/1999 - 22:20:35: "[SNiF]NozeHED<320>" activated the goal "info_player_teamspawn"
L 12/13/1999 - 22:20:35: "[WHC]THAU<316>" activated the goal "info_player_teamspawn"
L 12/13/1999 - 22:20:35: "(e)Lt. Hix<321>" activated the goal "info_player_teamspawn"
L 12/13/1999 - 22:20:35: "Drarken<318>" activated the goal "info_player_teamspawn"
L 12/13/1999 - 22:20:38: "[R_C]NextWish<323><WON:10680129>" connected, address "24.192.50.16:27005"
L 12/13/1999 - 22:20:42: "[SNiF]NozeHED<320>" say "observer?"
L 12/13/1999 - 22:20:44: "ThE MaTriX<322>" say "aww..no choice"
L 12/13/1999 - 22:20:54: "ThE MaTriX<322>" say "wtf"
L 12/13/1999 - 22:21:01: "[TC]hollywood<324><WON:11210499>" connected, address "24.192.10.191:27005"
L 12/13/1999 - 22:21:03: "Thanatos<317>" say "you know the fixed camera that you are at when ya choose your team?"
L 12/13/1999 - 22:21:03: "ThE MaTriX<322>" joined team "3".
L 12/13/1999 - 22:21:05: "ThE MaTriX<322>" changed class to "Sniper"
L 12/13/1999 - 22:21:05: "ThE MaTriX<322>" activated the goal "info_player_teamspawn"
L 12/13/1999 - 22:21:11: "[WHC]THAU<316>" say "so hix do u stay up all night just trying to work out that logo?"
L 12/13/1999 - 22:21:14: "[R_C]NextWish<325><WON:10680129>" connected, address "24.192.50.16:27005"
L 12/13/1999 - 22:21:16: "[SNiF]NozeHED<320>" say "ya"
L 12/13/1999 - 22:21:20: "[TC]CARNAGE<324><WON:11210499>" has entered the game
L 12/13/1999 - 22:21:22: "Thanatos<317>" say "you can MOVE from that spot"
L 12/13/1999 - 22:21:24: "(e)Lt. Hix<321>" say "nope"
L 12/13/1999 - 22:21:25: "[R_C]NextWish<325><WON:10680129>" has entered the game
L 12/13/1999 - 22:21:28: "[TC]CARNAGE<324>" say "hey all"
L 12/13/1999 - 22:21:31: "[WHC]THAU<316>" say "man your said hix :)"
L 12/13/1999 - 22:21:33: "[R_C]NextWish<325>" say "hahah"
L 12/13/1999 - 22:21:35: "Alert<326><WON:11241119>" connected, address "139.134.255.69:27005"
L 12/13/1999 - 22:21:35: "ThE MaTriX<322>" say "hey carn"
L 12/13/1999 - 22:21:36: "[SNiF]NozeHED<320>" say "just admins?"
L 12/13/1999 - 22:21:36: "[R_C]NextWish<325>" say "io'm moving"
L 12/13/1999 - 22:21:42: "[SNiF]NozeHED<320>" killed "(e)Lt. Hix<321>" with "headshot"
L 12/13/1999 - 22:21:44: "(e)Lt. Hix<321>" activated the goal "info_player_teamspawn"
L 12/13/1999 - 22:21:44: "[R_C]NextWish<325>" say "sick :)"
L 12/13/1999 - 22:21:47: "[TC]CARNAGE<324>" joined team "2".
L 12/13/1999 - 22:21:49: "[TC]CARNAGE<324>" changed class to "Medic"
L 12/13/1999 - 22:21:49: "[TC]CARNAGE<324>" activated the goal "info_player_teamspawn"
L 12/13/1999 - 22:21:49: "ThE MaTriX<322>" say "you seen dav arund?"
L 12/13/1999 - 22:21:50: "Thanatos<317>" say "no, anyone. It is unbelievably slow, but it works"
L 12/13/1999 - 22:21:58: "(e)Lt. Hix<321>" killed "Drarken<318>" with "rocket"
L 12/13/1999 - 22:21:59: "Drarken<318>" activated the goal "info_player_teamspawn"
L 12/13/1999 - 22:22:00: "[R_C]NextWish<325>" say "just type +forward"
L 12/13/1999 - 22:22:01: "[TSS]Alert<326><WON:11241119>" has entered the game
L 12/13/1999 - 22:22:02: "[R_C]NextWish<325>" say "on the console"
L 12/13/1999 - 22:22:05: "[TC]CARNAGE<324>" killed "[SNiF]NozeHED<320>" with "normalgrenade"
L 12/13/1999 - 22:22:10: "[SNiF]NozeHED<320>" activated the goal "info_player_teamspawn"
L 12/13/1999 - 22:22:17: "[WHC]THAU<316>" killed "Drarken<318>" with "rocket"
L 12/13/1999 - 22:22:19: "Drarken<318>" activated the goal "info_player_teamspawn"
L 12/13/1999 - 22:22:21: "Thanatos<317>" say "i have, but it don't change the fact its slow"
L 12/13/1999 - 22:22:22: "[WHC]THAU<316>" say "haha draken :)"
L 12/13/1999 - 22:22:27: "[R_C]NextWish<325>" say "yeah"
L 12/13/1999 - 22:22:30: "[TC]CARNAGE<324>" killed "ThE MaTriX<322>" with "normalgrenade"
L 12/13/1999 - 22:22:31: "ThE MaTriX<322>" activated the goal "info_player_teamspawn"
L 12/13/1999 - 22:22:32: "[R_C]NextWish<325>" say "woo"
L 12/13/1999 - 22:22:32: "[TSS]Alert<326>" joined team "2".
L 12/13/1999 - 22:22:36: "[R_C]NextWish<325>" say "i'm at the helipad"
L 12/13/1999 - 22:22:40: "sturger<327><WON:10853469>" connected, address "139.134.255.218:27005"
L 12/13/1999 - 22:22:41: "[TSS]Alert<326>" changed class to "Soldier"
L 12/13/1999 - 22:22:41: "[TSS]Alert<326>" activated the goal "info_player_teamspawn"
L 12/13/1999 - 22:22:48: "[SNiF]NozeHED<320>" killed "[WHC]THAU<316>" with "sniperrifle"
L 12/13/1999 - 22:22:51: "Thanatos<317>" say "ah a soldier just ran past"
L 12/13/1999 - 22:22:58: "sturger<327><WON:10853469>" has entered the game
L 12/13/1999 - 22:22:58: "Thanatos<317>" say "through the corridor"
L 12/13/1999 - 22:23:00: "[SNiF]NozeHED<320>" killed "[TC]CARNAGE<324>" with "sniperrifle"
L 12/13/1999 - 22:23:04: "[WHC]THAU<316>" changed to team "3".
L 12/13/1999 - 22:23:04: "[WHC]THAU<316>" killed self with "world"
L 12/13/1999 - 22:23:05: "Thanatos<317>" say "now a sniper is here"
L 12/13/1999 - 22:23:06: "sturger<327>" joined team "1".
L 12/13/1999 - 22:23:06: "sturger<327>" changed class to "Civilian"
L 12/13/1999 - 22:23:06: "sturger<327>" activated the goal "info_player_teamspawn"
L 12/13/1999 - 22:23:06: "sturger<327>" activated the goal "The Hunted's Notepad"
L 12/13/1999 - 22:23:06: "[R_C]NextWish<325>" say "thana can we leave this going for a couple of days?"
L 12/13/1999 - 22:23:08: "[WHC]THAU<316>" activated the goal "info_player_teamspawn"
L 12/13/1999 - 22:23:17: "Thanatos<317>" say "hi sniper"
L 12/13/1999 - 22:23:24: "[R_C]NextWish<325>" say "hi sniper"
L 12/13/1999 - 22:23:24: "[SNiF]NozeHED<320>" say "hi"
L 12/13/1999 - 22:23:29: "[R_C]NextWish<325>" say "waive yer crowie for me plz"
L 12/13/1999 - 22:23:32: "Thanatos<317>" say "heh heh, twas you nozehed"
L 12/13/1999 - 22:23:36: "[R_C]NextWish<325>" say "i'm right ontop of your head"
L 12/13/1999 - 22:23:36: "ThE MaTriX<322>" say "wtf are yous doing?"
L 12/13/1999 - 22:23:37: "sturger<327>" say "hey thau u wanna play aoe2"
L 12/13/1999 - 22:23:42: "[WHC]THAU<316>" say "holy fuck than - u hardly notice u are moving"
L 12/13/1999 - 22:23:47: "[WHC]THAU<316>" say "yeah ok sturger"
L 12/13/1999 - 22:23:51: "sturger<327>" say "strat got a game"
L 12/13/1999 - 22:23:54: "[TC]CARNAGE<324>" say "what the fuk"
L 12/13/1999 - 22:23:55: "sturger<327>" say "cool"
L 12/13/1999 - 22:23:59: "[WHC]THAU<316>" say "yep ill be there in one min"
L 12/13/1999 - 22:24:00: "sturger<327>" disconnected
L 12/13/1999 - 22:24:00: "[WHC]THAU<316>" changed class to "Sniper"
L 12/13/1999 - 22:24:00: "[WHC]THAU<316>" activated the goal "info_player_teamspawn"
L 12/13/1999 - 22:24:00: "ThE MaTriX<322>" killed by world with "turret"
L 12/13/1999 - 22:24:01: Broadcast: "#hunted_target_killed"
L 12/13/1999 - 22:24:01: "[SNiF]NozeHED<320>" activated the goal "info_player_teamspawn"
L 12/13/1999 - 22:24:01: "[WHC]THAU<316>" activated the goal "info_player_teamspawn"
L 12/13/1999 - 22:24:01: "(e)Lt. Hix<321>" activated the goal "info_player_teamspawn"
L 12/13/1999 - 22:24:01: "Drarken<318>" activated the goal "info_player_teamspawn"
L 12/13/1999 - 22:24:01: "[TSS]Alert<326>" activated the goal "info_player_teamspawn"
L 12/13/1999 - 22:24:03: "Thanatos<317>" say "yeah thau, but you are"
L 12/13/1999 - 22:24:14: "ThE MaTriX<322>" say "wtf r u doing?"
L 12/13/1999 - 22:24:14: "Thanatos<317>" say "I am half way down the corridor"
L 12/13/1999 - 22:24:17: "[WHC]THAU<316>" say "i know... but wow .... sloooooow"
L 12/13/1999 - 22:24:17: "[TC]CARNAGE<324>" say "i'm not respawning"
L 12/13/1999 - 22:24:19: "[R_C]NextWish<325>" say "than how can i get the screenshot to u"
L 12/13/1999 - 22:24:28: "Thanatos<317>" say "*shrugs*"
L 12/13/1999 - 22:24:28: "ThE MaTriX<322>" activated the goal "info_player_teamspawn"
L 12/13/1999 - 22:24:33: "[R_C]NextWish<325>" say "whats yer email?"
L 12/13/1999 - 22:24:34: "[R_C]NextWish<325>" say "thanatos?"
L 12/13/1999 - 22:24:36: "[TC]CARNAGE<324>" disconnected
L 12/13/1999 - 22:24:38: "Thanatos<317>" say "yeah"
L 12/13/1999 - 22:24:39: "[R_C]NextWish<325>" say "thanatos@bigbong.com"
L 12/13/1999 - 22:24:43: "[R_C]NextWish<325>" say "thanatos@bigbong.net.au"
L 12/13/1999 - 22:24:45: "[WHC]THAU<316>" killed "(e)Lt. Hix<321>" with "headshot"
L 12/13/1999 - 22:24:45: "Thanatos<317>" say "yeah"
L 12/13/1999 - 22:24:48: "[TC]hollywood<328><WON:11210499>" connected, address "24.192.10.191:27005"
L 12/13/1999 - 22:24:50: "[TC]hollywood<328>" changed name to "[TC]CARNAGE<328>"
L 12/13/1999 - 22:24:50: "(e)Lt. Hix<321>" activated the goal "info_player_teamspawn"
L 12/13/1999 - 22:24:50: "[R_C]NextWish<325>" say "ok :)"
L 12/13/1999 - 22:24:56: "Thanatos<317>" say "thanatos@bigswamp.net.au"
L 12/13/1999 - 22:24:57: "[TSS]Alert<326>" killed "Drarken<318>" with "rocket"
L 12/13/1999 - 22:25:01: "Drarken<318>" activated the goal "info_player_teamspawn"
L 12/13/1999 - 22:25:02: "[R_C]NextWish<325>" say "ta"
L 12/13/1999 - 22:25:03: "[TC]CARNAGE<328><WON:11210499>" has entered the game
L 12/13/1999 - 22:25:06: "[WHC]THAU<316>" say "cyas"
L 12/13/1999 - 22:25:07: "Drarken<318>" changed to team "1".
L 12/13/1999 - 22:25:07: "Drarken<318>" killed self with "world"
L 12/13/1999 - 22:25:08: "[WHC]THAU<316>" disconnected
L 12/13/1999 - 22:25:08: "Drarken<318>" activated the goal "info_player_teamspawn"
L 12/13/1999 - 22:25:08: "Drarken<318>" changed class to "Civilian"
L 12/13/1999 - 22:25:08: "Drarken<318>" activated the goal "info_player_teamspawn"
L 12/13/1999 - 22:25:08: "Drarken<318>" activated the goal "The Hunted's Notepad"
L 12/13/1999 - 22:25:08: "ThE MaTriX<322>" say "wtf are you doing"
L 12/13/1999 - 22:25:10: "[TC]CARNAGE<328>" joined team "2".
L 12/13/1999 - 22:25:11: "[TC]CARNAGE<328>" changed class to "Medic"
L 12/13/1999 - 22:25:11: "[TC]CARNAGE<328>" activated the goal "info_player_teamspawn"
L 12/13/1999 - 22:25:24: "[TC]CARNAGE<328>" killed "[SNiF]NozeHED<320>" with "normalgrenade"
L 12/13/1999 - 22:25:25: "[SNiF]NozeHED<320>" activated the goal "info_player_teamspawn"
L 12/13/1999 - 22:25:26: "ThE MaTriX<322>" say "icant stop walking"
L 12/13/1999 - 22:25:37: "[TC]CARNAGE<328>" killed "ThE MaTriX<322>" with "normalgrenade"
L 12/13/1999 - 22:25:40: "Racer<329><WON:10833299>" connected, address "24.192.19.177:27005"
L 12/13/1999 - 22:25:52: "ThE MaTriX<322>" say "wtf are yous doing nw and than?"
L 12/13/1999 - 22:25:56: "(e)Lt. Hix<321>" disconnected
L 12/13/1999 - 22:25:57: "[SNiF]NozeHED<320>" killed "[TC]CARNAGE<328>" with "sniperrifle"
L 12/13/1999 - 22:25:58: "[R_C]NextWish<325>" say "we are specing u"
L 12/13/1999 - 22:25:59: "[TC]CARNAGE<328>" activated the goal "info_player_teamspawn"
L 12/13/1999 - 22:26:02: "Racer<329><WON:10833299>" has entered the game
L 12/13/1999 - 22:26:07: "ThE MaTriX<322>" say "wha?"
L 12/13/1999 - 22:26:11: "[SNiF]NozeHED<320>" killed "Drarken<318>" with "sniperrifle"
L 12/13/1999 - 22:26:11: Broadcast: "#hunted_target_killed"
L 12/13/1999 - 22:26:11: "[SNiF]NozeHED<320>" activated the goal "info_player_teamspawn"
L 12/13/1999 - 22:26:11: "[TC]CARNAGE<328>" activated the goal "info_player_teamspawn"
L 12/13/1999 - 22:26:11: "[TSS]Alert<326>" activated the goal "info_player_teamspawn"
L 12/13/1999 - 22:26:12: "Drarken<318>" activated the goal "info_player_teamspawn"
L 12/13/1999 - 22:26:12: "Drarken<318>" activated the goal "The Hunted's Notepad"
L 12/13/1999 - 22:26:13: "[R_C]NextWish<325>" say "we are spectating you"
L 12/13/1999 - 22:26:15: "[R_C]NextWish<325>" say "moving around"
L 12/13/1999 - 22:26:16: "Racer<329>" joined team "2".
L 12/13/1999 - 22:26:18: "Racer<329>" changed class to "Soldier"
L 12/13/1999 - 22:26:18: "Racer<329>" activated the goal "info_player_teamspawn"
L 12/13/1999 - 22:26:19: "ThE MaTriX<322>" say "how?"
L 12/13/1999 - 22:26:20: "[R_C]NextWish<325>" say "specatating the game"
L 12/13/1999 - 22:26:28: "ThE MaTriX<322>" say "how?"
L 12/13/1999 - 22:26:29: "Thanatos<317>" say "I am about to round the corner"
L 12/13/1999 - 22:26:34: "[R_C]NextWish<325>" say "same.."
L 12/13/1999 - 22:26:44: "ThE MaTriX<322>" say "i cant respawn"
L 12/13/1999 - 22:26:46: "[TSS]Alert<326>" killed "[SNiF]NozeHED<320>" with "rocket"
L 12/13/1999 - 22:26:47: "Thanatos<317>" say "I doubt it, I'm much closer :)"
L 12/13/1999 - 22:26:49: "[SNiF]NozeHED<320>" activated the goal "info_player_teamspawn"
L 12/13/1999 - 22:26:51: "ThE MaTriX<322>" say "brb"
L 12/13/1999 - 22:26:53: "[R_C]NextWish<325>" say "heheh"
L 12/13/1999 - 22:26:54: "ThE MaTriX<322>" disconnected
L 12/13/1999 - 22:27:04: "ThE MaTriX<322><WON:10820919>" has entered the game
L 12/13/1999 - 22:27:07: "[SNiF]NozeHED<320>" killed "Racer<329>" with "sniperrifle"
L 12/13/1999 - 22:27:08: "Racer<329>" activated the goal "info_player_teamspawn"
L 12/13/1999 - 22:27:15: "ThE MaTriX<322>" say "how do you do that? or whatever"
L 12/13/1999 - 22:27:19: Broadcast: "#hunted_target_scores"
L 12/13/1999 - 22:27:19: Named Broadcast: "#hunted_target_scores" ("Drarken<318>")
L 12/13/1999 - 22:27:19: "[SNiF]NozeHED<320>" activated the goal "info_player_teamspawn"
L 12/13/1999 - 22:27:19: "Racer<329>" activated the goal "info_player_teamspawn"
L 12/13/1999 - 22:27:19: "Drarken<318>" activated the goal "info_player_teamspawn"
L 12/13/1999 - 22:27:19: "Drarken<318>" activated the goal "The Hunted's Notepad"
L 12/13/1999 - 22:27:19: "[TC]CARNAGE<328>" activated the goal "info_player_teamspawn"
L 12/13/1999 - 22:27:19: "[TSS]Alert<326>" activated the goal "info_player_teamspawn"
L 12/13/1999 - 22:27:23: "[R_C]NextWish<325>" say "hold down forward"
L 12/13/1999 - 22:27:25: "[R_C]NextWish<325>" say "and watch"
L 12/13/1999 - 22:27:42: "[R_C]NextWish<325>" say "see?"
L 12/13/1999 - 22:27:44: "Thanatos<317>" say "here we go........."
L 12/13/1999 - 22:27:44: "[SNiF]NozeHED<320>" killed "Drarken<318>" with "autorifle"
L 12/13/1999 - 22:27:45: Broadcast: "#hunted_target_killed"
L 12/13/1999 - 22:27:45: "[SNiF]NozeHED<320>" activated the goal "info_player_teamspawn"
L 12/13/1999 - 22:27:45: "Racer<329>" activated the goal "info_player_teamspawn"
L 12/13/1999 - 22:27:45: "[TC]CARNAGE<328>" activated the goal "info_player_teamspawn"
L 12/13/1999 - 22:27:45: "[TSS]Alert<326>" activated the goal "info_player_teamspawn"
L 12/13/1999 - 22:27:46: "Drarken<318>" activated the goal "info_player_teamspawn"
L 12/13/1999 - 22:27:46: "Drarken<318>" activated the goal "The Hunted's Notepad"
L 12/13/1999 - 22:27:51: "Thanatos<317>" say "coming up to the turn......"
L 12/13/1999 - 22:27:54: "ThE MaTriX<322>" say "yes frame by frame :)"
L 12/13/1999 - 22:27:54: "[R_C]NextWish<325>" say "hehe"
L 12/13/1999 - 22:27:56: "[R_C]NextWish<325>" say ":)"
L 12/13/1999 - 22:28:01: "Thanatos<317>" say "YAYAYAYAYAYAYAYAY"
L 12/13/1999 - 22:28:04: "ThE MaTriX<322>" say "ffs"
L 12/13/1999 - 22:28:05: "[R_C]NextWish<325>" say ":)"
L 12/13/1999 - 22:28:06: "Thanatos<317>" say "I can see down the alley now"
L 12/13/1999 - 22:28:10: "[R_C]NextWish<325>" say "heheh"
L 12/13/1999 - 22:28:11: "ThE MaTriX<322>" say "how slow can ya get"
L 12/13/1999 - 22:28:15: "[R_C]NextWish<325>" say "thana"
L 12/13/1999 - 22:28:15: "Thanatos<317>" say "hi medic"
L 12/13/1999 - 22:28:18: "[TC]CARNAGE<328>" killed "[SNiF]NozeHED<320>" with "normalgrenade"
L 12/13/1999 - 22:28:20: "[SNiF]NozeHED<320>" activated the goal "info_player_teamspawn"
L 12/13/1999 - 22:28:22: "Thanatos<317>" say "with grens i see"
L 12/13/1999 - 22:28:24: "[R_C]NextWish<325>" say "thana what happens if we adjust the spectator max speed"
L 12/13/1999 - 22:28:28: "Thanatos<317>" say "no effect"
L 12/13/1999 - 22:28:30: "ThE MaTriX<322>" say "il  be there in about an hour :)"
L 12/13/1999 - 22:28:31: "Racer<329>" killed self with "rocket"
L 12/13/1999 - 22:28:32: "[SNiF]NozeHED<320>" killed "[TC]CARNAGE<328>" with "headshot"
L 12/13/1999 - 22:28:32: "Racer<329>" activated the goal "info_player_teamspawn"
L 12/13/1999 - 22:28:33: "[R_C]NextWish<325>" say "thats what i thought"
L 12/13/1999 - 22:28:33: "[TC]CARNAGE<328>" activated the goal "info_player_teamspawn"
L 12/13/1999 - 22:28:39: "Thanatos<317>" say "this is not a spectator"
L 12/13/1999 - 22:28:42: "[R_C]NextWish<325>" say "true.."
L 12/13/1999 - 22:28:48: "[TSS]Alert<326>" killed self with "rocket"
L 12/13/1999 - 22:28:48: "[R_C]NextWish<325>" say "thana"
L 12/13/1999 - 22:28:50: "[TSS]Alert<326>" activated the goal "info_player_teamspawn"
L 12/13/1999 - 22:28:50: "ThE MaTriX<322>" say "*yawn"
L 12/13/1999 - 22:28:53: "[R_C]NextWish<325>" say "did u know u can spray logos"
L 12/13/1999 - 22:28:55: "[R_C]NextWish<325>" say "when in this mode?"
L 12/13/1999 - 22:29:01: "ThE MaTriX<322>" say "hha hi nw"
L 12/13/1999 - 22:29:02: Broadcast: "#hunted_target_scores"
L 12/13/1999 - 22:29:02: Named Broadcast: "#hunted_target_scores" ("Drarken<318>")
L 12/13/1999 - 22:29:02: "[SNiF]NozeHED<320>" activated the goal "info_player_teamspawn"
L 12/13/1999 - 22:29:02: "Racer<329>" activated the goal "info_player_teamspawn"
L 12/13/1999 - 22:29:02: "Drarken<318>" activated the goal "info_player_teamspawn"
L 12/13/1999 - 22:29:02: "Drarken<318>" activated the goal "The Hunted's Notepad"
L 12/13/1999 - 22:29:02: "[TC]CARNAGE<328>" activated the goal "info_player_teamspawn"
L 12/13/1999 - 22:29:02: "[TSS]Alert<326>" activated the goal "info_player_teamspawn"
L 12/13/1999 - 22:29:03: "Thanatos<317>" say "yes but nobody can see it from what I understand"
L 12/13/1999 - 22:29:06: "[R_C]NextWish<325>" say "see my logo?"
L 12/13/1999 - 22:29:07: "ThE MaTriX<322>" say "you logo just popped up"
L 12/13/1999 - 22:29:11: "[R_C]NextWish<325>" say "i'm right there"
L 12/13/1999 - 22:29:12: "[R_C]NextWish<325>" say ":)"
L 12/13/1999 - 22:29:13: "Thanatos<317>" say "my mistake then"
L 12/13/1999 - 22:29:15: "Racer<329>" killed "[SNiF]NozeHED<320>" with "rocket"
L 12/13/1999 - 22:29:16: "[SNiF]NozeHED<320>" activated the goal "info_player_teamspawn"
L 12/13/1999 - 22:29:18: "[R_C]NextWish<325>" say "hahah"
L 12/13/1999 - 22:29:19: "[R_C]NextWish<325>" say "hi dude"
L 12/13/1999 - 22:29:22: "[R_C]NextWish<325>" say "your above me"
L 12/13/1999 - 22:29:24: "[R_C]NextWish<325>" say "right above me"
L 12/13/1999 - 22:29:29: "ThE MaTriX<322>" say "how do you know"
L 12/13/1999 - 22:29:34: "[R_C]NextWish<325>" say "u sprayed yer logo"
L 12/13/1999 - 22:29:35: "Thanatos<317>" say "hi soldier"
L 12/13/1999 - 22:29:37: "[R_C]NextWish<325>" say "above mine"
L 12/13/1999 - 22:29:39: "[R_C]NextWish<325>" say "on mine"
L 12/13/1999 - 22:29:40: "ThE MaTriX<322>" say "yeh i know :)"
L 12/13/1999 - 22:29:41: "Thanatos<317>" say "hi medic"
L 12/13/1999 - 22:29:47: "Thanatos<317>" say "carnage the medic"
L 12/13/1999 - 22:29:48: "ThE MaTriX<322>" say "dont qork"
L 12/13/1999 - 22:29:51: "Thanatos<317>" say "heehee sorry"
L 12/13/1999 - 22:29:58: "[SOQ] SAS<330><WON:11727829>" connected, address "139.134.255.236:27005"
L 12/13/1999 - 22:30:03: "[R_C]NextWish<325>" say "hi sas"
L 12/13/1999 - 22:30:06: "[SNiF]NozeHED<320>" killed "[TSS]Alert<326>" with "sniperrifle"
L 12/13/1999 - 22:30:08: "[TSS]Alert<326>" activated the goal "info_player_teamspawn"
L 12/13/1999 - 22:30:08: "[R_C]NextWish<325>" say "sas"
L 12/13/1999 - 22:30:10: Broadcast: "#hunted_target_scores"
L 12/13/1999 - 22:30:10: Named Broadcast: "#hunted_target_scores" ("Drarken<318>")
L 12/13/1999 - 22:30:10: "[SNiF]NozeHED<320>" activated the goal "info_player_teamspawn"
L 12/13/1999 - 22:30:10: "Racer<329>" activated the goal "info_player_teamspawn"
L 12/13/1999 - 22:30:10: "Drarken<318>" activated the goal "info_player_teamspawn"
L 12/13/1999 - 22:30:10: "Drarken<318>" activated the goal "The Hunted's Notepad"
L 12/13/1999 - 22:30:10: "[TC]CARNAGE<328>" activated the goal "info_player_teamspawn"
L 12/13/1999 - 22:30:10: "[TSS]Alert<326>" activated the goal "info_player_teamspawn"
L 12/13/1999 - 22:30:11: "[R_C]NextWish<325>" say "sas dont join a team"
L 12/13/1999 - 22:30:11: "[SOQ] SAS<330><WON:11727829>" has entered the game
L 12/13/1999 - 22:30:16: "[SOQ] SAS<330>" say "hi"
L 12/13/1999 - 22:30:18: "[R_C]NextWish<325>" say "type "+forward" on the console"
L 12/13/1999 - 22:30:21: "[R_C]NextWish<325>" say "and spectate the game"
L 12/13/1999 - 22:30:28: "ThE MaTriX<322>" say "nw can you here ne thing?"
L 12/13/1999 - 22:30:33: "[R_C]NextWish<325>" say "yeah i can"
L 12/13/1999 - 22:30:39: "ThE MaTriX<322>" say "beeping?"
L 12/13/1999 - 22:30:41: "[SNiF]NozeHED<320>" killed "Racer<329>" with "sniperrifle"
L 12/13/1999 - 22:30:42: "Racer<329>" activated the goal "info_player_teamspawn"
L 12/13/1999 - 22:30:42: "[R_C]NextWish<325>" say "no"
L 12/13/1999 - 22:30:43: "[R_C]NextWish<325>" say "woo"
L 12/13/1999 - 22:30:45: "ThE MaTriX<322>" say "your gren sounds>"
L 12/13/1999 - 22:30:48: "[R_C]NextWish<325>" say "i'm going through a wall"
L 12/13/1999 - 22:30:53: "Thanatos<317>" say "lol cheater"
L 12/13/1999 - 22:30:55: "[R_C]NextWish<325>" say "matrix, it happens.."
L 12/13/1999 - 22:31:02: "[R_C]NextWish<325>" say "thana, shutup :)"
L 12/13/1999 - 22:31:07: "[R_C]NextWish<325>" say "i gotta catch up to u some how"
L 12/13/1999 - 22:31:12: "[R_C]NextWish<325>" say ":)"
L 12/13/1999 - 22:31:16: "ThE MaTriX<322>" say "wim the matrix....old in tis age and slowed down in lofe :)"
L 12/13/1999 - 22:31:17: "[R_C]NextWish<325>" say "u got the head start.."
L 12/13/1999 - 22:31:20: Broadcast: "#hunted_target_scores"
L 12/13/1999 - 22:31:20: Named Broadcast: "#hunted_target_scores" ("Drarken<318>")
L 12/13/1999 - 22:31:20: "[SNiF]NozeHED<320>" activated the goal "info_player_teamspawn"
L 12/13/1999 - 22:31:20: "Racer<329>" activated the goal "info_player_teamspawn"
L 12/13/1999 - 22:31:20: "Drarken<318>" activated the goal "info_player_teamspawn"
L 12/13/1999 - 22:31:20: "Drarken<318>" activated the goal "The Hunted's Notepad"
L 12/13/1999 - 22:31:20: "[TC]CARNAGE<328>" activated the goal "info_player_teamspawn"
L 12/13/1999 - 22:31:20: "[TSS]Alert<326>" activated the goal "info_player_teamspawn"
L 12/13/1999 - 22:31:23: "Thanatos<317>" say "what the hell are you gonna do with your logger in terms of WP"
L 12/13/1999 - 22:31:33: "[R_C]NextWish<325>" say "thana, i dunno"
L 12/13/1999 - 22:31:37: "[R_C]NextWish<325>" say "add it to my resume"
L 12/13/1999 - 22:31:38: "[R_C]NextWish<325>" say ":)"
L 12/13/1999 - 22:31:48: "ThE MaTriX<322>" say "cow i want it"
L 12/13/1999 - 22:31:54: "[R_C]NextWish<325>" say "WOO"
L 12/13/1999 - 22:31:58: "Thanatos<317>" say "well, if you give it to the administration, they won't do shit"
L 12/13/1999 - 22:32:00: "[R_C]NextWish<325>" say "u can move at DOUBLE SPEED :)"
L 12/13/1999 - 22:32:04: "ThE MaTriX<322>" say "how?"
L 12/13/1999 - 22:32:05: "[TC]CARNAGE<328>" killed "[SNiF]NozeHED<320>" with "normalgrenade"
L 12/13/1999 - 22:32:06: "[SNiF]NozeHED<320>" activated the goal "info_player_teamspawn"
L 12/13/1999 - 22:32:09: "[R_C]NextWish<325>" say "+moveleft"
L 12/13/1999 - 22:32:14: "[R_C]NextWish<325>" say "with +forward"
L 12/13/1999 - 22:32:19: Broadcast: "#hunted_target_scores"
L 12/13/1999 - 22:32:19: Named Broadcast: "#hunted_target_scores" ("Drarken<318>")
L 12/13/1999 - 22:32:19: "[SNiF]NozeHED<320>" activated the goal "info_player_teamspawn"
L 12/13/1999 - 22:32:19: "Racer<329>" activated the goal "info_player_teamspawn"
L 12/13/1999 - 22:32:19: "Drarken<318>" activated the goal "info_player_teamspawn"
L 12/13/1999 - 22:32:19: "Drarken<318>" activated the goal "The Hunted's Notepad"
L 12/13/1999 - 22:32:19: "[TC]CARNAGE<328>" activated the goal "info_player_teamspawn"
L 12/13/1999 - 22:32:19: "[TSS]Alert<326>" activated the goal "info_player_teamspawn"
L 12/13/1999 - 22:32:31: "ThE MaTriX<322>" say "i dont see a different"
L 12/13/1999 - 22:32:39: "[R_C]NextWish<325>" say "u can move in 2 directions"
L 12/13/1999 - 22:32:41: "[R_C]NextWish<325>" say "at once"
L 12/13/1999 - 22:33:02: "Thanatos<317>" say "I am directly above the sewer hole now"
L 12/13/1999 - 22:33:02: "[R_C]NextWish<325>" say "thana i know they wont do shit"
L 12/13/1999 - 22:33:12: "[THOD] Noddy<331><WON:11238229>" connected, address "139.134.255.108:27005"
L 12/13/1999 - 22:33:16: "ThE MaTriX<322>" say "ive moved about 3 cm"
L 12/13/1999 - 22:33:16: "[R_C]NextWish<325>" say "i am in a middle of a crate"
L 12/13/1999 - 22:33:19: "Thanatos<317>" say "ew ugly just jumped out"
L 12/13/1999 - 22:33:20: "[TSS]Alert<326>" killed "[SNiF]NozeHED<320>" with "rocket"
L 12/13/1999 - 22:33:20: "[TSS]Alert<326>" killed self with "rocket"
L 12/13/1999 - 22:33:21: "[SNiF]NozeHED<320>" activated the goal "info_player_teamspawn"
L 12/13/1999 - 22:33:22: "[TSS]Alert<326>" activated the goal "info_player_teamspawn"
L 12/13/1999 - 22:33:25: "[R_C]NextWish<325>" say "i am in a middle of a crate.."
L 12/13/1999 - 22:33:31: "[R_C]NextWish<325>" say "dont know which one though"
L 12/13/1999 - 22:33:33: "[THOD] Noddy<331><WON:11238229>" has entered the game
L 12/13/1999 - 22:33:36: Broadcast: "#hunted_target_scores"
L 12/13/1999 - 22:33:36: Named Broadcast: "#hunted_target_scores" ("Drarken<318>")
L 12/13/1999 - 22:33:36: "[SNiF]NozeHED<320>" activated the goal "info_player_teamspawn"
L 12/13/1999 - 22:33:36: "Racer<329>" activated the goal "info_player_teamspawn"
L 12/13/1999 - 22:33:36: "Drarken<318>" activated the goal "info_player_teamspawn"
L 12/13/1999 - 22:33:36: "Drarken<318>" activated the goal "The Hunted's Notepad"
L 12/13/1999 - 22:33:36: "[TC]CARNAGE<328>" activated the goal "info_player_teamspawn"
L 12/13/1999 - 22:33:36: "[TSS]Alert<326>" activated the goal "info_player_teamspawn"
L 12/13/1999 - 22:33:45: "Thanatos<317>" say "the way I see it, you have to give the prog to a gameop in each game"
L 12/13/1999 - 22:33:50: "[SNiF]NozeHED<320>" killed "[TC]CARNAGE<328>" with "headshot"
L 12/13/1999 - 22:33:52: "[TC]CARNAGE<328>" activated the goal "info_player_teamspawn"
L 12/13/1999 - 22:33:55: "[TSS]Alert<326>" killed "[SNiF]NozeHED<320>" with "rocket"
L 12/13/1999 - 22:33:56: "[SNiF]NozeHED<320>" activated the goal "info_player_teamspawn"
L 12/13/1999 - 22:33:59: "[R_C]NextWish<325>" say "i know.."
L 12/13/1999 - 22:34:01: "ThE MaTriX<322>" say "well i might be gameop...ill be ya man :P"
L 12/13/1999 - 22:34:07: "Thanatos<317>" say "hmmm"
L 12/13/1999 - 22:34:12: =------= MATCH RESULTS =------=
L 12/13/1999 - 22:34:12: -> DRAW <-
L 12/13/1999 - 22:34:12: "blue" RESULTS: "1" players. "-4" frags, "1" unaccounted for. "300" team score. Allies:"2"
L 12/13/1999 - 22:34:12: "red" RESULTS: "3" players. "17" frags, "3" unaccounted for. "300" team score. Allies:"1"
L 12/13/1999 - 22:34:12: "yellow" RESULTS: "1" players. "19" frags, "1" unaccounted for. "300" team score. Allies:
L 12/13/1999 - 22:34:12: "[R_C]NextWish<325>" say "hmm.."
L 12/13/1999 - 22:34:14: "[SOQ] SAS<330>" say "you a game op? heheh"
L 12/13/1999 - 22:34:17: "[R_C]NextWish<325>" say "LOG ROTATION.."
L 12/13/1999 - 22:34:18: Log closed.
