L 12/13/1999 - 23:44:03: Log file started.
L 12/13/1999 - 23:44:03: Spawning server "citadel32r"
L 12/13/1999 - 23:44:03: server cvars start
L 12/13/1999 - 23:44:03: "cr_random" = "0"
L 12/13/1999 - 23:44:03: "cr_engineer" = "0"
L 12/13/1999 - 23:44:03: "cr_spy" = "0"
L 12/13/1999 - 23:44:03: "cr_pyro" = "0"
L 12/13/1999 - 23:44:03: "cr_hwguy" = "0"
L 12/13/1999 - 23:44:03: "cr_medic" = "0"
L 12/13/1999 - 23:44:03: "cr_demoman" = "0"
L 12/13/1999 - 23:44:03: "cr_soldier" = "0"
L 12/13/1999 - 23:44:03: "cr_sniper" = "0"
L 12/13/1999 - 23:44:03: "cr_scout" = "0"
L 12/13/1999 - 23:44:03: "decalfrequency" = "30"
L 12/13/1999 - 23:44:03: "mp_autocrosshair" = "1"
L 12/13/1999 - 23:44:03: "mp_flashlight" = "1"
L 12/13/1999 - 23:44:03: "mp_footsteps" = "0"
L 12/13/1999 - 23:44:03: "mp_forcerespawn" = "0"
L 12/13/1999 - 23:44:03: "mp_weaponstay" = "0"
L 12/13/1999 - 23:44:03: "mp_falldamage" = "1"
L 12/13/1999 - 23:44:03: "mp_friendlyfire" = "1"
L 12/13/1999 - 23:44:03: "mp_timelimit" = "30"
L 12/13/1999 - 23:44:03: "mp_fraglimit" = "0"
L 12/13/1999 - 23:44:03: "mp_teamplay" = "21"
L 12/13/1999 - 23:44:03: "tfc_balance_scores" = "1.0"
L 12/13/1999 - 23:44:03: "tfc_balance_teams" = "1.0"
L 12/13/1999 - 23:44:03: "tfc_adminpwd" = ""
L 12/13/1999 - 23:44:03: "tfc_clanbattle_locked" = "0.0"
L 12/13/1999 - 23:44:03: "tfc_clanbattle" = "0.0"
L 12/13/1999 - 23:44:03: "tfc_respawndelay" = "0.0"
L 12/13/1999 - 23:44:03: "tfc_autoteam" = "0"
L 12/13/1999 - 23:44:03: "sv_maxrate" = "5000"
L 12/13/1999 - 23:44:03: "sv_minrate" = "0"
L 12/13/1999 - 23:44:03: "sv_allowupload" = "1"
L 12/13/1999 - 23:44:03: "sv_allowdownload" = "1"
L 12/13/1999 - 23:44:03: "sv_upload_maxsize" = "4096"
L 12/13/1999 - 23:44:03: "sv_spectatormaxspeed" = "500"
L 12/13/1999 - 23:44:03: "sv_spectalk" = "1"
L 12/13/1999 - 23:44:03: "sv_maxspectators" = "8"
L 12/13/1999 - 23:44:03: "sv_cheats" = "0"
L 12/13/1999 - 23:44:03: "sv_clienttrace" = "3.5"
L 12/13/1999 - 23:44:03: "sv_timeout" = "65"
L 12/13/1999 - 23:44:03: "sv_waterfriction" = "1"
L 12/13/1999 - 23:44:03: "sv_wateraccelerate" = "10"
L 12/13/1999 - 23:44:03: "sv_airaccelerate" = "10"
L 12/13/1999 - 23:44:03: "sv_airmove" = "1"
L 12/13/1999 - 23:44:03: "sv_bounce" = "1"
L 12/13/1999 - 23:44:03: "sv_clipmode" = "0"
L 12/13/1999 - 23:44:03: "sv_stepsize" = "18"
L 12/13/1999 - 23:44:03: "sv_accelerate" = "10"
L 12/13/1999 - 23:44:03: "sv_maxspeed" = "500.000000"
L 12/13/1999 - 23:44:03: "sv_stopspeed" = "100"
L 12/13/1999 - 23:44:03: "edgefriction" = "2"
L 12/13/1999 - 23:44:03: "sv_friction" = "6"
L 12/13/1999 - 23:44:03: "sv_gravity" = "800"
L 12/13/1999 - 23:44:03: "sv_aim" = "0"
L 12/13/1999 - 23:44:03: "sv_password" = ""
L 12/13/1999 - 23:44:03: "pausable" = "0"
L 12/13/1999 - 23:44:03: "coop" = "0"
L 12/13/1999 - 23:44:03: "deathmatch" = "3"
L 12/13/1999 - 23:44:03: "mp_logecho" = "1"
L 12/13/1999 - 23:44:03: "mp_logfile" = "0"
L 12/13/1999 - 23:44:03: "cmdline" = "0"
L 12/13/1999 - 23:44:03: server cvars end
L 12/13/1999 - 23:44:04: Map CRC "142247706"
L 12/13/1999 - 23:44:04: "sv_maxspeed" = "270"
L 12/13/1999 - 23:44:04: Server name is "WP TFC Server 2"
L 12/13/1999 - 23:44:04: "sv_maxspeed" = "500.000000"
L 12/13/1999 - 23:44:25: "[WHC]3K<335><WON:10732939>" has entered the game
L 12/13/1999 - 23:44:29: "[TC]CARNAGE<328><WON:11210499>" has entered the game
L 12/13/1999 - 23:44:29: "[WHC]3K<335>" joined team "1".
L 12/13/1999 - 23:44:31: "shilka<343><WON:10747829>" has entered the game
L 12/13/1999 - 23:44:33: "[WHC]3K<335>" changed class to "Pyro"
L 12/13/1999 - 23:44:33: "[WHC]3K<335>" activated the goal "info_player_teamspawn"
L 12/13/1999 - 23:44:35: "[TC]CARNAGE<328>" joined team "2".
L 12/13/1999 - 23:44:37: "[TC]CARNAGE<328>" changed class to "Engineer"
L 12/13/1999 - 23:44:37: "[TC]CARNAGE<328>" activated the goal "info_player_teamspawn"
L 12/13/1999 - 23:44:39: "Thanatos<342><WON:45249>" has entered the game
L 12/13/1999 - 23:44:40: "shilka<343>" joined team "1".
L 12/13/1999 - 23:44:41: "shilka<343>" changed class to "Soldier"
L 12/13/1999 - 23:44:41: "shilka<343>" activated the goal "info_player_teamspawn"
L 12/13/1999 - 23:44:53: "Drarken<318><WON:10805219>" has entered the game
L 12/13/1999 - 23:44:55: "Thanatos<342>" say "you do realise about half the server doesn't have it though"
L 12/13/1999 - 23:45:06: "Drarken<318>" joined team "2".
L 12/13/1999 - 23:45:08: "Drarken<318>" changed class to "Scout"
L 12/13/1999 - 23:45:08: "Drarken<318>" activated the goal "info_player_teamspawn"
L 12/13/1999 - 23:45:11: "shilka<343>" say "this will tell them to download the packs"
L 12/13/1999 - 23:45:22: "Thanatos<342>" say "yup, sounds good"
L 12/13/1999 - 23:45:32: "[TC]CARNAGE<328>" built a "sentry".
L 12/13/1999 - 23:45:39: "Thanatos<342>" say "oooh NW timed out, yay us"
L 12/13/1999 - 23:45:52: "[R_C]NextWish<344><WON:10680129>" connected, address "24.192.50.16:27005"
L 12/13/1999 - 23:45:53: "Thanatos<342>" say "heh heh, he is still logging this server :) HI NEXTWISH"
L 12/13/1999 - 23:46:06: "Drarken<318>" activated the goal "Blue Flag"
L 12/13/1999 - 23:46:14: "[TC]CARNAGE<328>" killed "[WHC]3K<335>" with "sentrygun"
L 12/13/1999 - 23:46:15: "[WHC]3K<335>" activated the goal "info_player_teamspawn"
L 12/13/1999 - 23:46:29: "shilka<343>" changed class to "Engineer"
L 12/13/1999 - 23:46:49: "[R_C]NextWish<344><WON:10680129>" has entered the game
L 12/13/1999 - 23:46:52: "Drarken<318>" activated the goal "Team 2 dropoff"
L 12/13/1999 - 23:46:58: "[R_C]NextWish<344>" joined team "1".
L 12/13/1999 - 23:47:01: "[R_C]NextWish<344>" say "ROTFL"
L 12/13/1999 - 23:47:02: "[TC]CARNAGE<328>" killed "[WHC]3K<335>" with "empgrenade"
L 12/13/1999 - 23:47:02: "[R_C]NextWish<344>" say "L 12/13/1999 - 23:45:39: "Thanatos<342>" say "oooh NW timed out, yay us""
L 12/13/1999 - 23:47:04: "[WHC]3K<335>" activated the goal "info_player_teamspawn"
L 12/13/1999 - 23:47:07: "[R_C]NextWish<344>" say "hehe.."
L 12/13/1999 - 23:47:11: "Thanatos<342>" say "you read the next one right?"
L 12/13/1999 - 23:47:11: "[R_C]NextWish<344>" say "cheeky :)"
L 12/13/1999 - 23:47:16: "[R_C]NextWish<344>" say "yup"
L 12/13/1999 - 23:47:19: "[R_C]NextWish<344>" say "hi thana :)"
L 12/13/1999 - 23:47:38: "[TC]CARNAGE<328>" killed "shilka<343>" with "empgrenade"
L 12/13/1999 - 23:47:38: "[TC]CARNAGE<328>" killed "[WHC]3K<335>" with "empgrenade"
L 12/13/1999 - 23:47:40: "shilka<343>" disconnected
L 12/13/1999 - 23:47:41: "[WHC]3K<335>" activated the goal "info_player_teamspawn"
L 12/13/1999 - 23:47:47: "[R_C]NextWish<344>" say "L 12/13/1999 - 23:45:53: "Thanatos<342>" say "heh heh, he is still logging this - HI NEXTWISH :)""
L 12/13/1999 - 23:47:53: "Thanatos<342>" say "yup"
L 12/13/1999 - 23:48:05: "[R_C]NextWish<344>" changed class to "Scout"
L 12/13/1999 - 23:48:05: "[R_C]NextWish<344>" activated the goal "info_player_teamspawn"
L 12/13/1999 - 23:48:11: "[R_C]NextWish<344>" say "shilka"
L 12/13/1999 - 23:48:16: "[R_C]NextWish<344>" say "didnt this used to be a qtf map?"
L 12/13/1999 - 23:48:18: "Thanatos<342>" say "he dropped"
L 12/13/1999 - 23:48:32: "[R_C]NextWish<344>" say "ahh i remmeber this"
L 12/13/1999 - 23:48:34: "[R_C]NextWish<344>" say "it's wierd"
L 12/13/1999 - 23:48:50: "[R_C]NextWish<344>" say "i cant complain"
L 12/13/1999 - 23:48:53: "[R_C]NextWish<344>" say "cuase it's helping me out"
L 12/13/1999 - 23:48:57: "Thanatos<342>" say "I have to go in a minute, I am going to turn off logging whether you like it or not"
L 12/13/1999 - 23:49:01: "Drarken<318>" killed "[WHC]3K<335>" with "nails"
L 12/13/1999 - 23:49:02: "[WHC]3K<335>" activated the goal "info_player_teamspawn"
L 12/13/1999 - 23:49:04: "[R_C]NextWish<344>" say "how come"
L 12/13/1999 - 23:49:13: "[TC]CARNAGE<328>" killed "[R_C]NextWish<344>" with "sentrygun"
L 12/13/1999 - 23:49:13: "Thanatos<342>" say "because its not meant to be on"
L 12/13/1999 - 23:49:15: "[R_C]NextWish<344>" activated the goal "info_player_teamspawn"
L 12/13/1999 - 23:49:25: "[R_C]NextWish<344>" say "bahh i didnt get enough logs"
L 12/13/1999 - 23:49:27: "[R_C]NextWish<344>" say "ohh well :("
L 12/13/1999 - 23:49:46: "[WHC]3K<335>" killed "Drarken<318>" with "normalgrenade"
L 12/13/1999 - 23:49:48: "[TC]CARNAGE<328>" killed "[R_C]NextWish<344>" with "sentrygun"
L 12/13/1999 - 23:49:48: "Drarken<318>" activated the goal "info_player_teamspawn"
L 12/13/1999 - 23:49:49: "[R_C]NextWish<344>" activated the goal "info_player_teamspawn"
L 12/13/1999 - 23:50:01: "[R_C]NextWish<344>" say "why cant it stay on for a while.."
L 12/13/1999 - 23:50:06: "[R_C]NextWish<344>" say "i know it's not meant to be on"
L 12/13/1999 - 23:50:08: "[R_C]NextWish<344>" say "but what harm?"
L 12/13/1999 - 23:50:17: "[TC]CARNAGE<328>" killed "[WHC]3K<335>" with "normalgrenade"
L 12/13/1999 - 23:50:21: "Thanatos<342>" say "I have to work tomorrow, that means it will be on all day"
L 12/13/1999 - 23:50:21: "[WHC]3K<335>" activated the goal "info_player_teamspawn"
L 12/13/1999 - 23:50:29: "[R_C]NextWish<344>" say "so?"
L 12/13/1999 - 23:50:37: "Drarken<318>" activated the goal "Blue Flag"
L 12/13/1999 - 23:50:40: "[R_C]NextWish<344>" say "more logs == good"
L 12/13/1999 - 23:50:41: "Thanatos<342>" say "Ab pops into the servers to check the settings every now and then"
L 12/13/1999 - 23:50:54: "[R_C]NextWish<344>" say "does he even know what logaddress is?"
L 12/13/1999 - 23:50:55: "[WHC]3K<335>" killed "[TC]CARNAGE<328>" with "normalgrenade"
L 12/13/1999 - 23:50:57: "[TC]CARNAGE<328>" activated the goal "info_player_teamspawn"
L 12/13/1999 - 23:51:00: "shilka<345><WON:10747829>" connected, address "24.192.44.212:27005"
L 12/13/1999 - 23:51:13: "[WHC]3K<335>" destroyed "[TC]CARNAGE<328>"'s "sentry".
L 12/13/1999 - 23:51:13: "Thanatos<342>" say "he knows if any settings are different because he has a prog that displays em"
L 12/13/1999 - 23:51:21: "[TC]CARNAGE<328>" killed "[WHC]3K<335>" with "empgrenade"
L 12/13/1999 - 23:51:24: "[WHC]3K<335>" activated the goal "info_player_teamspawn"
L 12/13/1999 - 23:51:26: "[R_C]NextWish<344>" say "hehe"
L 12/13/1999 - 23:51:31: "[TC]CARNAGE<328>" say "hey 3k did u c"
L 12/13/1999 - 23:51:32: "shilka<345><WON:10747829>" has entered the game
L 12/13/1999 - 23:51:37: "Drarken<318>" activated the goal "Team 2 dropoff"
L 12/13/1999 - 23:51:42: "[R_C]NextWish<344>" say "woohoo"
L 12/13/1999 - 23:51:43: "[WHC]3K<335>" say "i c all"
L 12/13/1999 - 23:51:46: "[R_C]NextWish<344>" say "thats all i needed for this map"
L 12/13/1999 - 23:51:49: "[R_C]NextWish<344>" say "a cap"
L 12/13/1999 - 23:51:57: "shilka<345>" joined team "1".
L 12/13/1999 - 23:51:57: "shilka<345>" changed class to "Soldier"
L 12/13/1999 - 23:51:57: "shilka<345>" activated the goal "info_player_teamspawn"
L 12/13/1999 - 23:52:04: "[TC]CARNAGE<328>" say "3k did u c the email holly sent to jarman about win gate"
L 12/13/1999 - 23:52:11: "Thanatos<342>" joined team "2".
L 12/13/1999 - 23:52:12: "Thanatos<342>" changed class to "Soldier"
L 12/13/1999 - 23:52:12: "Thanatos<342>" activated the goal "info_player_teamspawn"
L 12/13/1999 - 23:52:18: "[WHC]3K<335>" say "no"
L 12/13/1999 - 23:52:23: "[TC]CARNAGE<328>" killed self with "normalgrenade"
L 12/13/1999 - 23:52:24: "[R_C]NextWish<344>" activated the goal "Red Flag"
L 12/13/1999 - 23:52:25: "[TC]CARNAGE<328>" activated the goal "info_player_teamspawn"
L 12/13/1999 - 23:52:26: "shilka<345>" changed class to "Engineer"
L 12/13/1999 - 23:52:28: "[WHC]3K<335>" say "lol"
L 12/13/1999 - 23:52:42: "[TC]CARNAGE<328>" say "can u tell jarman 2 check his email"
L 12/13/1999 - 23:52:46: "[WHC]3K<335>" say "ok"
L 12/13/1999 - 23:52:48: "[R_C]NextWish<344>" say "what are u doing tomorrow shilk?"
L 12/13/1999 - 23:52:57: "shilka<345>" say "not much"
L 12/13/1999 - 23:53:01: "[WHC]3K<335>" say "2morrow i will"
L 12/13/1999 - 23:53:02: "[R_C]NextWish<344>" say "@ home?"
L 12/13/1999 - 23:53:05: "shilka<345>" killed "[TC]CARNAGE<328>" with "rocket"
L 12/13/1999 - 23:53:06: "[TC]CARNAGE<328>" activated the goal "info_player_teamspawn"
L 12/13/1999 - 23:53:11: "[R_C]NextWish<344>" activated the goal "Team 1 dropoff"
L 12/13/1999 - 23:53:17: "Player<346><WON:11473829>" connected, address "24.192.12.206:27005"
L 12/13/1999 - 23:53:18: "Thanatos<342>" say "heh, careful"
L 12/13/1999 - 23:53:25: "shilka<345>" killed "[TC]CARNAGE<328>" with "normalgrenade"
L 12/13/1999 - 23:53:27: "[TC]CARNAGE<328>" activated the goal "info_player_teamspawn"
L 12/13/1999 - 23:53:27: "Thanatos<342>" killed "shilka<345>" with "rocket"
L 12/13/1999 - 23:53:30: "Thanatos<342>" killed "[WHC]3K<335>" with "rocket"
L 12/13/1999 - 23:53:30: "shilka<345>" activated the goal "info_player_teamspawn"
L 12/13/1999 - 23:53:31: "[R_C]NextWish<344>" say "?"
L 12/13/1999 - 23:53:51: "Drarken<318>" activated the goal "Blue Flag"
L 12/13/1999 - 23:53:59: "[TC]CARNAGE<328>" built a "sentry".
L 12/13/1999 - 23:54:31: "[WHC]3K<335>" activated the goal "info_player_teamspawn"
L 12/13/1999 - 23:54:33: "shilka<345>" changed class to "Engineer"
L 12/13/1999 - 23:54:34: "[WHC]3K<335>" say "carnage"
L 12/13/1999 - 23:54:39: "[TC]CARNAGE<328>" say "yeah"
L 12/13/1999 - 23:54:47: "[WHC]3K<335>" say "wanna play CS"
L 12/13/1999 - 23:54:55: "[WHC]3K<335>" say "ppl in DD svr"
L 12/13/1999 - 23:55:05: "Drarken<318>" activated the goal "Team 2 dropoff"
L 12/13/1999 - 23:55:05: "[R_C]NextWish<344>" say "hey thana, shilk.. what do u think of the idea of a "novelty night""
L 12/13/1999 - 23:55:16: "[R_C]NextWish<344>" say "where every now and then we get together with alot of guys"
L 12/13/1999 - 23:55:17: "[TC]CARNAGE<328>" say "i'm on the cable"
L 12/13/1999 - 23:55:25: "[WHC]3K<335>" say "shit"
L 12/13/1999 - 23:55:27: "[R_C]NextWish<344>" say "and do wierd stuff"
L 12/13/1999 - 23:55:39: "[R_C]NextWish<344>" say "like spell out things using flame throwers"
L 12/13/1999 - 23:55:42: "[R_C]NextWish<344>" say "and dead bodies"
L 12/13/1999 - 23:55:45: "[TC]CARNAGE<328>" say "ok after this map"
L 12/13/1999 - 23:55:50: "[R_C]NextWish<344>" say "stupid stuff like that :)"
L 12/13/1999 - 23:55:57: "[TC]CARNAGE<328>" say "i'll connect with dd"
L 12/13/1999 - 23:56:06: "[WHC]3K<335>" say "ok"
L 12/13/1999 - 23:56:20: "[TC]CARNAGE<328>" killed self with "empgrenade"
L 12/13/1999 - 23:56:20: "[TC]CARNAGE<328>" killed "[WHC]3K<335>" with "empgrenade"
L 12/13/1999 - 23:56:21: "[TC]CARNAGE<328>" activated the goal "info_player_teamspawn"
L 12/13/1999 - 23:56:25: "[WHC]3K<335>" activated the goal "info_player_teamspawn"
L 12/13/1999 - 23:56:34: "[R_C]NextWish<344>" disconnected
L 12/13/1999 - 23:56:55: "[TC]CARNAGE<328>" killed self with "empgrenade"
L 12/13/1999 - 23:56:55: "[TC]CARNAGE<328>" killed "[WHC]3K<335>" with "empgrenade"
L 12/13/1999 - 23:56:56: "[TC]CARNAGE<328>" activated the goal "info_player_teamspawn"
L 12/13/1999 - 23:57:12: "[WHC]3K<335>" activated the goal "info_player_teamspawn"
L 12/13/1999 - 23:57:26: "Drarken<318>" activated the goal "Blue Flag"
L 12/13/1999 - 23:57:26: "[R_C]NextWish<347><WON:10680129>" connected, address "24.192.50.16:27005"
L 12/13/1999 - 23:57:26: "[WHC]3K<335>" say "come out"
L 12/13/1999 - 23:57:40: "[WHC]3K<335>" say "look carn"
L 12/13/1999 - 23:57:56: "[R_C]NextWish<347><WON:10680129>" has entered the game
L 12/13/1999 - 23:58:01: "[R_C]NextWish<347>" say "hmm"
L 12/13/1999 - 23:58:02: "[WHC]3K<335>" say "fireworks"
L 12/13/1999 - 23:58:05: "[TC]CARNAGE<328>" say "cool"
L 12/13/1999 - 23:58:06: "[R_C]NextWish<347>" say "i just got a cool idea.."
L 12/13/1999 - 23:58:09: "[R_C]NextWish<347>" joined team "1".
L 12/13/1999 - 23:58:09: "[R_C]NextWish<347>" changed class to "Scout"
L 12/13/1999 - 23:58:09: "[R_C]NextWish<347>" activated the goal "info_player_teamspawn"
L 12/13/1999 - 23:58:11: "shilka<345>" say_team "I HAVE THE FLAG"
L 12/13/1999 - 23:58:13: "shilka<345>" say_team "I HAVE THE FLAG"
L 12/13/1999 - 23:58:17: "Thanatos<342>" say "uh oh"
L 12/13/1999 - 23:58:23: "shilka<345>" built a "sentry".
L 12/13/1999 - 23:58:25: "[R_C]NextWish<347>" say "thana, basically code th logger"
L 12/13/1999 - 23:58:25: "[TC]CARNAGE<328>" killed "[WHC]3K<335>" with "empgrenade"
L 12/13/1999 - 23:58:33: "[R_C]NextWish<347>" say "so it color codes the "displaying of the log""
L 12/13/1999 - 23:58:34: "[WHC]3K<335>" say "am going"
L 12/13/1999 - 23:58:34: "[TC]CARNAGE<328>" say "hehe"
L 12/13/1999 - 23:58:41: "Drarken<318>" activated the goal "Team 2 dropoff"
L 12/13/1999 - 23:58:45: "[WHC]3K<335>" say "bye"
L 12/13/1999 - 23:58:45: "[R_C]NextWish<347>" say "different events have different color codes"
L 12/13/1999 - 23:58:49: "[TC]CARNAGE<328>" say "wait"
L 12/13/1999 - 23:58:55: "[TC]CARNAGE<328>" say "are u going to cs"
L 12/13/1999 - 23:59:06: "[R_C]NextWish<347>" say "i.e colorcoding the date.. time etc"
L 12/13/1999 - 23:59:07: "[WHC]3K<335>" say "nah change my mind"
L 12/13/1999 - 23:59:08: "[WHC]3K<335>" activated the goal "info_player_teamspawn"
L 12/13/1999 - 23:59:17: "[WHC]3K<335>" say "might play one lev"
L 12/13/1999 - 23:59:42: "[WHC]3K<335>" say "i will check if anyone is playing AOE2"
L 12/13/1999 - 23:59:47: "[TC]CARNAGE<328>" say "hehe"
L 12/13/1999 - 23:59:50: "shilka<345>" killed "Thanatos<342>" with "sentrygun"
L 12/13/1999 - 23:59:51: "Thanatos<342>" activated the goal "info_player_teamspawn"
L 12/13/1999 - 23:59:55: "[WHC]3K<335>" say "it good"
L 12/13/1999 - 23:59:58: "[R_C]NextWish<347>" say_team "do we need def?"
L 12/14/1999 - 00:00:02: "[WHC]3K<335>" say "you should play it"
L 12/14/1999 - 00:00:03: "Thanatos<342>" say "breakable glass, didn't know that"
L 12/14/1999 - 00:00:12: "[SOQ] SAS<341><WON:11727829>" has entered the game
L 12/14/1999 - 00:00:13: "[TC]CARNAGE<328>" say "don't have it yet"
L 12/14/1999 - 00:00:14: "[R_C]NextWish<347>" say "where?"
L 12/14/1999 - 00:00:20: "[WHC]3K<335>" say "ok, cya then"
L 12/14/1999 - 00:00:24: "[TC]CARNAGE<328>" killed "[R_C]NextWish<347>" with "empgrenade"
L 12/14/1999 - 00:00:24: "[TC]CARNAGE<328>" killed "shilka<345>" with "empgrenade"
L 12/14/1999 - 00:00:25: "shilka<345>" activated the goal "info_player_teamspawn"
L 12/14/1999 - 00:00:26: "[R_C]NextWish<347>" activated the goal "info_player_teamspawn"
L 12/14/1999 - 00:00:29: "[TC]CARNAGE<328>" say "cya"
L 12/14/1999 - 00:00:33: "[R_C]NextWish<347>" say_team "sorry shil"
L 12/14/1999 - 00:00:33: "shilka<345>" killed "[TC]CARNAGE<328>" with "sentrygun"
L 12/14/1999 - 00:00:34: "[TC]CARNAGE<328>" activated the goal "info_player_teamspawn"
L 12/14/1999 - 00:00:35: "[WHC]3K<335>" disconnected
L 12/14/1999 - 00:00:42: "[SOQ] SAS<341>" joined team "1".
L 12/14/1999 - 00:00:51: "[SOQ] SAS<341>" changed class to "Soldier"
L 12/14/1999 - 00:00:51: "[SOQ] SAS<341>" activated the goal "info_player_teamspawn"
L 12/14/1999 - 00:00:53: "Thanatos<342>" killed "[R_C]NextWish<347>" with "rocket"
L 12/14/1999 - 00:00:55: "[R_C]NextWish<347>" activated the goal "info_player_teamspawn"
L 12/14/1999 - 00:01:06: "Thanatos<342>" killed "[R_C]NextWish<347>" with "rocket"
L 12/14/1999 - 00:01:07: "[R_C]NextWish<347>" activated the goal "info_player_teamspawn"
L 12/14/1999 - 00:01:13: "[R_C]NextWish<347>" say "hey"
L 12/14/1999 - 00:01:14: "shilka<345>" killed "Thanatos<342>" with "empgrenade"
L 12/14/1999 - 00:01:16: "Thanatos<342>" activated the goal "info_player_teamspawn"
L 12/14/1999 - 00:01:16: "shilka<345>" killed "[TC]CARNAGE<328>" with "sentrygun"
L 12/14/1999 - 00:01:17: "[TC]CARNAGE<328>" activated the goal "info_player_teamspawn"
L 12/14/1999 - 00:01:19: "Drarken<318>" killed by world with "worldspawn"
L 12/14/1999 - 00:01:22: "[R_C]NextWish<347>" say "what is mp_logecho set to"
L 12/14/1999 - 00:01:32: "shilka<345>" built a "dispenser".
L 12/14/1999 - 00:01:32: Rcon from "24.192.44.165:27005":"(rcon "rur4l153" "mp_logecho")"
L 12/14/1999 - 00:01:34: "Thanatos<342>" say "1"
L 12/14/1999 - 00:01:41: "[R_C]NextWish<347>" say "k"
L 12/14/1999 - 00:01:49: "Drarken<318>" activated the goal "info_player_teamspawn"
L 12/14/1999 - 00:01:58: "[R_C]NextWish<347>" say "hmm"
L 12/14/1999 - 00:02:09: "[R_C]NextWish<347>" say "why would u put health charges at the flag"
L 12/14/1999 - 00:02:20: "[TC]CARNAGE<328>" killed self with "empgrenade"
L 12/14/1999 - 00:02:22: "[TC]CARNAGE<328>" activated the goal "info_player_teamspawn"
L 12/14/1999 - 00:02:36: "Thanatos<342>" killed "[R_C]NextWish<347>" with "rocket"
L 12/14/1999 - 00:02:37: "[R_C]NextWish<347>" activated the goal "info_player_teamspawn"
L 12/14/1999 - 00:02:48: "Thanatos<342>" killed "shilka<345>" with "rocket"
L 12/14/1999 - 00:02:50: "shilka<345>" activated the goal "info_player_teamspawn"
L 12/14/1999 - 00:03:04: "shilka<345>" killed "[TC]CARNAGE<328>" with "sentrygun"
L 12/14/1999 - 00:03:05: "[TC]CARNAGE<328>" activated the goal "info_player_teamspawn"
L 12/14/1999 - 00:03:14: "Thanatos<342>" killed "[R_C]NextWish<347>" with "rocket"
L 12/14/1999 - 00:03:15: "[TC]CARNAGE<328>" say "i'm going cya's later"
L 12/14/1999 - 00:03:15: "[R_C]NextWish<347>" activated the goal "info_player_teamspawn"
L 12/14/1999 - 00:03:15: "Drarken<318>" say "christ"
L 12/14/1999 - 00:03:26: "[R_C]NextWish<347>" say_team "inc sold"
L 12/14/1999 - 00:03:30: "[SOQ] SAS<341>" say "this map is a maze"
L 12/14/1999 - 00:03:33: "[TC]CARNAGE<328>" disconnected
L 12/14/1999 - 00:03:33: "<-1>" destroyed "[TC]CARNAGE<328>"'s "sentry".
L 12/14/1999 - 00:03:36: "Thanatos<342>" killed self with "rocket"
L 12/14/1999 - 00:03:37: "Thanatos<342>" activated the goal "info_player_teamspawn"
L 12/14/1999 - 00:03:39: "[R_C]NextWish<347>" say "heh"
L 12/14/1999 - 00:03:52: "shilka<345>" say_team "attack nw"
L 12/14/1999 - 00:03:55: "[R_C]NextWish<347>" say_team "ok"
L 12/14/1999 - 00:04:04: "[R_C]NextWish<347>" say_team "i'm trying to learn the map"
L 12/14/1999 - 00:04:08: "[R_C]NextWish<347>" say_team "by defending :)"
L 12/14/1999 - 00:04:17: "Thanatos<342>" killed "[R_C]NextWish<347>" with "rocket"
L 12/14/1999 - 00:04:19: "[R_C]NextWish<347>" say_team "inc sodl"
L 12/14/1999 - 00:04:19: "[R_C]NextWish<347>" activated the goal "info_player_teamspawn"
L 12/14/1999 - 00:04:31: "[R_C]NextWish<347>" say_team "attackin"
L 12/14/1999 - 00:04:58: "Thanatos<342>" destroyed "shilka<345>"'s "sentry".
L 12/14/1999 - 00:05:09: "[R_C]NextWish<347>" say_team "I HAVE THE FLAG!"
L 12/14/1999 - 00:05:10: "[R_C]NextWish<347>" activated the goal "Red Flag"
L 12/14/1999 - 00:05:13: "shilka<345>" killed "Thanatos<342>" with "empgrenade"
L 12/14/1999 - 00:05:14: "Thanatos<342>" activated the goal "info_player_teamspawn"
L 12/14/1999 - 00:05:30: "Thanatos<342>" say "was that lag or did I get stuck on the pole?"
L 12/14/1999 - 00:05:31: "shilka<345>" built a "sentry".
L 12/14/1999 - 00:05:32: "[SOQ] SAS<341>" killed "Thanatos<342>" with "rocket"
L 12/14/1999 - 00:05:34: "Thanatos<342>" activated the goal "info_player_teamspawn"
L 12/14/1999 - 00:05:39: "[R_C]NextWish<347>" say "pole"
L 12/14/1999 - 00:05:46: "Thanatos<342>" say "dammit"
L 12/14/1999 - 00:05:48: "[R_C]NextWish<347>" say "my netgraph is green"
L 12/14/1999 - 00:05:53: "[R_C]NextWish<347>" activated the goal "Team 1 dropoff"
L 12/14/1999 - 00:06:02: "[R_C]NextWish<347>" say "ugh wtf"
L 12/14/1999 - 00:06:07: "[R_C]NextWish<347>" say "only 1 point for cappin?"
L 12/14/1999 - 00:06:27: "[SOQ] SAS<341>" killed "Thanatos<342>" with "rocket"
L 12/14/1999 - 00:06:29: "Thanatos<342>" activated the goal "info_player_teamspawn"
L 12/14/1999 - 00:06:37: "Drarken<318>" say "this netgraph is wierd"
L 12/14/1999 - 00:06:38: "[SOQ] SAS<341>" activated the goal "Red Flag"
L 12/14/1999 - 00:06:44: "[R_C]NextWish<347>" say_team "sas"
L 12/14/1999 - 00:06:47: "Thanatos<342>" killed "[SOQ] SAS<341>" with "rocket"
L 12/14/1999 - 00:06:48: "[R_C]NextWish<347>" activated the goal "Red Flag"
L 12/14/1999 - 00:06:55: "[SOQ] SAS<341>" changed class to "Scout"
L 12/14/1999 - 00:06:55: "[SOQ] SAS<341>" activated the goal "info_player_teamspawn"
L 12/14/1999 - 00:06:57: "Thanatos<342>" say "ah I'm pissed"
L 12/14/1999 - 00:07:01: "[R_C]NextWish<347>" say ":)"
L 12/14/1999 - 00:07:05: "[R_C]NextWish<347>" say "heheh"
L 12/14/1999 - 00:07:09: "Thanatos<342>" say "I ran out of shots else you would be dead"
L 12/14/1999 - 00:07:13: "shilka<345>" killed "Drarken<318>" with "sentrygun"
L 12/14/1999 - 00:07:15: "Drarken<318>" activated the goal "info_player_teamspawn"
L 12/14/1999 - 00:07:19: "[R_C]NextWish<347>" say "i know"
L 12/14/1999 - 00:07:23: Rcon from "24.192.44.165:27005":"(rcon "rur4l153" "logaddress" "139.134.252.153" "27025")"
L 12/14/1999 - 00:12:35: "[R_C]NextWish<347>" say "Log Closed."
L 12/14/1999 - 00:12:39: "[R_C]NextWish<347>" say "hmm"
L 12/14/1999 - 00:12:48: "[R_C]NextWish<347>" say "Log closed."
