L 12/13/1999 - 22:37:43: Log file started.
L 12/13/1999 - 22:37:43: Spawning server "torch"
L 12/13/1999 - 22:37:43: server cvars start
L 12/13/1999 - 22:37:43: "cr_random" = "0"
L 12/13/1999 - 22:37:43: "cr_engineer" = "0"
L 12/13/1999 - 22:37:43: "cr_spy" = "0"
L 12/13/1999 - 22:37:43: "cr_pyro" = "0"
L 12/13/1999 - 22:37:43: "cr_hwguy" = "0"
L 12/13/1999 - 22:37:43: "cr_medic" = "0"
L 12/13/1999 - 22:37:44: Map CRC "38544852"
L 12/13/1999 - 22:37:44: "sv_maxspeed" = "270"
L 12/13/1999 - 22:37:44: Server name is "WP TFC Server 2"
L 12/13/1999 - 22:37:44: "sv_maxspeed" = "500.000000"
L 12/13/1999 - 22:37:53: "[SNiF]NozeHED<333><WON:52899>" has entered the game
L 12/13/1999 - 22:37:54: "[WHC]3K<335><WON:10732939>" has entered the game
L 12/13/1999 - 22:37:55: "[TC]CARNAGE<328><WON:11210499>" has entered the game
L 12/13/1999 - 22:37:55: "[THOD] Noddy<331><WON:11238229>" has entered the game
L 12/13/1999 - 22:37:57: "[SNiF]NozeHED<333>" joined team "1".
L 12/13/1999 - 22:37:58: "Thanatos<317><WON:45249>" has entered the game
L 12/13/1999 - 22:37:58: "[TC]CARNAGE<328>" joined team "1".
L 12/13/1999 - 22:37:58: "[TC]CARNAGE<328>" changed class to "Medic"
L 12/13/1999 - 22:37:58: "[TC]CARNAGE<328>" activated the goal "info_player_teamspawn"
L 12/13/1999 - 22:37:59: "[WHC]3K<335>" joined team "1".
L 12/13/1999 - 22:38:00: "[SNiF]NozeHED<333>" changed class to "Soldier"
L 12/13/1999 - 22:38:00: "[SNiF]NozeHED<333>" activated the goal "info_player_teamspawn"
L 12/13/1999 - 22:38:04: "Drarken<318><WON:10805219>" has entered the game
L 12/13/1999 - 22:38:05: "[WHC]3K<335>" changed class to "Scout"
L 12/13/1999 - 22:38:05: "[WHC]3K<335>" activated the goal "info_player_teamspawn"
L 12/13/1999 - 22:38:07: "[SNiF]NozeHED<333>" activated the goal "Red Flag"
L 12/13/1999 - 22:38:07: "[THOD] Noddy<331>" disconnected
L 12/13/1999 - 22:38:10: "Drarken<318>" joined team "2".
L 12/13/1999 - 22:38:13: "[R_C]NextWish<334><WON:10680129>" has entered the game
L 12/13/1999 - 22:38:14: "Drarken<318>" changed class to "Scout"
L 12/13/1999 - 22:38:14: "Drarken<318>" activated the goal "info_player_teamspawn"
L 12/13/1999 - 22:38:29: "[R_C]NextWish<334>" say "leave it gone thana plz"
L 12/13/1999 - 22:38:34: "Thanatos<317>" say "when will ppl learn to download the mappacks?"
L 12/13/1999 - 22:38:35: "[SNiF]NozeHED<333>" activated the goal "Team 1 dropoff"
L 12/13/1999 - 22:38:40: "[R_C]NextWish<334>" say "hehe yeah"
L 12/13/1999 - 22:38:41: "[R_C]NextWish<334>" say ":)"
L 12/13/1999 - 22:38:54: "[SNiF]NozeHED<333>" say "it's doesn't say anywhere to download them"
L 12/13/1999 - 22:38:55: "[WHC]3K<335>" say "wtf"
L 12/13/1999 - 22:38:59: "Thanatos<317>" say "this is in the cycle, so everyone is bad :("
L 12/13/1999 - 22:39:06: "Thanatos<317>" say "yeah I know nozehed"
L 12/13/1999 - 22:39:14: "[WHC]3K<335>" say "gotta take our flag to there base"
L 12/13/1999 - 22:39:16: "Thanatos<317>" say "but its posted in the forum that they are available"
L 12/13/1999 - 22:39:16: "[TC]CARNAGE<328>" killed "Drarken<318>" with "supernails"
L 12/13/1999 - 22:39:18: "[TC]CARNAGE<328>" activated the goal "Red Flag"
L 12/13/1999 - 22:39:19: "Drarken<318>" activated the goal "info_player_teamspawn"
L 12/13/1999 - 22:39:23: "Thanatos<317>" say "no 3k, not quite"
L 12/13/1999 - 22:39:25: "Drarken<318>" activated the goal "Blue Flag"
L 12/13/1999 - 22:39:30: "[R_C]NextWish<334>" joined team "2".
L 12/13/1999 - 22:39:31: "[R_C]NextWish<334>" changed class to "Scout"
L 12/13/1999 - 22:39:31: "[R_C]NextWish<334>" activated the goal "info_player_teamspawn"
L 12/13/1999 - 22:39:34: "ThE MaTriX<336><WON:10820919>" connected, address "24.192.24.49:21044"
L 12/13/1999 - 22:39:35: "Thanatos<317>" say "that is the enemy flag, you just gotta take it to their base"
L 12/13/1999 - 22:39:35: "[SNiF]NozeHED<333>" say "should be on main page of wp website"
L 12/13/1999 - 22:39:42: "[WHC]3K<335>" say "there flag in our base to there cap point"
L 12/13/1999 - 22:39:47: "Thanatos<317>" say "yep"
L 12/13/1999 - 22:39:50: "Damit Betrayed - Dowloading<336><WON:10820919>" has entered the game
L 12/13/1999 - 22:39:50: "[TC]CARNAGE<328>" activated the goal "Team 1 dropoff"
L 12/13/1999 - 22:39:52: "[R_C]NextWish<334>" say "i luv this map"
L 12/13/1999 - 22:40:02: "Drarken<318>" activated the goal "Team 2 dropoff"
L 12/13/1999 - 22:40:09: "[SNiF]NozeHED<333>" activated the goal "Red Flag"
L 12/13/1999 - 22:40:20: "Damit Betrayed - Dowloading<336>" changed name to "ThE MaTriX<336>"
L 12/13/1999 - 22:40:22: "[R_C]NextWish<334>" activated the goal "Blue Flag"
L 12/13/1999 - 22:40:25: "ThE MaTriX<336>" say "omfg"
L 12/13/1999 - 22:40:36: "ThE MaTriX<336>" say "this isnt the betrayed i know"
L 12/13/1999 - 22:40:38: "ThE MaTriX<336>" joined team "2".
L 12/13/1999 - 22:40:39: "ThE MaTriX<336>" changed class to "Scout"
L 12/13/1999 - 22:40:39: "ThE MaTriX<336>" activated the goal "info_player_teamspawn"
L 12/13/1999 - 22:40:41: "[WHC]3K<335>" changed class to "Engineer"
L 12/13/1999 - 22:40:48: "ThE MaTriX<336>" say "wtf...i have this map"
L 12/13/1999 - 22:40:56: "Thanatos<317>" say "this is not betrayed"
L 12/13/1999 - 22:41:00: "[R_C]NextWish<334>" say "this is torch"
L 12/13/1999 - 22:41:02: "[R_C]NextWish<334>" activated the goal "Team 2 dropoff"
L 12/13/1999 - 22:41:03: "[TC]CARNAGE<328>" killed "Drarken<318>" with "normalgrenade"
L 12/13/1999 - 22:41:03: "ThE MaTriX<336>" say "yes"
L 12/13/1999 - 22:41:04: "[SNiF]NozeHED<333>" activated the goal "Team 1 dropoff"
L 12/13/1999 - 22:41:04: "Drarken<318>" activated the goal "info_player_teamspawn"
L 12/13/1999 - 22:41:06: "ThE MaTriX<336>" say "yes it is"
L 12/13/1999 - 22:41:08: "Drarken<318>" activated the goal "Blue Flag"
L 12/13/1999 - 22:41:09: "[WHC]3K<335>" activated the goal "Red Flag"
L 12/13/1999 - 22:41:13: "[R_C]NextWish<334>" say "this is torch"
L 12/13/1999 - 22:41:14: "[TC]CARNAGE<328>" killed "ThE MaTriX<336>" with "supernails"
L 12/13/1999 - 22:41:14: "ThE MaTriX<336>" say "got worryied :)"
L 12/13/1999 - 22:41:17: "ThE MaTriX<336>" activated the goal "info_player_teamspawn"
L 12/13/1999 - 22:41:31: "Drarken<318>" activated the goal "Team 2 dropoff"
L 12/13/1999 - 22:41:33: "ThE MaTriX<336>" activated the goal "Blue Flag"
L 12/13/1999 - 22:41:35: "[WHC]3K<335>" activated the goal "Team 1 dropoff"
L 12/13/1999 - 22:41:36: "[TC]CARNAGE<328>" changed class to "Engineer"
L 12/13/1999 - 22:41:38: "[SNiF]NozeHED<333>" killed "Drarken<318>" with "rocket"
L 12/13/1999 - 22:41:40: "[TC]CARNAGE<328>" activated the goal "Red Flag"
L 12/13/1999 - 22:41:41: "Drarken<318>" changed class to "Demoman"
L 12/13/1999 - 22:41:41: "Drarken<318>" activated the goal "info_player_teamspawn"
L 12/13/1999 - 22:41:57: "[R_C]NextWish<334>" say "this is a great map"
L 12/13/1999 - 22:42:09: "ThE MaTriX<336>" activated the goal "Team 2 dropoff"
L 12/13/1999 - 22:42:12: "[TC]CARNAGE<328>" killed "[R_C]NextWish<334>" with "supershotgun"
L 12/13/1999 - 22:42:14: "[R_C]NextWish<334>" activated the goal "info_player_teamspawn"
L 12/13/1999 - 22:42:15: "[TC]CARNAGE<328>" activated the goal "Team 1 dropoff"
L 12/13/1999 - 22:42:17: "Drarken<318>" activated the goal "blue_det"
L 12/13/1999 - 22:42:17: Broadcast: "#well_bgrate_destroyed"
L 12/13/1999 - 22:42:18: "Drarken<318>" activated the goal "grate1"
L 12/13/1999 - 22:42:18: "[WHC]3K<335>" activated the goal "Red Flag"
L 12/13/1999 - 22:42:19: "[R_C]NextWish<334>" activated the goal "Blue Flag"
L 12/13/1999 - 22:42:19: "[TC]CARNAGE<328>" killed self with "world"
L 12/13/1999 - 22:42:24: "[R_C]NextWish<334>" say "thana"
L 12/13/1999 - 22:42:24: "[TC]CARNAGE<328>" activated the goal "info_player_teamspawn"
L 12/13/1999 - 22:42:31: "[R_C]NextWish<334>" say "i need logs from ALL of the maps on the servers"
L 12/13/1999 - 22:42:35: "[R_C]NextWish<334>" say "i need to create rulesets"
L 12/13/1999 - 22:42:40: "[R_C]NextWish<334>" say "for the logs for TFSTATS"
L 12/13/1999 - 22:42:50: "[WHC]3K<335>" activated the goal "Team 1 dropoff"
L 12/13/1999 - 22:43:04: "[SNiF]NozeHED<333>" killed "ThE MaTriX<336>" with "rocket"
L 12/13/1999 - 22:43:06: "[R_C]NextWish<334>" say "ok?"
L 12/13/1999 - 22:43:11: "Drarken<318>" killed "[WHC]3K<335>" with "gl_grenade"
L 12/13/1999 - 22:43:12: "[TC]CARNAGE<328>" built a "sentry".
L 12/13/1999 - 22:43:12: "[WHC]3K<335>" activated the goal "info_player_teamspawn"
L 12/13/1999 - 22:43:14: "[WHC]3K<335>" say_team "I am Defending now!"
L 12/13/1999 - 22:43:15: "ThE MaTriX<336>" say_team "nw comout side..im a red scout"
L 12/13/1999 - 22:43:15: "ThE MaTriX<336>" activated the goal "info_player_teamspawn"
L 12/13/1999 - 22:43:18: "[TC]CARNAGE<328>" say_team "same"
L 12/13/1999 - 22:43:20: "[R_C]NextWish<334>" say "2fort / well / the usual valve maps"
L 12/13/1999 - 22:43:25: "[R_C]NextWish<334>" say "i have those rules"
L 12/13/1999 - 22:43:29: "[R_C]NextWish<334>" say "just not the custom ones"
L 12/13/1999 - 22:43:33: "[WHC]3K<335>" say_team "snif u capture ok"
L 12/13/1999 - 22:43:34: "[R_C]NextWish<334>" say "so i'll have to make em"
L 12/13/1999 - 22:43:37: "Drarken<318>" killed "[SNiF]NozeHED<333>" with "gl_grenade"
L 12/13/1999 - 22:43:39: "[SNiF]NozeHED<333>" activated the goal "info_player_teamspawn"
L 12/13/1999 - 22:43:42: "[SNiF]NozeHED<333>" say "k"
L 12/13/1999 - 22:43:45: "Drarken<318>" killed self with "gl_grenade"
L 12/13/1999 - 22:43:45: "[SNiF]NozeHED<333>" changed class to "Scout"
L 12/13/1999 - 22:43:47: "Drarken<318>" changed class to "Scout"
L 12/13/1999 - 22:43:47: "Drarken<318>" activated the goal "info_player_teamspawn"
L 12/13/1999 - 22:43:48: "[SNiF]NozeHED<333>" killed self with "world"
L 12/13/1999 - 22:43:53: "[R_C]NextWish<334>" say "stop using my rj alias"
L 12/13/1999 - 22:43:53: "[SNiF]NozeHED<333>" activated the goal "info_player_teamspawn"
L 12/13/1999 - 22:43:57: "ThE MaTriX<336>" say ":)"
L 12/13/1999 - 22:43:58: "[R_C]NextWish<334>" say "as a scout"
L 12/13/1999 - 22:43:59: "[SNiF]NozeHED<333>" activated the goal "Red Flag"
L 12/13/1999 - 22:44:03: "Thanatos<317>" say "(insert appropriate move quote.........)"
L 12/13/1999 - 22:44:07: "[TC]CARNAGE<328>" say_team "ta"
L 12/13/1999 - 22:44:14: "[WHC]3K<335>" built a "sentry".
L 12/13/1999 - 22:44:17: "[R_C]NextWish<334>" say "stop using my rj alias as a scout"
L 12/13/1999 - 22:44:19: "Drarken<318>" say_team "i blew their grate open"
L 12/13/1999 - 22:44:22: "[SNiF]NozeHED<333>" activated the goal "Team 1 dropoff"
L 12/13/1999 - 22:44:23: "Thanatos<317>" say "NextWish it is my intention to.............NextWish come up to the conn"
L 12/13/1999 - 22:44:35: "[R_C]NextWish<334>" say "ughh?"
L 12/13/1999 - 22:44:39: "[SNiF]NozeHED<333>" activated the goal "Red Flag"
L 12/13/1999 - 22:44:43: "Thanatos<317>" say "if you know what I am talking about you know what I am thinking"
L 12/13/1999 - 22:44:46: "[WHC]3K<335>" killed "[R_C]NextWish<334>" with "sentrygun"
L 12/13/1999 - 22:44:47: "[WHC]3K<335>" killed "ThE MaTriX<336>" with "sentrygun"
L 12/13/1999 - 22:44:49: "[R_C]NextWish<334>" activated the goal "info_player_teamspawn"
L 12/13/1999 - 22:44:49: "ThE MaTriX<336>" say "aw"
L 12/13/1999 - 22:44:51: "ThE MaTriX<336>" activated the goal "info_player_teamspawn"
L 12/13/1999 - 22:44:53: "[R_C]NextWish<334>" say "nup"
L 12/13/1999 - 22:44:53: "[SNiF]NozeHED<333>" activated the goal "Team 1 dropoff"
L 12/13/1999 - 22:44:55: "[R_C]NextWish<334>" say "u confused me"
L 12/13/1999 - 22:45:09: "[SNiF]NozeHED<333>" activated the goal "Red Flag"
L 12/13/1999 - 22:45:14: "[WHC]3K<335>" killed "[R_C]NextWish<334>" with "sentrygun"
L 12/13/1999 - 22:45:23: "[WHC]3K<335>" built a "dispenser".
L 12/13/1999 - 22:45:25: "[TC]CARNAGE<328>" killed "ThE MaTriX<336>" with "sentrygun"
L 12/13/1999 - 22:45:26: "ThE MaTriX<336>" activated the goal "info_player_teamspawn"
L 12/13/1999 - 22:45:29: "[WHC]3K<335>" killed "Drarken<318>" with "empgrenade"
L 12/13/1999 - 22:45:31: "Drarken<318>" activated the goal "info_player_teamspawn"
L 12/13/1999 - 22:45:44: "[SNiF]NozeHED<333>" activated the goal "Team 1 dropoff"
L 12/13/1999 - 22:45:44: "[WHC]THAU<337><WON:3013339>" connected, address "139.134.255.94:27005"
L 12/13/1999 - 22:45:46: "[R_C]NextWish<334>" say "ohh fill in the blank?"
L 12/13/1999 - 22:45:49: "[WHC]3K<335>" killed "ThE MaTriX<336>" with "sentrygun"
L 12/13/1999 - 22:45:56: "ThE MaTriX<336>" activated the goal "info_player_teamspawn"
L 12/13/1999 - 22:46:00: "[SNiF]NozeHED<333>" activated the goal "Red Flag"
L 12/13/1999 - 22:46:00: "sly<332><WON:10880859>" has entered the game
L 12/13/1999 - 22:46:01: "Drarken<318>" activated the goal "Blue Flag"
L 12/13/1999 - 22:46:02: "[R_C]NextWish<334>" say "hmm"
L 12/13/1999 - 22:46:04: "sly<332>" joined team "1".
L 12/13/1999 - 22:46:06: "[R_C]NextWish<334>" say "icq me :)("
L 12/13/1999 - 22:46:06: "[R_C]NextWish<334>" activated the goal "info_player_teamspawn"
L 12/13/1999 - 22:46:13: "sly<332>" changed class to "Soldier"
L 12/13/1999 - 22:46:13: "sly<332>" activated the goal "info_player_teamspawn"
L 12/13/1999 - 22:46:24: "[TC]CARNAGE<328>" killed "ThE MaTriX<336>" with "sentrygun"
L 12/13/1999 - 22:46:26: "[SNiF]NozeHED<333>" activated the goal "Team 1 dropoff"
L 12/13/1999 - 22:46:27: "ThE MaTriX<336>" say_team "Key/Flag Is Near Capture Point"
L 12/13/1999 - 22:46:28: "ThE MaTriX<336>" activated the goal "info_player_teamspawn"
L 12/13/1999 - 22:46:39: "[TC]CARNAGE<328>" killed "[R_C]NextWish<334>" with "empgrenade"
L 12/13/1999 - 22:46:40: "ThE MaTriX<336>" changed class to "Demoman"
L 12/13/1999 - 22:46:41: "[R_C]NextWish<334>" activated the goal "info_player_teamspawn"
L 12/13/1999 - 22:46:41: "[WHC]3K<335>" killed "Drarken<318>" with "sentrygun"
L 12/13/1999 - 22:46:42: "Drarken<318>" activated the goal "info_player_teamspawn"
L 12/13/1999 - 22:46:44: "Thanatos<317>" say "surely someone here has seen Crimson Tide"
L 12/13/1999 - 22:46:44: "sly<332>" activated the goal "Red Flag"
L 12/13/1999 - 22:46:48: "[THOD] Noddy<338><WON:11238229>" connected, address "139.134.255.108:27005"
L 12/13/1999 - 22:46:51: "[TC]CARNAGE<328>" built a "dispenser".
L 12/13/1999 - 22:46:51: "[R_C]NextWish<334>" say "nup"
L 12/13/1999 - 22:47:03: "Thanatos<317>" say "bah yer all pathetic ;)"
L 12/13/1999 - 22:47:04: "[THOD] Noddy<338><WON:11238229>" has entered the game
L 12/13/1999 - 22:47:08: "Thanatos<317>" say "heh heh"
L 12/13/1999 - 22:47:08: "[THOD] Noddy<338>" joined team "2".
L 12/13/1999 - 22:47:17: "[SNiF]NozeHED<333>" killed "ThE MaTriX<336>" with "nails"
L 12/13/1999 - 22:47:21: "[R_C]NextWish<334>" say "ffs"
L 12/13/1999 - 22:47:23: "ThE MaTriX<336>" say "ahhaa took yta long enogh"
L 12/13/1999 - 22:47:23: "ThE MaTriX<336>" activated the goal "info_player_teamspawn"
L 12/13/1999 - 22:47:27: "[WHC]3K<335>" killed "Drarken<318>" with "supershotgun"
L 12/13/1999 - 22:47:28: "Drarken<318>" activated the goal "info_player_teamspawn"
L 12/13/1999 - 22:47:32: "[R_C]NextWish<334>" say "i've forgotten  what i was gonna add to my script"
L 12/13/1999 - 22:47:33: "[R_C]NextWish<334>" say "bahh"
L 12/13/1999 - 22:47:33: "Drarken<318>" changed class to "Demoman"
L 12/13/1999 - 22:47:34: "[R_C]NextWish<334>" say ":("
L 12/13/1999 - 22:47:36: "[SNiF]NozeHED<333>" say "confuseed"
L 12/13/1999 - 22:47:38: "ThE MaTriX<336>" say ":("
L 12/13/1999 - 22:47:40: "ThE MaTriX<336>" changed class to "Soldier"
L 12/13/1999 - 22:47:47: "ThE MaTriX<336>" killed self with "mirvgrenade"
L 12/13/1999 - 22:47:50: "ThE MaTriX<336>" activated the goal "info_player_teamspawn"
L 12/13/1999 - 22:47:51: "[THOD] Noddy<338>" say_team "need any class guys"
L 12/13/1999 - 22:47:55: "[WHC]3K<335>" killed "Drarken<318>" with "sentrygun"
L 12/13/1999 - 22:47:57: "Drarken<318>" activated the goal "info_player_teamspawn"
L 12/13/1999 - 22:48:04: "[R_C]NextWish<334>" say "thats right"
L 12/13/1999 - 22:48:04: "Drarken<318>" activated the goal "Blue Flag"
L 12/13/1999 - 22:48:10: "sly<332>" activated the goal "Team 1 dropoff"
L 12/13/1999 - 22:48:11: "ThE MaTriX<336>" killed self with "rocket"
L 12/13/1999 - 22:48:11: "[SNiF]NozeHED<333>" activated the goal "Red Flag"
L 12/13/1999 - 22:48:12: "[R_C]NextWish<334>" say "a pipejump alias"
L 12/13/1999 - 22:48:13: "ThE MaTriX<336>" activated the goal "info_player_teamspawn"
L 12/13/1999 - 22:48:16: "ThE MaTriX<336>" say ":)"
L 12/13/1999 - 22:48:20: "[THOD] Noddy<338>" changed class to "HWGuy"
L 12/13/1999 - 22:48:20: "[THOD] Noddy<338>" activated the goal "info_player_teamspawn"
L 12/13/1999 - 22:48:36: "[SNiF]NozeHED<333>" activated the goal "Team 1 dropoff"
L 12/13/1999 - 22:48:44: "ThE MaTriX<336>" killed self with "rocket"
L 12/13/1999 - 22:48:45: "[WHC]3K<335>" activated the goal "Red Flag"
L 12/13/1999 - 22:48:46: "ThE MaTriX<336>" activated the goal "info_player_teamspawn"
L 12/13/1999 - 22:48:51: "Drarken<318>" destroyed "[WHC]3K<335>"'s "sentry".
L 12/13/1999 - 22:48:51: "Drarken<318>" destroyed "[WHC]3K<335>"'s "sentry".
L 12/13/1999 - 22:48:53: "[SNiF]NozeHED<333>" activated the goal "Red Flag"
L 12/13/1999 - 22:48:58: "Thanatos<317>" say "the problem with TFSTATS is it is not customised for the environment it is used in"
L 12/13/1999 - 22:48:59: "Drarken<318>" destroyed "[TC]CARNAGE<328>"'s "sentry".
L 12/13/1999 - 22:48:59: "Drarken<318>" destroyed "[WHC]3K<335>"'s "dispenser".
L 12/13/1999 - 22:49:01: "[SOQ] SAS<330><WON:11727829>" has entered the game
L 12/13/1999 - 22:49:04: "[TC]CARNAGE<328>" killed "Drarken<318>" with "empgrenade"
L 12/13/1999 - 22:49:05: "Drarken<318>" activated the goal "info_player_teamspawn"
L 12/13/1999 - 22:49:08: "[SNiF]NozeHED<333>" activated the goal "Team 1 dropoff"
L 12/13/1999 - 22:49:13: "Drarken<318>" say "bastards"
L 12/13/1999 - 22:49:17: "[WHC]3K<335>" built a "sentry".
L 12/13/1999 - 22:49:17: "[R_C]NextWish<334>" say "what do u mean?"
L 12/13/1999 - 22:49:17: "ThE MaTriX<336>" killed self with "rocket"
L 12/13/1999 - 22:49:19: "ThE MaTriX<336>" activated the goal "info_player_teamspawn"
L 12/13/1999 - 22:49:25: "sly<332>" activated the goal "Red Flag"
L 12/13/1999 - 22:49:28: "[TC]CARNAGE<328>" built a "sentry".
L 12/13/1999 - 22:49:41: "[TC]CARNAGE<328>" killed by world with "worldspawn"
L 12/13/1999 - 22:49:41: "Thanatos<317>" say "with a static program like that, you can't customise beyond certain parameters"
L 12/13/1999 - 22:49:42: "Drarken<318>" destroyed "[TC]CARNAGE<328>"'s "sentry".
L 12/13/1999 - 22:49:42: "[TC]CARNAGE<328>" activated the goal "info_player_teamspawn"
L 12/13/1999 - 22:49:44: "ThE MaTriX<336>" say "than make nxt map forever"
L 12/13/1999 - 22:49:48: "Drarken<318>" killed "[TC]CARNAGE<328>" with "mirvgrenade"
L 12/13/1999 - 22:49:49: "Drarken<318>" activated the goal "Blue Flag"
L 12/13/1999 - 22:49:49: "[WHC]3K<335>" killed "Drarken<318>" with "sentrygun"
L 12/13/1999 - 22:49:50: "Drarken<318>" activated the goal "info_player_teamspawn"
L 12/13/1999 - 22:49:50: "[TC]CARNAGE<328>" activated the goal "info_player_teamspawn"
L 12/13/1999 - 22:49:55: "[R_C]NextWish<334>" say "true.."
L 12/13/1999 - 22:49:59: "[R_C]NextWish<334>" say "thats what tfstats lacks"
L 12/13/1999 - 22:50:04: "[THOD] Noddy<338>" killed "sly<332>" with "ac"
L 12/13/1999 - 22:50:05: "sly<332>" activated the goal "info_player_teamspawn"
L 12/13/1999 - 22:50:06: "[R_C]NextWish<334>" say "customizability"
L 12/13/1999 - 22:50:13: "[TC]CARNAGE<328>" killed "ThE MaTriX<336>" with "empgrenade"
L 12/13/1999 - 22:50:15: "ThE MaTriX<336>" activated the goal "info_player_teamspawn"
L 12/13/1999 - 22:50:16: "[R_C]NextWish<334>" say "AE STATS and HL STATS do though"
L 12/13/1999 - 22:50:23: "ThE MaTriX<336>" killed "[SNiF]NozeHED<333>" with "rocket"
L 12/13/1999 - 22:50:24: "[SNiF]NozeHED<333>" activated the goal "info_player_teamspawn"
L 12/13/1999 - 22:50:26: "[WHC]3K<335>" built a "dispenser".
L 12/13/1999 - 22:50:29: "Thanatos<317>" say "we would be better off writing our own"
L 12/13/1999 - 22:50:30: "[TC]CARNAGE<328>" built a "sentry".
L 12/13/1999 - 22:50:35: "[R_C]NextWish<334>" say "yeah"
L 12/13/1999 - 22:50:56: "[THOD] Noddy<338>" killed "[SNiF]NozeHED<333>" with "ac"
L 12/13/1999 - 22:50:57: "[SNiF]NozeHED<333>" activated the goal "info_player_teamspawn"
L 12/13/1999 - 22:50:58: "[R_C]NextWish<334>" say "the only thing u can change in tfstats"
L 12/13/1999 - 22:51:02: "ThE MaTriX<336>" killed self with "rocket"
L 12/13/1999 - 22:51:02: "[R_C]NextWish<334>" say "is the output dir"
L 12/13/1999 - 22:51:05: "[R_C]NextWish<334>" say "and the awards"
L 12/13/1999 - 22:51:07: "Thanatos<317>" say "now, you might know the Perl extras more than I do, but....."
L 12/13/1999 - 22:51:07: "ThE MaTriX<336>" activated the goal "info_player_teamspawn"
L 12/13/1999 - 22:51:10: "ThE MaTriX<336>" killed "[WHC]3K<335>" with "nailgrenade"
L 12/13/1999 - 22:51:12: "[WHC]3K<335>" activated the goal "info_player_teamspawn"
L 12/13/1999 - 22:51:20: "ThE MaTriX<336>" activated the goal "Blue Flag"
L 12/13/1999 - 22:51:25: "[R_C]NextWish<334>" say "but?"
L 12/13/1999 - 22:51:29: "Drarken<318>" killed self with "pipebomb"
L 12/13/1999 - 22:51:30: "Drarken<318>" activated the goal "info_player_teamspawn"
L 12/13/1999 - 22:51:41: "[SNiF]NozeHED<333>" killed by world with "worldspawn"
L 12/13/1999 - 22:51:41: "Thanatos<317>" say "I am pretty sure I know the commands better, I have written Perl scripts for 3 years"
L 12/13/1999 - 22:51:42: "[WHC]3K<335>" killed "ThE MaTriX<336>" with "empgrenade"
L 12/13/1999 - 22:51:43: "[SNiF]NozeHED<333>" activated the goal "info_player_teamspawn"
L 12/13/1999 - 22:51:49: "sly<332>" killed "[R_C]NextWish<334>" with "rocket"
L 12/13/1999 - 22:51:49: "[SNiF]NozeHED<333>" activated the goal "Red Flag"
L 12/13/1999 - 22:51:56: "[R_C]NextWish<334>" say "yeah you prolly do"
L 12/13/1999 - 22:51:58: "Drarken<318>" activated the goal "Blue Flag"
L 12/13/1999 - 22:52:02: "[R_C]NextWish<334>" say "i' just hack at scripts"
L 12/13/1999 - 22:52:04: "Thanatos<317>" say "just an opinion that, I obviously have no proof"
L 12/13/1999 - 22:52:07: "[R_C]NextWish<334>" say "and experiekment"
L 12/13/1999 - 22:52:08: "[R_C]NextWish<334>" activated the goal "info_player_teamspawn"
L 12/13/1999 - 22:52:11: "[TC]CARNAGE<328>" killed "Drarken<318>" with "supershotgun"
L 12/13/1999 - 22:52:11: "Drarken<318>" killed "[TC]CARNAGE<328>" with "pipebomb"
L 12/13/1999 - 22:52:12: "Drarken<318>" activated the goal "info_player_teamspawn"
L 12/13/1999 - 22:52:13: "[TC]CARNAGE<328>" activated the goal "info_player_teamspawn"
L 12/13/1999 - 22:52:13: "[R_C]NextWish<334>" say "until shit works"
L 12/13/1999 - 22:52:15: "[SNiF]NozeHED<333>" activated the goal "Team 1 dropoff"
L 12/13/1999 - 22:52:22: "Drarken<318>" say "engineer bastrds"
L 12/13/1999 - 22:52:32: "[R_C]NextWish<334>" say "drarken"
L 12/13/1999 - 22:52:36: "[SNiF]NozeHED<333>" activated the goal "Red Flag"
L 12/13/1999 - 22:52:43: "[R_C]NextWish<334>" say "drarken do u  use your F1 to F12 keys?"
L 12/13/1999 - 22:52:44: "[WHC]3K<335>" say_team "i will throw our flag at the front entrance ok"
L 12/13/1999 - 22:52:49: "Drarken<318>" say "na"
L 12/13/1999 - 22:52:52: "[TC]CARNAGE<328>" killed "Drarken<318>" with "empgrenade"
L 12/13/1999 - 22:52:53: "Drarken<318>" activated the goal "info_player_teamspawn"
L 12/13/1999 - 22:52:54: "[R_C]NextWish<334>" say "would u like to?"
L 12/13/1999 - 22:52:58: "Drarken<318>" say "y"
L 12/13/1999 - 22:53:02: "[R_C]NextWish<334>" say "type this"
L 12/13/1999 - 22:53:14: "[R_C]NextWish<334>" say "bind f1 "say Bloody Scouts""
L 12/13/1999 - 22:53:21: "[SNiF]NozeHED<333>" activated the goal "Team 1 dropoff"
L 12/13/1999 - 22:53:23: "[R_C]NextWish<334>" say "that way when u wanna curse at a scout"
L 12/13/1999 - 22:53:25: "Thanatos<317>" say "farkin, now bloody"
L 12/13/1999 - 22:53:25: "Racer<329><WON:10833299>" has entered the game
L 12/13/1999 - 22:53:25: "[R_C]NextWish<334>" say "just press f1"
L 12/13/1999 - 22:53:26: "[R_C]NextWish<334>" say ":)"
L 12/13/1999 - 22:53:28: "[WHC]3K<335>" activated the goal "Red Flag"
L 12/13/1999 - 22:53:30: "[TC]CARNAGE<328>" killed "Drarken<318>" with "empgrenade"
L 12/13/1999 - 22:53:31: "ThE MaTriX<336>" say "i have em"
L 12/13/1999 - 22:53:32: "ThE MaTriX<336>" activated the goal "info_player_teamspawn"
L 12/13/1999 - 22:53:32: "Drarken<318>" activated the goal "info_player_teamspawn"
L 12/13/1999 - 22:53:32: "ThE MaTriX<336>" say_team "I'm On Defense"
L 12/13/1999 - 22:53:33: "ThE MaTriX<336>" say_team "Sentry Gun Is Installed"
L 12/13/1999 - 22:53:34: "ThE MaTriX<336>" say_team "Well Done"
L 12/13/1999 - 22:53:34: "ThE MaTriX<336>" say "Hahaahaha Eat My Mirv/Emp! :)"
L 12/13/1999 - 22:53:34: "ThE MaTriX<336>" say_team "I'm An Engineer"
L 12/13/1999 - 22:53:34: "ThE MaTriX<336>" say_team "Sentry Gun Is Installed"
L 12/13/1999 - 22:53:34: "ThE MaTriX<336>" say "Hahaahaha Eat My Mirv/Emp! :)"
L 12/13/1999 - 22:53:41: "Racer<329>" joined team "1".
L 12/13/1999 - 22:53:43: "Racer<329>" changed class to "Soldier"
L 12/13/1999 - 22:53:43: "Racer<329>" activated the goal "info_player_teamspawn"
L 12/13/1999 - 22:53:43: "Thanatos<317>" say "good god"
L 12/13/1999 - 22:53:44: "Drarken<318>" say "spam spam spam spam"
L 12/13/1999 - 22:53:46: "[R_C]NextWish<334>" say "u get the idea dont ya draken?"
L 12/13/1999 - 22:53:50: "Thanatos<317>" say "Mercenaries For Hire - http://swiftdeath.cjb.net/"
L 12/13/1999 - 22:53:56: "[TC]CARNAGE<328>" activated the goal "Red Flag"
L 12/13/1999 - 22:53:58: "[R_C]NextWish<334>" say "http://rebelcause.qgl.org "
L 12/13/1999 - 22:53:59: "Thanatos<317>" say "heh, thats old"
L 12/13/1999 - 22:54:01: "[R_C]NextWish<334>" say "0wns u"
L 12/13/1999 - 22:54:15: "[R_C]NextWish<334>" say "i love my "rchp" alias :)"
L 12/13/1999 - 22:54:18: "Drarken<318>" killed "[WHC]3K<335>" with "mirvgrenade"
L 12/13/1999 - 22:54:20: "[WHC]3K<335>" activated the goal "info_player_teamspawn"
L 12/13/1999 - 22:54:23: "[TC]CARNAGE<328>" killed "[R_C]NextWish<334>" with "empgrenade"
L 12/13/1999 - 22:54:25: "[R_C]NextWish<334>" activated the goal "info_player_teamspawn"
L 12/13/1999 - 22:54:35: "Drarken<318>" killed "[WHC]3K<335>" with "gl_grenade"
L 12/13/1999 - 22:54:36: "[WHC]3K<335>" activated the goal "info_player_teamspawn"
L 12/13/1999 - 22:54:38: "[R_C]NextWish<334>" say "thana tos wanna help do something"
L 12/13/1999 - 22:54:39: "[TC]CARNAGE<328>" killed "[THOD] Noddy<338>" with "empgrenade"
L 12/13/1999 - 22:54:40: "[THOD] Noddy<338>" activated the goal "info_player_teamspawn"
L 12/13/1999 - 22:54:46: "[WHC]3K<335>" killed "Drarken<318>" with "sentrygun"
L 12/13/1999 - 22:54:47: "[TC]CARNAGE<328>" activated the goal "Team 1 dropoff"
L 12/13/1999 - 22:54:47: "[R_C]NextWish<334>" say "make the worlds biggest emp explosion?"
L 12/13/1999 - 22:54:49: "Drarken<318>" killed "[WHC]3K<335>" with "normalgrenade"
L 12/13/1999 - 22:54:49: "Drarken<318>" activated the goal "info_player_teamspawn"
L 12/13/1999 - 22:54:50: "[WHC]3K<335>" activated the goal "info_player_teamspawn"
L 12/13/1999 - 22:54:52: "Racer<329>" changed to team "2".
L 12/13/1999 - 22:54:52: "Racer<329>" killed self with "world"
L 12/13/1999 - 22:54:54: "[WHC]3K<335>" activated the goal "Red Flag"
L 12/13/1999 - 22:54:56: "Drarken<318>" activated the goal "Blue Flag"
L 12/13/1999 - 22:54:57: "Racer<329>" activated the goal "info_player_teamspawn"
L 12/13/1999 - 22:54:59: "[SNiF]NozeHED<333>" activated the goal "Red Flag"
L 12/13/1999 - 22:55:05: "Racer<329>" changed class to "Soldier"
L 12/13/1999 - 22:55:05: "Racer<329>" activated the goal "info_player_teamspawn"
L 12/13/1999 - 22:55:15: "[SNiF]NozeHED<333>" activated the goal "Team 1 dropoff"
L 12/13/1999 - 22:55:20: "[WHC]3K<335>" activated the goal "Red Flag"
L 12/13/1999 - 22:55:21: "[TC]CARNAGE<328>" killed "Drarken<318>" with "sentrygun"
L 12/13/1999 - 22:55:22: "Drarken<318>" activated the goal "info_player_teamspawn"
L 12/13/1999 - 22:55:35: "[R_C]NextWish<334>" say "brb"
L 12/13/1999 - 22:55:35: "[TC]CARNAGE<328>" activated the goal "Red Flag"
L 12/13/1999 - 22:55:36: "[R_C]NextWish<334>" say "icq.."
L 12/13/1999 - 22:55:41: "[TSS]Alert<326><WON:11241119>" has entered the game
L 12/13/1999 - 22:55:45: "[R_C]NextWish<334>" say "back.."
L 12/13/1999 - 22:55:47: "Racer<329>" killed "[TC]CARNAGE<328>" with "rocket"
L 12/13/1999 - 22:55:48: "Drarken<318>" destroyed "[TC]CARNAGE<328>"'s "sentry".
L 12/13/1999 - 22:55:49: "[TC]CARNAGE<328>" killed "Racer<329>" with "empgrenade"
L 12/13/1999 - 22:55:49: "[TC]CARNAGE<328>" activated the goal "info_player_teamspawn"
L 12/13/1999 - 22:55:50: "Thanatos<317>" say "Recruiting? Need a substitute? http://mercnet.qgl.org/"
L 12/13/1999 - 22:55:50: "Racer<329>" activated the goal "info_player_teamspawn"
L 12/13/1999 - 22:55:50: "[TSS]Alert<326>" joined team "1".
L 12/13/1999 - 22:55:56: "[TSS]Alert<326>" changed class to "Medic"
L 12/13/1999 - 22:55:56: "[TSS]Alert<326>" activated the goal "info_player_teamspawn"
L 12/13/1999 - 22:55:58: "[R_C]NextWish<334>" say "change that to"
L 12/13/1999 - 22:56:00: "[R_C]NextWish<334>" say "need a slut?"
L 12/13/1999 - 22:56:10: "[R_C]NextWish<334>" say "use the correct terms :)"
L 12/13/1999 - 22:56:15: "Racer<329>" killed "[WHC]3K<335>" with "rocket"
L 12/13/1999 - 22:56:16: "[WHC]3K<335>" killed "Racer<329>" with "normalgrenade"
L 12/13/1999 - 22:56:16: "[WHC]3K<335>" activated the goal "info_player_teamspawn"
L 12/13/1999 - 22:56:17: "Racer<329>" activated the goal "info_player_teamspawn"
L 12/13/1999 - 22:56:21: "Thanatos<317>" say "thats a slang term actually"
L 12/13/1999 - 22:56:22: "Drarken<318>" killed "[WHC]3K<335>" with "mirvgrenade"
L 12/13/1999 - 22:56:24: "[WHC]3K<335>" activated the goal "info_player_teamspawn"
L 12/13/1999 - 22:56:26: "[R_C]NextWish<334>" say "true"
L 12/13/1999 - 22:56:27: "[THOD] Noddy<338>" killed "[SNiF]NozeHED<333>" with "ac"
L 12/13/1999 - 22:56:27: "[TC]CARNAGE<328>" killed "[R_C]NextWish<334>" with "supershotgun"
L 12/13/1999 - 22:56:30: "[SNiF]NozeHED<333>" activated the goal "info_player_teamspawn"
L 12/13/1999 - 22:56:32: "<-1>" destroyed "[WHC]3K<335>"'s "dispenser".
L 12/13/1999 - 22:56:36: "Drarken<318>" killed "[TC]CARNAGE<328>" with "mirvgrenade"
L 12/13/1999 - 22:56:36: "Thanatos<317>" say "the correct term is "player substitute""
L 12/13/1999 - 22:56:37: "[TC]CARNAGE<328>" activated the goal "info_player_teamspawn"
L 12/13/1999 - 22:56:37: "[R_C]NextWish<334>" say "but it's the offical tf slang for subsitute"
L 12/13/1999 - 22:56:38: "[TSS]Alert<326>" changed class to "Engineer"
L 12/13/1999 - 22:56:39: "Drarken<318>" killed "[WHC]3K<335>" with "mirvgrenade"
L 12/13/1999 - 22:56:40: "[WHC]3K<335>" activated the goal "info_player_teamspawn"
L 12/13/1999 - 22:56:45: "Racer<329>" killed "sly<332>" with "rocket"
L 12/13/1999 - 22:56:45: "[R_C]NextWish<334>" say "and it sounds better"
L 12/13/1999 - 22:56:45: "[R_C]NextWish<334>" activated the goal "info_player_teamspawn"
L 12/13/1999 - 22:56:46: "sly<332>" activated the goal "info_player_teamspawn"
L 12/13/1999 - 22:56:46: "[WHC]3K<335>" killed "Drarken<318>" with "sentrygun"
L 12/13/1999 - 22:56:47: "Drarken<318>" activated the goal "info_player_teamspawn"
L 12/13/1999 - 22:56:52: "[R_C]NextWish<334>" activated the goal "Blue Flag"
L 12/13/1999 - 22:56:58: "[SNiF]NozeHED<333>" activated the goal "Red Flag"
L 12/13/1999 - 22:57:01: "Drarken<318>" say "fucking sentries"
L 12/13/1999 - 22:57:01: "[TC]CARNAGE<328>" built a "sentry".
L 12/13/1999 - 22:57:05: "[R_C]NextWish<334>" say "draken"
L 12/13/1999 - 22:57:08: "[R_C]NextWish<334>" say "bind that to a key"
L 12/13/1999 - 22:57:09: "[R_C]NextWish<334>" say ":)"
L 12/13/1999 - 22:57:16: "[TC]CARNAGE<328>" killed "[R_C]NextWish<334>" with "sentrygun"
L 12/13/1999 - 22:57:18: "[R_C]NextWish<334>" activated the goal "info_player_teamspawn"
L 12/13/1999 - 22:57:21: "Racer<329>" killed by world with "worldspawn"
L 12/13/1999 - 22:57:22: "Racer<329>" activated the goal "info_player_teamspawn"
L 12/13/1999 - 22:57:25: "[SNiF]NozeHED<333>" activated the goal "Team 1 dropoff"
L 12/13/1999 - 22:57:33: "Drarken<318>" killed self with "mirvgrenade"
L 12/13/1999 - 22:57:35: "Drarken<318>" activated the goal "info_player_teamspawn"
L 12/13/1999 - 22:57:37: "Drarken<318>" killed "[SNiF]NozeHED<333>" with "mirvgrenade"
L 12/13/1999 - 22:57:40: "[SNiF]NozeHED<333>" activated the goal "info_player_teamspawn"
L 12/13/1999 - 22:57:45: "[WHC]3K<335>" built a "dispenser".
L 12/13/1999 - 22:57:48: "[TSS]Alert<326>" changed class to "Demoman"
L 12/13/1999 - 22:57:49: "[SNiF]NozeHED<333>" activated the goal "Red Flag"
L 12/13/1999 - 22:57:58: "[WHC]3K<335>" killed "[R_C]NextWish<334>" with "supershotgun"
L 12/13/1999 - 22:57:59: "[R_C]NextWish<334>" activated the goal "info_player_teamspawn"
L 12/13/1999 - 22:58:01: "[WHC]3K<335>" killed "Drarken<318>" with "sentrygun"
L 12/13/1999 - 22:58:02: "Drarken<318>" activated the goal "info_player_teamspawn"
L 12/13/1999 - 22:58:04: "Drarken<318>" destroyed "[WHC]3K<335>"'s "sentry".
L 12/13/1999 - 22:58:08: "Racer<329>" killed "sly<332>" with "rocket"
L 12/13/1999 - 22:58:13: "[SNiF]NozeHED<333>" activated the goal "Team 1 dropoff"
L 12/13/1999 - 22:58:22: "sly<332>" changed class to "Sniper"
L 12/13/1999 - 22:58:23: "sly<332>" activated the goal "info_player_teamspawn"
L 12/13/1999 - 22:58:26: "[TC]CARNAGE<328>" killed "[R_C]NextWish<334>" with "sentrygun"
L 12/13/1999 - 22:58:28: "[R_C]NextWish<334>" activated the goal "info_player_teamspawn"
L 12/13/1999 - 22:58:30: "[TSS]Alert<326>" changed class to "Engineer"
L 12/13/1999 - 22:58:31: "Racer<329>" destroyed "[TC]CARNAGE<328>"'s "sentry".
L 12/13/1999 - 22:58:37: "[WHC]3K<335>" built a "sentry".
L 12/13/1999 - 22:58:37: "[SNiF]NozeHED<333>" activated the goal "Red Flag"
L 12/13/1999 - 22:58:44: "Racer<329>" killed "[TSS]Alert<326>" with "rocket"
L 12/13/1999 - 22:58:45: "[TSS]Alert<326>" activated the goal "info_player_teamspawn"
L 12/13/1999 - 22:58:49: "[TC]CARNAGE<328>" killed "Drarken<318>" with "normalgrenade"
L 12/13/1999 - 22:58:50: "Drarken<318>" activated the goal "info_player_teamspawn"
L 12/13/1999 - 22:58:52: "Drarken<318>" say "er"
L 12/13/1999 - 22:58:53: "Drarken<318>" say "r"
L 12/13/1999 - 22:58:53: "Drarken<318>" say "rt"
L 12/13/1999 - 22:58:53: "Drarken<318>" say "r"
L 12/13/1999 - 22:58:54: "Drarken<318>" say "r"
L 12/13/1999 - 22:58:56: "[WHC]3K<335>" killed "Racer<329>" with "sentrygun"
L 12/13/1999 - 22:59:00: "Racer<329>" activated the goal "info_player_teamspawn"
L 12/13/1999 - 22:59:05: "[TC]CARNAGE<328>" built a "sentry".
L 12/13/1999 - 22:59:06: "[R_C]NextWish<334>" destroyed "[WHC]3K<335>"'s "dispenser".
L 12/13/1999 - 22:59:08: "[TC]CARNAGE<328>" killed "[R_C]NextWish<334>" with "supershotgun"
L 12/13/1999 - 22:59:09: "[R_C]NextWish<334>" activated the goal "info_player_teamspawn"
L 12/13/1999 - 22:59:11: "Drarken<318>" activated the goal "Blue Flag"
L 12/13/1999 - 22:59:12: "[THOD] Noddy<338>" killed "[SNiF]NozeHED<333>" with "ac"
L 12/13/1999 - 22:59:17: "[SNiF]NozeHED<333>" activated the goal "info_player_teamspawn"
L 12/13/1999 - 22:59:18: "[TSS]Alert<326>" built a "sentry".
L 12/13/1999 - 22:59:25: "[R_C]NextWish<334>" say "haha"
L 12/13/1999 - 22:59:28: "[R_C]NextWish<334>" say "lets play soccer"
L 12/13/1999 - 22:59:32: "Drarken<318>" killed "sly<332>" with "gl_grenade"
L 12/13/1999 - 22:59:33: "[R_C]NextWish<334>" say "use the matrix"
L 12/13/1999 - 22:59:34: "sly<332>" activated the goal "info_player_teamspawn"
L 12/13/1999 - 22:59:35: "[R_C]NextWish<334>" say "as the ball"
L 12/13/1999 - 22:59:37: "[R_C]NextWish<334>" say "since hes AFK"
L 12/13/1999 - 22:59:40: "Racer<329>" destroyed "[WHC]3K<335>"'s "sentry".
L 12/13/1999 - 22:59:41: "Racer<329>" destroyed "[TC]CARNAGE<328>"'s "dispenser".
L 12/13/1999 - 22:59:41: "[TC]CARNAGE<328>" killed "Racer<329>" with "empgrenade"
L 12/13/1999 - 22:59:43: "Racer<329>" activated the goal "info_player_teamspawn"
L 12/13/1999 - 22:59:45: "[TC]CARNAGE<328>" killed "Drarken<318>" with "sentrygun"
L 12/13/1999 - 22:59:50: "[R_C]NextWish<334>" say "up u go"
L 12/13/1999 - 22:59:50: "Drarken<318>" destroyed "[TC]CARNAGE<328>"'s "sentry".
L 12/13/1999 - 22:59:50: "[SNiF]NozeHED<333>" activated the goal "Red Flag"
L 12/13/1999 - 22:59:50: "[SNiF]NozeHED<333>" activated the goal "Team 1 dropoff"
L 12/13/1999 - 22:59:50: "Drarken<318>" destroyed "[TSS]Alert<326>"'s "sentry".
L 12/13/1999 - 23:00:00: "Drarken<318>" say "ya sentries r fucked"
L 12/13/1999 - 23:00:00: "Drarken<318>" activated the goal "info_player_teamspawn"
L 12/13/1999 - 23:00:08: "[TC]CARNAGE<328>" built a "sentry".
L 12/13/1999 - 23:00:08: "Thanatos<317>" joined team "2".
L 12/13/1999 - 23:00:09: "Thanatos<317>" changed class to "Soldier"
L 12/13/1999 - 23:00:09: "Thanatos<317>" activated the goal "info_player_teamspawn"
L 12/13/1999 - 23:00:10: "[SNiF]NozeHED<333>" activated the goal "Red Flag"
L 12/13/1999 - 23:00:12: "[WHC]3K<335>" built a "sentry".
L 12/13/1999 - 23:00:17: "[WHC]3K<335>" killed "Racer<329>" with "sentrygun"
L 12/13/1999 - 23:00:18: "[TSS]Alert<326>" built a "sentry".
L 12/13/1999 - 23:00:19: "Racer<329>" activated the goal "info_player_teamspawn"
L 12/13/1999 - 23:00:20: "Racer<329>" destroyed "[WHC]3K<335>"'s "sentry".
L 12/13/1999 - 23:00:21: "[R_C]NextWish<334>" killed self with "world"
L 12/13/1999 - 23:00:26: "[R_C]NextWish<334>" activated the goal "info_player_teamspawn"
L 12/13/1999 - 23:00:30: "Drarken<318>" killed "[TC]CARNAGE<328>" with "mirvgrenade"
L 12/13/1999 - 23:00:31: "[TC]CARNAGE<328>" activated the goal "info_player_teamspawn"
L 12/13/1999 - 23:00:32: "Drarken<318>" activated the goal "Blue Flag"
L 12/13/1999 - 23:00:37: "[WHC]3K<335>" killed "Drarken<318>" with "empgrenade"
L 12/13/1999 - 23:00:38: "Drarken<318>" activated the goal "info_player_teamspawn"
L 12/13/1999 - 23:00:39: "Drarken<318>" say "r"
L 12/13/1999 - 23:00:39: "Drarken<318>" say "r"
L 12/13/1999 - 23:00:40: "Drarken<318>" say "r"
L 12/13/1999 - 23:00:40: "Drarken<318>" say "r"
L 12/13/1999 - 23:00:41: "Drarken<318>" say "r"
L 12/13/1999 - 23:00:41: "Drarken<318>" say "r"
L 12/13/1999 - 23:00:44: "ThE MaTriX<336>" disconnected
L 12/13/1999 - 23:00:49: "Racer<329>" killed "[TSS]Alert<326>" with "rocket"
L 12/13/1999 - 23:00:50: "[TSS]Alert<326>" activated the goal "info_player_teamspawn"
L 12/13/1999 - 23:00:50: "[R_C]NextWish<334>" killed "[SNiF]NozeHED<333>" with "shotgun"
L 12/13/1999 - 23:00:50: "[WHC]3K<335>" built a "sentry".
L 12/13/1999 - 23:00:52: "Racer<329>" activated the goal "Blue Flag"
L 12/13/1999 - 23:00:53: "[SNiF]NozeHED<333>" activated the goal "info_player_teamspawn"
L 12/13/1999 - 23:00:54: "[R_C]NextWish<334>" say "heh"
L 12/13/1999 - 23:01:01: "Drarken<318>" killed self with "mirvgrenade"
L 12/13/1999 - 23:01:02: "Racer<329>" destroyed "[TC]CARNAGE<328>"'s "sentry".
L 12/13/1999 - 23:01:02: "Drarken<318>" activated the goal "info_player_teamspawn"
L 12/13/1999 - 23:01:09: "[R_C]NextWish<334>" say "brb"
L 12/13/1999 - 23:01:11: "[R_C]NextWish<334>" say "checking forums"
L 12/13/1999 - 23:01:12: "Drarken<318>" killed self with "mirvgrenade"
L 12/13/1999 - 23:01:14: "[WHC]3K<335>" killed "Racer<329>" with "sentrygun"
L 12/13/1999 - 23:01:14: "Drarken<318>" activated the goal "info_player_teamspawn"
L 12/13/1999 - 23:01:15: "Drarken<318>" killed self with "mirvgrenade"
L 12/13/1999 - 23:01:15: "Racer<329>" activated the goal "info_player_teamspawn"
L 12/13/1999 - 23:01:16: "Drarken<318>" activated the goal "info_player_teamspawn"
L 12/13/1999 - 23:01:17: "Drarken<318>" killed self with "mirvgrenade"
L 12/13/1999 - 23:01:17: "[R_C]NextWish<334>" say "leave a message at the beep"
L 12/13/1999 - 23:01:18: "Drarken<318>" activated the goal "info_player_teamspawn"
L 12/13/1999 - 23:01:22: "[R_C]NextWish<334>" say "."
L 12/13/1999 - 23:01:29: "[TC]CARNAGE<328>" built a "sentry".
L 12/13/1999 - 23:01:31: "[SNiF]NozeHED<333>" activated the goal "Red Flag"
L 12/13/1999 - 23:01:33: "[SNiF]NozeHED<333>" activated the goal "Team 1 dropoff"
L 12/13/1999 - 23:01:40: "[SNiF]NozeHED<333>" killed "[R_C]NextWish<334>" with "nails"
L 12/13/1999 - 23:01:42: "[R_C]NextWish<334>" activated the goal "info_player_teamspawn"
L 12/13/1999 - 23:01:47: "[SNiF]NozeHED<333>" killed "Thanatos<317>" with "nails"
L 12/13/1999 - 23:01:48: "[R_C]NextWish<334>" say "woo"
L 12/13/1999 - 23:01:51: "[WHC]3K<335>" killed "Drarken<318>" with "sentrygun"
L 12/13/1999 - 23:01:52: "Drarken<318>" activated the goal "info_player_teamspawn"
L 12/13/1999 - 23:01:52: "[TC]CARNAGE<328>" killed "[THOD] Noddy<338>" with "normalgrenade"
L 12/13/1999 - 23:01:53: "Drarken<318>" killed "[WHC]3K<335>" with "mirvgrenade"
L 12/13/1999 - 23:01:54: "[THOD] Noddy<338>" activated the goal "info_player_teamspawn"
L 12/13/1999 - 23:01:55: "[WHC]3K<335>" activated the goal "info_player_teamspawn"
L 12/13/1999 - 23:01:56: "Drarken<318>" destroyed "[TSS]Alert<326>"'s "sentry".
L 12/13/1999 - 23:02:04: "Racer<329>" destroyed "[WHC]3K<335>"'s "sentry".
L 12/13/1999 - 23:02:04: "[WHC]3K<335>" killed self with "sentrygun"
L 12/13/1999 - 23:02:05: "[SNiF]NozeHED<333>" activated the goal "Red Flag"
L 12/13/1999 - 23:02:05: "[WHC]3K<335>" activated the goal "info_player_teamspawn"
L 12/13/1999 - 23:02:07: "[R_C]NextWish<334>" say "any way to find out how much ram and cpu a program is using"
L 12/13/1999 - 23:02:08: "[TSS]Alert<326>" built a "sentry".
L 12/13/1999 - 23:02:11: "Racer<329>" activated the goal "Blue Flag"
L 12/13/1999 - 23:02:11: "[R_C]NextWish<334>" say "i know u can in nt"
L 12/13/1999 - 23:02:13: "[R_C]NextWish<334>" say "but 09"
L 12/13/1999 - 23:02:16: "[R_C]NextWish<334>" say "err 98"
L 12/13/1999 - 23:02:19: "Racer<329>" killed "sly<332>" with "rocket"
L 12/13/1999 - 23:02:20: "[TC]CARNAGE<328>" killed "Racer<329>" with "empgrenade"
L 12/13/1999 - 23:02:20: "Drarken<318>" killed self with "mirvgrenade"
L 12/13/1999 - 23:02:21: "sly<332>" activated the goal "info_player_teamspawn"
L 12/13/1999 - 23:02:22: "Racer<329>" activated the goal "info_player_teamspawn"
L 12/13/1999 - 23:02:23: "Drarken<318>" activated the goal "info_player_teamspawn"
L 12/13/1999 - 23:02:34: "Thanatos<317>" activated the goal "info_player_teamspawn"
L 12/13/1999 - 23:02:34: "[WHC]3K<335>" built a "sentry".
L 12/13/1999 - 23:02:46: "[R_C]NextWish<334>" say "than?"
L 12/13/1999 - 23:02:51: "Thanatos<317>" say "wot"
L 12/13/1999 - 23:02:54: "Drarken<318>" activated the goal "Blue Flag"
L 12/13/1999 - 23:02:54: "<-1>" destroyed "[TSS]Alert<326>"'s "sentry".
L 12/13/1999 - 23:02:54: "[TSS]Alert<326>" killed self with "sentrygun"
L 12/13/1999 - 23:02:55: "[TSS]Alert<326>" activated the goal "info_player_teamspawn"
L 12/13/1999 - 23:03:02: "Racer<329>" killed self with "rocket"
L 12/13/1999 - 23:03:03: "Racer<329>" activated the goal "info_player_teamspawn"
L 12/13/1999 - 23:03:04: "sly<332>" killed "[THOD] Noddy<338>" with "sniperrifle"
L 12/13/1999 - 23:03:04: "[TC]CARNAGE<328>" killed "Drarken<318>" with "sentrygun"
L 12/13/1999 - 23:03:05: "[THOD] Noddy<338>" activated the goal "info_player_teamspawn"
L 12/13/1999 - 23:03:06: "Drarken<318>" activated the goal "info_player_teamspawn"
L 12/13/1999 - 23:03:06: "Drarken<318>" say "dfte"
L 12/13/1999 - 23:03:06: "Drarken<318>" say "r"
L 12/13/1999 - 23:03:08: "Drarken<318>" say "r"
L 12/13/1999 - 23:03:10: "[THOD] Noddy<338>" changed class to "Scout"
L 12/13/1999 - 23:03:16: "[TSS]Alert<326>" built a "sentry".
L 12/13/1999 - 23:03:23: "Drarken<318>" killed self with "pipebomb"
L 12/13/1999 - 23:03:24: "Drarken<318>" activated the goal "info_player_teamspawn"
L 12/13/1999 - 23:03:30: "Drarken<318>" changed class to "Soldier"
L 12/13/1999 - 23:03:39: "Drarken<318>" killed self with "mirvgrenade"
L 12/13/1999 - 23:03:41: "Drarken<318>" activated the goal "info_player_teamspawn"
L 12/13/1999 - 23:03:41: "[SNiF]NozeHED<333>" activated the goal "Team 1 dropoff"
L 12/13/1999 - 23:03:45: "Racer<329>" killed "[TC]CARNAGE<328>" with "rocket"
L 12/13/1999 - 23:03:47: "[TC]CARNAGE<328>" activated the goal "info_player_teamspawn"
L 12/13/1999 - 23:03:48: "[TC]CARNAGE<328>" killed "Racer<329>" with "empgrenade"
L 12/13/1999 - 23:03:48: "[WHC]3K<335>" built a "dispenser".
L 12/13/1999 - 23:03:49: "Racer<329>" activated the goal "info_player_teamspawn"
L 12/13/1999 - 23:03:50: "[TC]CARNAGE<328>" killed "Thanatos<317>" with "sentrygun"
L 12/13/1999 - 23:03:51: "Thanatos<317>" activated the goal "info_player_teamspawn"
L 12/13/1999 - 23:03:56: "[TSS]Alert<326>" killed "[THOD] Noddy<338>" with "sentrygun"
L 12/13/1999 - 23:03:57: "[THOD] Noddy<338>" activated the goal "info_player_teamspawn"
L 12/13/1999 - 23:03:58: "[SNiF]NozeHED<333>" activated the goal "Red Flag"
L 12/13/1999 - 23:04:11: "[TSS]Alert<326>" say_team "wood sentry gun work"
L 12/13/1999 - 23:04:17: "[TSS]Alert<326>" say_team "good"
L 12/13/1999 - 23:04:20: "Racer<329>" killed "sly<332>" with "rocket"
L 12/13/1999 - 23:04:21: "sly<332>" activated the goal "info_player_teamspawn"
L 12/13/1999 - 23:04:21: "<-1>" destroyed "[WHC]3K<335>"'s "dispenser".
L 12/13/1999 - 23:04:21: "Thanatos<317>" destroyed "[WHC]3K<335>"'s "dispenser".
L 12/13/1999 - 23:04:22: "[TSS]Alert<326>" say_team "eheh"
L 12/13/1999 - 23:04:32: "Racer<329>" destroyed "[TC]CARNAGE<328>"'s "sentry".
L 12/13/1999 - 23:04:35: "[SNiF]NozeHED<333>" activated the goal "Team 1 dropoff"
L 12/13/1999 - 23:04:36: "Racer<329>" killed "[TC]CARNAGE<328>" with "nailgrenade"
L 12/13/1999 - 23:04:37: "[TC]CARNAGE<328>" activated the goal "info_player_teamspawn"
L 12/13/1999 - 23:04:37: "[SOQ] SAS<330>" disconnected
L 12/13/1999 - 23:04:42: "[R_C]NextWish<334>" say "nothing interesting on the forums"
L 12/13/1999 - 23:04:50: "Drarken<318>" destroyed "[WHC]3K<335>"'s "sentry".
L 12/13/1999 - 23:04:51: "Racer<329>" killed "sly<332>" with "rocket"
L 12/13/1999 - 23:04:55: "[SNiF]NozeHED<333>" killed by world with "miniturret"
L 12/13/1999 - 23:04:57: "[SNiF]NozeHED<333>" activated the goal "info_player_teamspawn"
L 12/13/1999 - 23:04:57: "[TC]CARNAGE<328>" killed "Drarken<318>" with "empgrenade"
L 12/13/1999 - 23:04:57: "sly<332>" changed class to "Scout"
L 12/13/1999 - 23:04:58: "sly<332>" activated the goal "info_player_teamspawn"
L 12/13/1999 - 23:04:58: "Drarken<318>" activated the goal "info_player_teamspawn"
L 12/13/1999 - 23:04:59: "Drarken<318>" say "r"
L 12/13/1999 - 23:05:00: "Drarken<318>" say "rt"
L 12/13/1999 - 23:05:02: "[TC]CARNAGE<328>" killed "Racer<329>" with "empgrenade"
L 12/13/1999 - 23:05:03: "[SNiF]NozeHED<333>" activated the goal "Red Flag"
L 12/13/1999 - 23:05:04: "Racer<329>" activated the goal "info_player_teamspawn"
L 12/13/1999 - 23:05:05: "Drarken<318>" killed self with "rocket"
L 12/13/1999 - 23:05:07: "Drarken<318>" activated the goal "info_player_teamspawn"
L 12/13/1999 - 23:05:08: "[TC]CARNAGE<328>" killed "[R_C]NextWish<334>" with "empgrenade"
L 12/13/1999 - 23:05:09: "[THOD] Noddy<338>" activated the goal "Blue Flag"
L 12/13/1999 - 23:05:17: "Drarken<318>" killed self with "rocket"
L 12/13/1999 - 23:05:19: "Drarken<318>" activated the goal "info_player_teamspawn"
L 12/13/1999 - 23:05:19: "[R_C]NextWish<334>" activated the goal "info_player_teamspawn"
L 12/13/1999 - 23:05:21: "Drarken<318>" killed self with "rocket"
L 12/13/1999 - 23:05:22: "Drarken<318>" activated the goal "info_player_teamspawn"
L 12/13/1999 - 23:05:25: "[TC]CARNAGE<328>" built a "sentry".
L 12/13/1999 - 23:05:26: "[WHC]3K<335>" built a "sentry".
L 12/13/1999 - 23:05:35: "Drarken<318>" killed self with "rocket"
L 12/13/1999 - 23:05:36: "Drarken<318>" activated the goal "info_player_teamspawn"
L 12/13/1999 - 23:05:38: "[TSS]Alert<326>" killed "[THOD] Noddy<338>" with "sentrygun"
L 12/13/1999 - 23:05:39: "[THOD] Noddy<338>" activated the goal "info_player_teamspawn"
L 12/13/1999 - 23:05:47: "Drarken<318>" killed self with "rocket"
L 12/13/1999 - 23:05:48: "Racer<329>" killed "[TC]CARNAGE<328>" with "rocket"
L 12/13/1999 - 23:05:49: "[WHC]3K<335>" built a "dispenser".
L 12/13/1999 - 23:05:49: "Drarken<318>" activated the goal "info_player_teamspawn"
L 12/13/1999 - 23:05:50: "[TC]CARNAGE<328>" activated the goal "info_player_teamspawn"
L 12/13/1999 - 23:05:53: "[THOD] Noddy<338>" changed class to "Soldier"
L 12/13/1999 - 23:05:55: "Racer<329>" destroyed "[TC]CARNAGE<328>"'s "sentry".
L 12/13/1999 - 23:05:56: "Drarken<318>" killed self with "rocket"
L 12/13/1999 - 23:05:57: "[TSS]Alert<326>" built a "dispenser".
L 12/13/1999 - 23:05:59: "Drarken<318>" activated the goal "info_player_teamspawn"
L 12/13/1999 - 23:06:01: "Thanatos<317>" killed self with "rocket"
L 12/13/1999 - 23:06:02: "Drarken<318>" killed self with "rocket"
L 12/13/1999 - 23:06:04: "[WHC]3K<335>" killed "Racer<329>" with "supershotgun"
L 12/13/1999 - 23:06:05: "Drarken<318>" activated the goal "info_player_teamspawn"
L 12/13/1999 - 23:06:07: "Thanatos<317>" activated the goal "info_player_teamspawn"
L 12/13/1999 - 23:06:08: "Drarken<318>" killed self with "rocket"
L 12/13/1999 - 23:06:09: "Drarken<318>" activated the goal "info_player_teamspawn"
L 12/13/1999 - 23:06:09: "[SNiF]NozeHED<333>" activated the goal "Team 1 dropoff"
L 12/13/1999 - 23:06:11: "Racer<329>" activated the goal "info_player_teamspawn"
L 12/13/1999 - 23:06:15: "sly<332>" activated the goal "Red Flag"
L 12/13/1999 - 23:06:15: "Drarken<318>" killed self with "rocket"
L 12/13/1999 - 23:06:16: "Drarken<318>" activated the goal "info_player_teamspawn"
L 12/13/1999 - 23:06:16: "[R_C]NextWish<334>" say "jeez"
L 12/13/1999 - 23:06:24: "[R_C]NextWish<334>" say "scoob is a f*'wit"
L 12/13/1999 - 23:06:26: "[R_C]NextWish<334>" say "heh"
L 12/13/1999 - 23:06:26: "Drarken<318>" killed self with "rocket"
L 12/13/1999 - 23:06:27: "Drarken<318>" activated the goal "info_player_teamspawn"
L 12/13/1999 - 23:06:27: "[SNiF]NozeHED<333>" killed "[THOD] Noddy<338>" with "nails"
L 12/13/1999 - 23:06:29: "Thanatos<317>" say "eh?"
L 12/13/1999 - 23:06:29: "[THOD] Noddy<338>" activated the goal "info_player_teamspawn"
L 12/13/1999 - 23:06:38: "[R_C]NextWish<334>" say "just re-read his post about sex and quake 3"
L 12/13/1999 - 23:06:39: "Drarken<318>" killed self with "rocket"
L 12/13/1999 - 23:06:40: "Drarken<318>" activated the goal "info_player_teamspawn"
L 12/13/1999 - 23:06:41: "[R_C]NextWish<334>" say "i just dont get it"
L 12/13/1999 - 23:06:45: "Racer<329>" killed "[TSS]Alert<326>" with "rocket"
L 12/13/1999 - 23:06:46: "[TSS]Alert<326>" activated the goal "info_player_teamspawn"
L 12/13/1999 - 23:06:47: "[R_C]NextWish<334>" say "i understand it.."
L 12/13/1999 - 23:06:48: "Drarken<318>" killed self with "rocket"
L 12/13/1999 - 23:06:49: "Thanatos<317>" activated the goal "Blue Flag"
L 12/13/1999 - 23:06:49: "Drarken<318>" activated the goal "info_player_teamspawn"
L 12/13/1999 - 23:06:50: "[TC]CARNAGE<328>" built a "sentry".
L 12/13/1999 - 23:06:51: "[THOD] Noddy<338>" killed "sly<332>" with "rocket"
L 12/13/1999 - 23:06:53: "[R_C]NextWish<334>" say "but why would u post crap like thaty"
L 12/13/1999 - 23:06:57: "Drarken<318>" killed self with "rocket"
L 12/13/1999 - 23:06:58: "Drarken<318>" activated the goal "info_player_teamspawn"
L 12/13/1999 - 23:06:59: "sly<332>" changed class to "HWGuy"
L 12/13/1999 - 23:07:00: "sly<332>" activated the goal "info_player_teamspawn"
L 12/13/1999 - 23:07:04: "Racer<329>" destroyed "[WHC]3K<335>"'s "dispenser".
L 12/13/1999 - 23:07:06: "Drarken<318>" killed self with "rocket"
L 12/13/1999 - 23:07:07: "Drarken<318>" activated the goal "info_player_teamspawn"
L 12/13/1999 - 23:07:19: "Drarken<318>" killed self with "rocket"
L 12/13/1999 - 23:07:19: "Thanatos<317>" killed "[TC]CARNAGE<328>" with "rocket"
L 12/13/1999 - 23:07:20: "Drarken<318>" activated the goal "info_player_teamspawn"
L 12/13/1999 - 23:07:21: "[TC]CARNAGE<328>" activated the goal "info_player_teamspawn"
L 12/13/1999 - 23:07:25: "[TC]CARNAGE<328>" killed "Thanatos<317>" with "sentrygun"
L 12/13/1999 - 23:07:26: "Thanatos<317>" activated the goal "info_player_teamspawn"
L 12/13/1999 - 23:07:28: "Drarken<318>" killed self with "rocket"
L 12/13/1999 - 23:07:29: "Drarken<318>" activated the goal "info_player_teamspawn"
L 12/13/1999 - 23:07:30: "Racer<329>" activated the goal "Blue Flag"
L 12/13/1999 - 23:07:32: "[R_C]NextWish<334>" say "thana have u read "My apologies to Loverat. " by Scoob?"
L 12/13/1999 - 23:07:34: "Racer<329>" killed "[TSS]Alert<326>" with "rocket"
L 12/13/1999 - 23:07:35: "[TSS]Alert<326>" activated the goal "info_player_teamspawn"
L 12/13/1999 - 23:07:35: "[WHC]3K<335>" killed "Racer<329>" with "empgrenade"
L 12/13/1999 - 23:07:36: "Drarken<318>" killed self with "rocket"
L 12/13/1999 - 23:07:37: "Racer<329>" activated the goal "info_player_teamspawn"
L 12/13/1999 - 23:07:37: "[R_C]NextWish<334>" say "jeez"
L 12/13/1999 - 23:07:38: "Drarken<318>" activated the goal "info_player_teamspawn"
L 12/13/1999 - 23:07:43: =------= MATCH RESULTS =------=
L 12/13/1999 - 23:07:43: "blue" defeated "red" 
L 12/13/1999 - 23:07:43: "blue" RESULTS: "5" players. "296" frags, "5" unaccounted for. "240" team score. Allies:
L 12/13/1999 - 23:07:43: "red" RESULTS: "5" players. "41" frags, "5" unaccounted for. "40" team score. Allies:
L 12/13/1999 - 23:07:43: "Drarken<318>" killed self with "rocket"
L 12/13/1999 - 23:07:47: "[WHC]3K<335>" say "vgg"
L 12/13/1999 - 23:07:48: "[TC]CARNAGE<328>" say "vgg"
L 12/13/1999 - 23:07:49: Log closed.
