L 12/13/1999 - 22:34:18: Log file started.
L 12/13/1999 - 22:34:18: Spawning server "Betrayed"
L 12/13/1999 - 22:34:18: server cvars start
L 12/13/1999 - 22:34:18: "cr_random" = "0"
L 12/13/1999 - 22:34:18: "cr_engineer" = "0"
L 12/13/1999 - 22:34:18: "cr_spy" = "0"
L 12/13/1999 - 22:34:18: "cr_pyro" = "0"
L 12/13/1999 - 22:34:18: "cr_hwguy" = "0"
L 12/13/1999 - 22:34:18: "cr_medic" = "0"
L 12/13/1999 - 22:34:18: "cr_demoman" = "0"
L 12/13/1999 - 22:34:18: "cr_soldier" = "0"
L 12/13/1999 - 22:34:18: "cr_sniper" = "0"
L 12/13/1999 - 22:34:18: "cr_scout" = "0"
L 12/13/1999 - 22:34:18: "decalfrequency" = "30"
L 12/13/1999 - 22:34:18: "mp_autocrosshair" = "1"
L 12/13/1999 - 22:34:18: "mp_flashlight" = "1"
L 12/13/1999 - 22:34:18: "mp_footsteps" = "0"
L 12/13/1999 - 22:34:18: "mp_forcerespawn" = "0"
L 12/13/1999 - 22:34:18: "mp_weaponstay" = "0"
L 12/13/1999 - 22:34:18: "mp_falldamage" = "1"
L 12/13/1999 - 22:34:18: "mp_friendlyfire" = "1"
L 12/13/1999 - 22:34:18: "mp_timelimit" = "30"
L 12/13/1999 - 22:34:18: "mp_fraglimit" = "0"
L 12/13/1999 - 22:34:18: "mp_teamplay" = "21"
L 12/13/1999 - 22:34:18: "tfc_balance_scores" = "1.0"
L 12/13/1999 - 22:34:18: "tfc_balance_teams" = "1.0"
L 12/13/1999 - 22:34:18: "tfc_adminpwd" = ""
L 12/13/1999 - 22:34:18: "tfc_clanbattle_locked" = "0.0"
L 12/13/1999 - 22:34:18: "tfc_clanbattle" = "0.0"
L 12/13/1999 - 22:34:18: "tfc_respawndelay" = "0.0"
L 12/13/1999 - 22:34:18: "tfc_autoteam" = "0"
L 12/13/1999 - 22:34:18: "sv_maxrate" = "5000"
L 12/13/1999 - 22:34:18: "sv_minrate" = "0"
L 12/13/1999 - 22:34:18: "sv_allowupload" = "1"
L 12/13/1999 - 22:34:18: "sv_allowdownload" = "1"
L 12/13/1999 - 22:34:18: "sv_upload_maxsize" = "4096"
L 12/13/1999 - 22:34:18: "sv_spectatormaxspeed" = "500"
L 12/13/1999 - 22:34:18: "sv_spectalk" = "1"
L 12/13/1999 - 22:34:18: "sv_maxspectators" = "8"
L 12/13/1999 - 22:34:18: "sv_cheats" = "0"
L 12/13/1999 - 22:34:18: "sv_clienttrace" = "3.5"
L 12/13/1999 - 22:34:18: "sv_timeout" = "65"
L 12/13/1999 - 22:34:18: "sv_waterfriction" = "1"
L 12/13/1999 - 22:34:18: "sv_wateraccelerate" = "10"
L 12/13/1999 - 22:34:18: "sv_airaccelerate" = "10"
L 12/13/1999 - 22:34:18: "sv_airmove" = "1"
L 12/13/1999 - 22:34:18: "sv_bounce" = "1"
L 12/13/1999 - 22:34:18: "sv_clipmode" = "0"
L 12/13/1999 - 22:34:18: "sv_stepsize" = "18"
L 12/13/1999 - 22:34:18: "sv_accelerate" = "10"
L 12/13/1999 - 22:34:18: "sv_maxspeed" = "500.000000"
L 12/13/1999 - 22:34:18: "sv_stopspeed" = "100"
L 12/13/1999 - 22:34:18: "edgefriction" = "2"
L 12/13/1999 - 22:34:18: "sv_friction" = "6"
L 12/13/1999 - 22:34:18: "sv_gravity" = "800"
L 12/13/1999 - 22:34:18: "sv_aim" = "0"
L 12/13/1999 - 22:34:18: "sv_password" = ""
L 12/13/1999 - 22:34:18: "pausable" = "0"
L 12/13/1999 - 22:34:18: "coop" = "0"
L 12/13/1999 - 22:34:18: "deathmatch" = "3"
L 12/13/1999 - 22:34:18: "mp_logecho" = "1"
L 12/13/1999 - 22:34:18: "mp_logfile" = "0"
L 12/13/1999 - 22:34:18: "cmdline" = "0"
L 12/13/1999 - 22:34:18: server cvars end
L 12/13/1999 - 22:34:20: Map CRC "-664752638"
L 12/13/1999 - 22:34:20: "sv_maxspeed" = "270"
L 12/13/1999 - 22:34:20: Server name is "WP TFC Server 2"
L 12/13/1999 - 22:34:20: "sv_maxspeed" = "500.000000"
L 12/13/1999 - 22:34:36: "[SOQ] SAS<330><WON:11727829>" has entered the game
L 12/13/1999 - 22:34:40: "[TC]CARNAGE<328><WON:11210499>" has entered the game
L 12/13/1999 - 22:34:40: "Racer<329><WON:10833299>" has entered the game
L 12/13/1999 - 22:34:43: "[TC]CARNAGE<328>" joined team "2".
L 12/13/1999 - 22:34:47: "[TC]CARNAGE<328>" changed class to "Medic"
L 12/13/1999 - 22:34:47: "[TC]CARNAGE<328>" activated the goal "info_player_teamspawn"
L 12/13/1999 - 22:34:47: "[TC]CARNAGE<328>" activated the goal "bodyguard spawn_resupply"
L 12/13/1999 - 22:34:48: "Racer<329>" joined team "3".
L 12/13/1999 - 22:34:48: "[THOD] Noddy<331><WON:11238229>" has entered the game
L 12/13/1999 - 22:34:49: "Racer<329>" changed class to "Sniper"
L 12/13/1999 - 22:34:49: "Racer<329>" activated the goal "info_player_teamspawn"
L 12/13/1999 - 22:34:49: "Racer<329>" activated the goal "assassin spawn_resupply"
L 12/13/1999 - 22:34:49: "[SOQ] SAS<330>" say "ughhh this map BLOWS"
L 12/13/1999 - 22:34:53: "[TC]CARNAGE<328>" say "yep"
L 12/13/1999 - 22:34:59: "Whiskey<332><WON:10880859>" connected, address "24.192.47.35:27005"
L 12/13/1999 - 22:35:00: "[TSS]Alert<326><WON:11241119>" has entered the game
L 12/13/1999 - 22:35:02: "Drarken<318><WON:10805219>" has entered the game
L 12/13/1999 - 22:35:05: "Thanatos<317><WON:45249>" has entered the game
L 12/13/1999 - 22:35:11: "Drarken<318>" say "oh no"
L 12/13/1999 - 22:35:15: "whiskey<332><WON:10880859>" has entered the game
L 12/13/1999 - 22:35:18: "[TSS]Alert<326>" say "wtf is this map!"
L 12/13/1999 - 22:35:19: "[SNif]_Nozehed<333><WON:52899>" connected, address "24.192.85.45:27005"
L 12/13/1999 - 22:35:20: "whiskey<332>" changed name to "sly<332>"
L 12/13/1999 - 22:35:30: "Thanatos<317>" say "who the hell wrote this cycle?"
L 12/13/1999 - 22:35:31: "sly<332>" joined team "2".
L 12/13/1999 - 22:35:34: "sly<332>" changed class to "Soldier"
L 12/13/1999 - 22:35:34: "sly<332>" activated the goal "info_player_teamspawn"
L 12/13/1999 - 22:35:34: "sly<332>" activated the goal "bodyguard spawn_resupply"
L 12/13/1999 - 22:35:35: "[SNiF]NozeHED<333><WON:52899>" has entered the game
L 12/13/1999 - 22:35:35: "[TSS]Alert<326>" say "what do you have 2 do"
L 12/13/1999 - 22:35:36: "[TC]CARNAGE<328>" killed "Racer<329>" with "normalgrenade"
L 12/13/1999 - 22:35:38: "[SNiF]NozeHED<333>" joined team "1".
L 12/13/1999 - 22:35:38: "[SNiF]NozeHED<333>" changed class to "Civilian"
L 12/13/1999 - 22:35:38: "[SNiF]NozeHED<333>" activated the goal "info_player_teamspawn"
L 12/13/1999 - 22:35:38: "[SNiF]NozeHED<333>" activated the goal "The Hunted's Notepad"
L 12/13/1999 - 22:35:40: "Racer<329>" activated the goal "info_player_teamspawn"
L 12/13/1999 - 22:35:40: "Racer<329>" activated the goal "assassin spawn_resupply"
L 12/13/1999 - 22:35:40: "[R_C]NextWish<334><WON:10680129>" connected, address "24.192.50.16:27005"
L 12/13/1999 - 22:35:40: "[TSS]Alert<326>" joined team "2".
L 12/13/1999 - 22:35:45: "[TSS]Alert<326>" changed class to "Medic"
L 12/13/1999 - 22:35:45: "[TSS]Alert<326>" activated the goal "info_player_teamspawn"
L 12/13/1999 - 22:35:45: "[TSS]Alert<326>" activated the goal "bodyguard spawn_resupply"
L 12/13/1999 - 22:35:46: Broadcast: "Fifteen seconds remaining!"
L 12/13/1999 - 22:35:51: Broadcast: "10 seconds"
L 12/13/1999 - 22:35:52: "Drarken<318>" say "nows a good time to flog my sisters bottle of whiskey"
L 12/13/1999 - 22:35:53: "[SOQ] SAS<330>" say "work your magic thana"
L 12/13/1999 - 22:35:57: Broadcast: "<<5>>"
L 12/13/1999 - 22:35:57: Broadcast: "<<4>>"
L 12/13/1999 - 22:35:58: "[THOD] Noddy<331>" joined team "3".
L 12/13/1999 - 22:35:59: Broadcast: "<<3>>"
L 12/13/1999 - 22:36:00: Broadcast: "<<2>>"
L 12/13/1999 - 22:36:00: "[THOD] Noddy<331>" changed class to "Sniper"
L 12/13/1999 - 22:36:00: "[THOD] Noddy<331>" activated the goal "info_player_teamspawn"
L 12/13/1999 - 22:36:00: "[THOD] Noddy<331>" activated the goal "assassin spawn_resupply"
L 12/13/1999 - 22:36:00: Broadcast: "<<1>>"
L 12/13/1999 - 22:36:02: Broadcast: "<<<BEGIN>>>"
L 12/13/1999 - 22:36:05: "[R_C]NextWish<334><WON:10680129>" has entered the game
L 12/13/1999 - 22:36:11: "[R_C]NextWish<334>" say "ohh no"
L 12/13/1999 - 22:36:13: "[R_C]NextWish<334>" say "change map"
L 12/13/1999 - 22:36:16: "[R_C]NextWish<334>" say "!!"
L 12/13/1999 - 22:36:18: "[R_C]NextWish<334>" say "forever"
L 12/13/1999 - 22:36:18: "sly<332>" killed self with "rocket"
L 12/13/1999 - 22:36:18: "sly<332>" killed "Racer<329>" with "rocket"
L 12/13/1999 - 22:36:19: "Racer<329>" activated the goal "info_player_teamspawn"
L 12/13/1999 - 22:36:19: "Racer<329>" activated the goal "assassin spawn_resupply"
L 12/13/1999 - 22:36:24: "sly<332>" activated the goal "info_player_teamspawn"
L 12/13/1999 - 22:36:24: "sly<332>" activated the goal "bodyguard spawn_resupply"
L 12/13/1999 - 22:36:25: Broadcast: "The Dictator has reached the City Gates!
 
L 12/13/1999 - 22:36:26: "[SOQ] SAS<330>" say "cmon lets fuck this map off"
L 12/13/1999 - 22:36:27: "[WHC]3K<335><WON:10732939>" connected, address "139.134.255.36:27005"
L 12/13/1999 - 22:36:29: "Thanatos<317>" say "you have your log tests now, I am going to disable it"
L 12/13/1999 - 22:36:37: "[TC]CARNAGE<328>" say "yes change maps"
L 12/13/1999 - 22:36:37: "[R_C]NextWish<334>" say "nooo"
L 12/13/1999 - 22:36:38: "Drarken<318>" say "torch"
L 12/13/1999 - 22:36:40: "[R_C]NextWish<334>" say "dont plz :)"
L 12/13/1999 - 22:36:43: "[TSS]Alert<326>" say "change maps!"
L 12/13/1999 - 22:36:45: "[SOQ] SAS<330>" say "torch??"
L 12/13/1999 - 22:36:48: "[WHC]3K<335><WON:10732939>" has entered the game
L 12/13/1999 - 22:36:49: "Thanatos<317>" say "you are lucky its on in the first place. WP admin disagree"
L 12/13/1999 - 22:36:52: "Racer<329>" killed "[SNiF]NozeHED<333>" with "nails"
L 12/13/1999 - 22:36:52: Broadcast: "The Dictator has DIED!"
L 12/13/1999 - 22:36:52: "sly<332>" activated the goal "info_player_teamspawn"
L 12/13/1999 - 22:36:52: "sly<332>" activated the goal "bodyguard spawn_resupply"
L 12/13/1999 - 22:36:52: "Racer<329>" activated the goal "info_player_teamspawn"
L 12/13/1999 - 22:36:52: "Racer<329>" activated the goal "assassin spawn_resupply"
L 12/13/1999 - 22:36:52: "[TC]CARNAGE<328>" activated the goal "info_player_teamspawn"
L 12/13/1999 - 22:36:52: "[TC]CARNAGE<328>" activated the goal "bodyguard spawn_resupply"
L 12/13/1999 - 22:36:52: "[TSS]Alert<326>" activated the goal "info_player_teamspawn"
L 12/13/1999 - 22:36:52: "[TSS]Alert<326>" activated the goal "bodyguard spawn_resupply"
L 12/13/1999 - 22:36:52: "[THOD] Noddy<331>" activated the goal "info_player_teamspawn"
L 12/13/1999 - 22:36:52: "[THOD] Noddy<331>" activated the goal "assassin spawn_resupply"
L 12/13/1999 - 22:37:02: "[SOQ] SAS<330>" say "what about torch daraken?"
L 12/13/1999 - 22:37:03: "[R_C]NextWish<334>" say "dude.."
L 12/13/1999 - 22:37:03: "[SNiF]NozeHED<333>" activated the goal "info_player_teamspawn"
L 12/13/1999 - 22:37:03: "[SNiF]NozeHED<333>" activated the goal "The Hunted's Notepad"
L 12/13/1999 - 22:37:06: "[WHC]3K<335>" say "change level"
L 12/13/1999 - 22:37:09: "[R_C]NextWish<334>" say "can i have about 10 maps of it"
L 12/13/1999 - 22:37:12: "Drarken<318>" say "map torch"
L 12/13/1999 - 22:37:16: "[SOQ] SAS<330>" say "ahh"
L 12/13/1999 - 22:37:16: "[R_C]NextWish<334>" say "it would be nice for stats.."
L 12/13/1999 - 22:37:18: "Racer<329>" killed "[SNiF]NozeHED<333>" with "sniperrifle"
L 12/13/1999 - 22:37:18: "[TC]CARNAGE<328>" killed "Racer<329>" with "normalgrenade"
L 12/13/1999 - 22:37:18: Broadcast: "The Dictator has DIED!"
L 12/13/1999 - 22:37:18: "sly<332>" activated the goal "info_player_teamspawn"
L 12/13/1999 - 22:37:18: "sly<332>" activated the goal "bodyguard spawn_resupply"
L 12/13/1999 - 22:37:18: "[TC]CARNAGE<328>" activated the goal "info_player_teamspawn"
L 12/13/1999 - 22:37:18: "[TC]CARNAGE<328>" activated the goal "bodyguard spawn_resupply"
L 12/13/1999 - 22:37:18: "[TSS]Alert<326>" activated the goal "info_player_teamspawn"
L 12/13/1999 - 22:37:18: "[TSS]Alert<326>" activated the goal "bodyguard spawn_resupply"
L 12/13/1999 - 22:37:18: "[THOD] Noddy<331>" activated the goal "info_player_teamspawn"
L 12/13/1999 - 22:37:18: "[THOD] Noddy<331>" activated the goal "assassin spawn_resupply"
L 12/13/1999 - 22:37:19: "[SNiF]NozeHED<333>" activated the goal "info_player_teamspawn"
L 12/13/1999 - 22:37:19: "[SNiF]NozeHED<333>" activated the goal "The Hunted's Notepad"
L 12/13/1999 - 22:37:20: "Racer<329>" activated the goal "info_player_teamspawn"
L 12/13/1999 - 22:37:20: "Racer<329>" activated the goal "assassin spawn_resupply"
L 12/13/1999 - 22:37:21: "Thanatos<317>" say "everyone wants torch then?"
L 12/13/1999 - 22:37:23: "[WHC]3K<335>" joined team "2".
L 12/13/1999 - 22:37:25: "[R_C]NextWish<334>" say "thats fine.."
L 12/13/1999 - 22:37:31: "[WHC]3K<335>" changed class to "Medic"
L 12/13/1999 - 22:37:31: "[WHC]3K<335>" activated the goal "info_player_teamspawn"
L 12/13/1999 - 22:37:31: "[WHC]3K<335>" activated the goal "bodyguard spawn_resupply"
L 12/13/1999 - 22:37:38: "Thanatos<317>" say "heh heh, ok torch it is"
L 12/13/1999 - 22:37:43: Rcon from "24.192.44.165:27005":"(rcon "rur4l153" "changelevel" "torch")"
L 12/13/1999 - 22:37:43: "[R_C]NextWish<334>" disconnected
L 12/13/1999 - 22:37:43: "sly<332>" disconnected
L 12/13/1999 - 22:37:43: "Thanatos<317>" disconnected
L 12/13/1999 - 22:37:43: "Racer<329>" disconnected
L 12/13/1999 - 22:37:43: "[SOQ] SAS<330>" disconnected
L 12/13/1999 - 22:37:43: "Drarken<318>" disconnected
L 12/13/1999 - 22:37:43: "[TC]CARNAGE<328>" disconnected
L 12/13/1999 - 22:37:43: "[TSS]Alert<326>" disconnected
L 12/13/1999 - 22:37:43: "[THOD] Noddy<331>" disconnected
L 12/13/1999 - 22:37:43: "[SNiF]NozeHED<333>" disconnected
L 12/13/1999 - 22:37:43: "[WHC]3K<335>" disconnected
L 12/13/1999 - 22:37:43: Log closed.
